This is pdfTeX, Version 3.14159265-2.6-1.40.21 (MiKTeX 20.7) (preloaded format=pdflatex 2020.8.4)  4 MAR 2021 12:28
entering extended mode
**./optoelectronic_intelligence__with_colors.tex
(optoelectronic_intelligence__with_colors.tex
LaTeX2e <2020-02-02> patch level 5
L3 programming layer <2020-07-17>
(C:\Users\jeffr\AppData\Local\Programs\MiKTeX\tex/latex/base\article.cls
Document Class: article 2019/12/20 v1.4l Standard LaTeX document class
(C:\Users\jeffr\AppData\Local\Programs\MiKTeX\tex/latex/base\size10.clo
File: size10.clo 2019/12/20 v1.4l Standard LaTeX file (size option)
)
\c@part=\count168
\c@section=\count169
\c@subsection=\count170
\c@subsubsection=\count171
\c@paragraph=\count172
\c@subparagraph=\count173
\c@figure=\count174
\c@table=\count175
\abovecaptionskip=\skip47
\belowcaptionskip=\skip48
\bibindent=\dimen134
)
(C:\Users\jeffr\AppData\Local\Programs\MiKTeX\tex/latex/geometry\geometry.sty
Package: geometry 2020/01/02 v5.9 Page Geometry

(C:\Users\jeffr\AppData\Local\Programs\MiKTeX\tex/latex/graphics\keyval.sty
Package: keyval 2014/10/28 v1.15 key=value parser (DPC)
\KV@toks@=\toks15
)
(C:\Users\jeffr\AppData\Local\Programs\MiKTeX\tex/generic/iftex\ifvtex.sty
Package: ifvtex 2019/10/25 v1.7 ifvtex legacy package. Use iftex instead.

(C:\Users\jeffr\AppData\Local\Programs\MiKTeX\tex/generic/iftex\iftex.sty
Package: iftex 2020/03/06 v1.0d TeX engine tests
))
\Gm@cnth=\count176
\Gm@cntv=\count177
\c@Gm@tempcnt=\count178
\Gm@bindingoffset=\dimen135
\Gm@wd@mp=\dimen136
\Gm@odd@mp=\dimen137
\Gm@even@mp=\dimen138
\Gm@layoutwidth=\dimen139
\Gm@layoutheight=\dimen140
\Gm@layouthoffset=\dimen141
\Gm@layoutvoffset=\dimen142
\Gm@dimlist=\toks16

(C:\Users\jeffr\AppData\Local\Programs\MiKTeX\tex/latex/geometry\geometry.cfg))
(C:\Users\jeffr\AppData\Local\Programs\MiKTeX\tex/latex/cite\cite.sty
LaTeX Info: Redefining \cite on input line 302.
LaTeX Info: Redefining \nocite on input line 332.
Package: cite 2015/02/27  v 5.5
)
(C:\Users\jeffr\AppData\Local\Programs\MiKTeX\tex/latex/caption\caption.sty
Package: caption 2020/05/30 v3.4k Customizing captions (AR)

(C:\Users\jeffr\AppData\Local\Programs\MiKTeX\tex/latex/caption\caption3.sty
Package: caption3 2020/07/20 v1.12b caption3 kernel (AR)
Package caption3 Info: TeX engine: e-TeX on input line 61.
\captionmargin=\dimen143
\captionmargin@=\dimen144
\captionwidth=\dimen145
\caption@tempdima=\dimen146
\caption@indent=\dimen147
\caption@parindent=\dimen148
\caption@hangindent=\dimen149
Package caption Info: Standard document class detected.
)
\c@caption@flags=\count179
\c@continuedfloat=\count180
)
(C:\Users\jeffr\AppData\Local\Programs\MiKTeX\tex/latex/graphics\graphicx.sty
Package: graphicx 2019/11/30 v1.2a Enhanced LaTeX Graphics (DPC,SPQR)

(C:\Users\jeffr\AppData\Local\Programs\MiKTeX\tex/latex/graphics\graphics.sty
Package: graphics 2019/11/30 v1.4a Standard LaTeX Graphics (DPC,SPQR)

(C:\Users\jeffr\AppData\Local\Programs\MiKTeX\tex/latex/graphics\trig.sty
Package: trig 2016/01/03 v1.10 sin cos tan (DPC)
)
(C:\Users\jeffr\AppData\Local\Programs\MiKTeX\tex/latex/graphics-cfg\graphics.c
fg
File: graphics.cfg 2016/06/04 v1.11 sample graphics configuration
)
Package graphics Info: Driver file: pdftex.def on input line 105.

(C:\Users\jeffr\AppData\Local\Programs\MiKTeX\tex/latex/graphics-def\pdftex.def
File: pdftex.def 2018/01/08 v1.0l Graphics/color driver for pdftex
))
\Gin@req@height=\dimen150
\Gin@req@width=\dimen151
) (C:\Users\jeffr\AppData\Local\Programs\MiKTeX\tex/latex/amsmath\amsmath.sty
Package: amsmath 2020/01/20 v2.17e AMS math features
\@mathmargin=\skip49
For additional information on amsmath, use the `?' option.
(C:\Users\jeffr\AppData\Local\Programs\MiKTeX\tex/latex/amsmath\amstext.sty
Package: amstext 2000/06/29 v2.01 AMS text

(C:\Users\jeffr\AppData\Local\Programs\MiKTeX\tex/latex/amsmath\amsgen.sty
File: amsgen.sty 1999/11/30 v2.0 generic functions
\@emptytoks=\toks17
\ex@=\dimen152
))
(C:\Users\jeffr\AppData\Local\Programs\MiKTeX\tex/latex/amsmath\amsbsy.sty
Package: amsbsy 1999/11/29 v1.2d Bold Symbols
\pmbraise@=\dimen153
)
(C:\Users\jeffr\AppData\Local\Programs\MiKTeX\tex/latex/amsmath\amsopn.sty
Package: amsopn 2016/03/08 v2.02 operator names
)
\inf@bad=\count181
LaTeX Info: Redefining \frac on input line 227.
\uproot@=\count182
\leftroot@=\count183
LaTeX Info: Redefining \overline on input line 389.
\classnum@=\count184
\DOTSCASE@=\count185
LaTeX Info: Redefining \ldots on input line 486.
LaTeX Info: Redefining \dots on input line 489.
LaTeX Info: Redefining \cdots on input line 610.
\Mathstrutbox@=\box45
\strutbox@=\box46
\big@size=\dimen154
LaTeX Font Info:    Redeclaring font encoding OML on input line 733.
LaTeX Font Info:    Redeclaring font encoding OMS on input line 734.
\macc@depth=\count186
\c@MaxMatrixCols=\count187
\dotsspace@=\muskip16
\c@parentequation=\count188
\dspbrk@lvl=\count189
\tag@help=\toks18
\row@=\count190
\column@=\count191
\maxfields@=\count192
\andhelp@=\toks19
\eqnshift@=\dimen155
\alignsep@=\dimen156
\tagshift@=\dimen157
\tagwidth@=\dimen158
\totwidth@=\dimen159
\lineht@=\dimen160
\@envbody=\toks20
\multlinegap=\skip50
\multlinetaggap=\skip51
\mathdisplay@stack=\toks21
LaTeX Info: Redefining \[ on input line 2859.
LaTeX Info: Redefining \] on input line 2860.
)
(C:\Users\jeffr\AppData\Local\Programs\MiKTeX\tex/latex/amsfonts\amssymb.sty
Package: amssymb 2013/01/14 v3.01 AMS font symbols

(C:\Users\jeffr\AppData\Local\Programs\MiKTeX\tex/latex/amsfonts\amsfonts.sty
Package: amsfonts 2013/01/14 v3.01 Basic AMSFonts support
\symAMSa=\mathgroup4
\symAMSb=\mathgroup5
LaTeX Font Info:    Redeclaring math symbol \hbar on input line 98.
LaTeX Font Info:    Overwriting math alphabet `\mathfrak' in version `bold'
(Font)                  U/euf/m/n --> U/euf/b/n on input line 106.
)) (C:\Users\jeffr\AppData\Local\Programs\MiKTeX\tex/latex/base\textcomp.sty
Package: textcomp 2020/02/02 v2.0n Standard LaTeX package
)
(C:\Users\jeffr\AppData\Local\Programs\MiKTeX\tex/latex/lm\lmodern.sty
Package: lmodern 2009/10/30 v1.6 Latin Modern Fonts
LaTeX Font Info:    Overwriting symbol font `operators' in version `normal'
(Font)                  OT1/cmr/m/n --> OT1/lmr/m/n on input line 22.
LaTeX Font Info:    Overwriting symbol font `letters' in version `normal'
(Font)                  OML/cmm/m/it --> OML/lmm/m/it on input line 23.
LaTeX Font Info:    Overwriting symbol font `symbols' in version `normal'
(Font)                  OMS/cmsy/m/n --> OMS/lmsy/m/n on input line 24.
LaTeX Font Info:    Overwriting symbol font `largesymbols' in version `normal'
(Font)                  OMX/cmex/m/n --> OMX/lmex/m/n on input line 25.
LaTeX Font Info:    Overwriting symbol font `operators' in version `bold'
(Font)                  OT1/cmr/bx/n --> OT1/lmr/bx/n on input line 26.
LaTeX Font Info:    Overwriting symbol font `letters' in version `bold'
(Font)                  OML/cmm/b/it --> OML/lmm/b/it on input line 27.
LaTeX Font Info:    Overwriting symbol font `symbols' in version `bold'
(Font)                  OMS/cmsy/b/n --> OMS/lmsy/b/n on input line 28.
LaTeX Font Info:    Overwriting symbol font `largesymbols' in version `bold'
(Font)                  OMX/cmex/m/n --> OMX/lmex/m/n on input line 29.
LaTeX Font Info:    Overwriting math alphabet `\mathbf' in version `normal'
(Font)                  OT1/cmr/bx/n --> OT1/lmr/bx/n on input line 31.
LaTeX Font Info:    Overwriting math alphabet `\mathsf' in version `normal'
(Font)                  OT1/cmss/m/n --> OT1/lmss/m/n on input line 32.
LaTeX Font Info:    Overwriting math alphabet `\mathit' in version `normal'
(Font)                  OT1/cmr/m/it --> OT1/lmr/m/it on input line 33.
LaTeX Font Info:    Overwriting math alphabet `\mathtt' in version `normal'
(Font)                  OT1/cmtt/m/n --> OT1/lmtt/m/n on input line 34.
LaTeX Font Info:    Overwriting math alphabet `\mathbf' in version `bold'
(Font)                  OT1/cmr/bx/n --> OT1/lmr/bx/n on input line 35.
LaTeX Font Info:    Overwriting math alphabet `\mathsf' in version `bold'
(Font)                  OT1/cmss/bx/n --> OT1/lmss/bx/n on input line 36.
LaTeX Font Info:    Overwriting math alphabet `\mathit' in version `bold'
(Font)                  OT1/cmr/bx/it --> OT1/lmr/bx/it on input line 37.
LaTeX Font Info:    Overwriting math alphabet `\mathtt' in version `bold'
(Font)                  OT1/cmtt/m/n --> OT1/lmtt/m/n on input line 38.
)
(C:\Users\jeffr\AppData\Local\Programs\MiKTeX\tex/latex/xcolor\xcolor.sty
Package: xcolor 2016/05/11 v2.12 LaTeX color extensions (UK)

(C:\Users\jeffr\AppData\Local\Programs\MiKTeX\tex/latex/graphics-cfg\color.cfg
File: color.cfg 2016/01/02 v1.6 sample color configuration
)
Package xcolor Info: Driver file: pdftex.def on input line 225.
Package xcolor Info: Model `cmy' substituted by `cmy0' on input line 1348.
Package xcolor Info: Model `hsb' substituted by `rgb' on input line 1352.
Package xcolor Info: Model `RGB' extended on input line 1364.
Package xcolor Info: Model `HTML' substituted by `rgb' on input line 1366.
Package xcolor Info: Model `Hsb' substituted by `hsb' on input line 1367.
Package xcolor Info: Model `tHsb' substituted by `hsb' on input line 1368.
Package xcolor Info: Model `HSB' substituted by `hsb' on input line 1369.
Package xcolor Info: Model `Gray' substituted by `gray' on input line 1370.
Package xcolor Info: Model `wave' substituted by `hsb' on input line 1371.
(C:\Users\jeffr\AppData\Local\Programs\MiKTeX\tex/latex/graphics\dvipsnam.def
File: dvipsnam.def 2016/06/17 v3.0m Driver-dependent file (DPC,SPQR)
)) (C:\Users\jeffr\AppData\Local\Programs\MiKTeX\tex/latex/wrapfig\wrapfig.sty
\wrapoverhang=\dimen161
\WF@size=\dimen162
\c@WF@wrappedlines=\count193
\WF@box=\box47
\WF@everypar=\toks22
Package: wrapfig 2003/01/31  v 3.6
)
(C:\Users\jeffr\AppData\Local\Programs\MiKTeX\tex/latex/l3backend\l3backend-pdf
mode.def
File: l3backend-pdfmode.def 2020-06-29 L3 backend support: PDF mode
\l__kernel_color_stack_int=\count194
\l__pdf_internal_box=\box48
) (optoelectronic_intelligence__with_colors.aux)
\openout1 = `optoelectronic_intelligence__with_colors.aux'.

LaTeX Font Info:    Checking defaults for OML/cmm/m/it on input line 18.
LaTeX Font Info:    ... okay on input line 18.
LaTeX Font Info:    Checking defaults for OMS/cmsy/m/n on input line 18.
LaTeX Font Info:    ... okay on input line 18.
LaTeX Font Info:    Checking defaults for OT1/cmr/m/n on input line 18.
LaTeX Font Info:    ... okay on input line 18.
LaTeX Font Info:    Checking defaults for T1/cmr/m/n on input line 18.
LaTeX Font Info:    ... okay on input line 18.
LaTeX Font Info:    Checking defaults for TS1/cmr/m/n on input line 18.
LaTeX Font Info:    ... okay on input line 18.
LaTeX Font Info:    Checking defaults for OMX/cmex/m/n on input line 18.
LaTeX Font Info:    ... okay on input line 18.
LaTeX Font Info:    Checking defaults for U/cmr/m/n on input line 18.
LaTeX Font Info:    ... okay on input line 18.
LaTeX Font Info:    Trying to load font information for OT1+lmr on input line 1
8.

(C:\Users\jeffr\AppData\Local\Programs\MiKTeX\tex/latex/lm\ot1lmr.fd
File: ot1lmr.fd 2009/10/30 v1.6 Font defs for Latin Modern
)
*geometry* driver: auto-detecting
*geometry* detected driver: pdftex
*geometry* verbose mode - [ preamble ] result:
* driver: pdftex
* paper: <default>
* layout: <same size as paper>
* layoutoffset:(h,v)=(0.0pt,0.0pt)
* modes: 
* h-part:(L,W,R)=(51.0727pt, 512.1496pt, 51.07271pt)
* v-part:(T,H,B)=(44.84152pt, 682.86613pt, 67.26233pt)
* \paperwidth=614.295pt
* \paperheight=794.96999pt
* \textwidth=512.1496pt
* \textheight=682.86613pt
* \oddsidemargin=-21.1973pt
* \evensidemargin=-21.1973pt
* \topmargin=-64.42847pt
* \headheight=12.0pt
* \headsep=25.0pt
* \topskip=10.0pt
* \footskip=30.0pt
* \marginparwidth=4.0pt
* \marginparsep=10.0pt
* \columnsep=10.0pt
* \skip\footins=9.0pt plus 4.0pt minus 2.0pt
* \hoffset=0.0pt
* \voffset=0.0pt
* \mag=1000
* \@twocolumntrue
* \@twosidefalse
* \@mparswitchfalse
* \@reversemarginfalse
* (1in=72.27pt=25.4mm, 1cm=28.453pt)

Package caption Info: Begin \AtBeginDocument code.
Package caption Info: wrapfig package is loaded.
Package caption Info: End \AtBeginDocument code.

(C:\Users\jeffr\AppData\Local\Programs\MiKTeX\tex/context/base/mkii\supp-pdf.mk
ii
[Loading MPS to PDF converter (version 2006.09.02).]
\scratchcounter=\count195
\scratchdimen=\dimen163
\scratchbox=\box49
\nofMPsegments=\count196
\nofMParguments=\count197
\everyMPshowfont=\toks23
\MPscratchCnt=\count198
\MPscratchDim=\dimen164
\MPnumerator=\count199
\makeMPintoPDFobject=\count266
\everyMPtoPDFconversion=\toks24
)
(C:\Users\jeffr\AppData\Local\Programs\MiKTeX\tex/latex/epstopdf-pkg\epstopdf-b
ase.sty
Package: epstopdf-base 2020-01-24 v2.11 Base part for package epstopdf
Package epstopdf-base Info: Redefining graphics rule for `.eps' on input line 4
85.
) [1{C:/Users/jeffr/AppData/Local/MiKTeX/pdftex/config/pdftex.map}


]

pdfTeX warning: pdflatex (file ./path_length.pdf): PDF inclusion: found PDF ver
sion <1.7>, but at most version <1.5> allowed
<path_length.pdf, id=12, 244.69318pt x 145.54274pt>
File: path_length.pdf Graphic file (type pdf)
<use path_length.pdf>
Package pdftex.def Info: path_length.pdf  used on input line 53.
(pdftex.def)             Requested size: 244.69386pt x 145.54459pt.
LaTeX Font Info:    Trying to load font information for OML+lmm on input line 5
4.
(C:\Users\jeffr\AppData\Local\Programs\MiKTeX\tex/latex/lm\omllmm.fd
File: omllmm.fd 2009/10/30 v1.6 Font defs for Latin Modern
)
LaTeX Font Info:    Trying to load font information for OMS+lmsy on input line 
54.

(C:\Users\jeffr\AppData\Local\Programs\MiKTeX\tex/latex/lm\omslmsy.fd
File: omslmsy.fd 2009/10/30 v1.6 Font defs for Latin Modern
)
LaTeX Font Info:    Trying to load font information for OMX+lmex on input line 
54.

(C:\Users\jeffr\AppData\Local\Programs\MiKTeX\tex/latex/lm\omxlmex.fd
File: omxlmex.fd 2009/10/30 v1.6 Font defs for Latin Modern
)
LaTeX Font Info:    External font `lmex10' loaded for size
(Font)              <10> on input line 54.
LaTeX Font Info:    External font `lmex10' loaded for size
(Font)              <7> on input line 54.
LaTeX Font Info:    External font `lmex10' loaded for size
(Font)              <5> on input line 54.
LaTeX Font Info:    Trying to load font information for U+msa on input line 54.


(C:\Users\jeffr\AppData\Local\Programs\MiKTeX\tex/latex/amsfonts\umsa.fd
File: umsa.fd 2013/01/14 v3.01 AMS symbols A
)
LaTeX Font Info:    Trying to load font information for U+msb on input line 54.


(C:\Users\jeffr\AppData\Local\Programs\MiKTeX\tex/latex/amsfonts\umsb.fd
File: umsb.fd 2013/01/14 v3.01 AMS symbols B
)

pdfTeX warning: pdflatex (file ./complexity_across_scales.pdf): PDF inclusion: 
found PDF version <1.6>, but at most version <1.5> allowed
<complexity_across_scales.pdf, id=13, 2091.815pt x 1080.035pt>
File: complexity_across_scales.pdf Graphic file (type pdf)
<use complexity_across_scales.pdf>
Package pdftex.def Info: complexity_across_scales.pdf  used on input line 61.
(pdftex.def)             Requested size: 500.76868pt x 258.55449pt.
LaTeX Font Info:    Trying to load font information for TS1+lmr on input line 6
2.
(C:\Users\jeffr\AppData\Local\Programs\MiKTeX\tex/latex/lm\ts1lmr.fd
File: ts1lmr.fd 2009/10/30 v1.6 Font defs for Latin Modern
) [2 <./path_length.pdf>]
Underfull \vbox (badness 10000) has occurred while \output is active []

 [3 <./complexity_across_scales.pdf>]
LaTeX Font Info:    Trying to load font information for OT1+lmss on input line 
72.

(C:\Users\jeffr\AppData\Local\Programs\MiKTeX\tex/latex/lm\ot1lmss.fd
File: ot1lmss.fd 2009/10/30 v1.6 Font defs for Latin Modern
)

pdfTeX warning: pdflatex (file ./block_diagrams.pdf): PDF inclusion: found PDF 
version <1.7>, but at most version <1.5> allowed
<block_diagrams.pdf, id=44, 244.69417pt x 428.2449pt>
File: block_diagrams.pdf Graphic file (type pdf)
<use block_diagrams.pdf>
Package pdftex.def Info: block_diagrams.pdf  used on input line 74.
(pdftex.def)             Requested size: 244.69386pt x 428.25038pt.


pdfTeX warning: pdflatex (file ./spd_jj_synapse.pdf): PDF inclusion: found PDF 
version <1.7>, but at most version <1.5> allowed
<spd_jj_synapse.pdf, id=45, 244.69318pt x 127.51941pt>
File: spd_jj_synapse.pdf Graphic file (type pdf)
<use spd_jj_synapse.pdf>
Package pdftex.def Info: spd_jj_synapse.pdf  used on input line 83.
(pdftex.def)             Requested size: 244.69386pt x 127.52103pt.

Underfull \vbox (badness 4416) has occurred while \output is active []

 [4 <./block_diagrams.pdf>]
Underfull \vbox (badness 5403) has occurred while \output is active []



pdfTeX warning: pdflatex (file ./experimental.pdf): PDF inclusion: found PDF ve
rsion <1.6>, but at most version <1.5> allowed
<experimental.pdf, id=75, 2003.485pt x 985.6825pt>
File: experimental.pdf Graphic file (type pdf)
<use experimental.pdf>
Package pdftex.def Info: experimental.pdf  used on input line 90.
(pdftex.def)             Requested size: 489.38731pt x 240.76486pt.
[5 <./spd_jj_synapse.pdf>]
Underfull \hbox (badness 1127) in paragraph at lines 99--99
[][]\OT1/lmr/bx/n/14.4 The land-scape of re-search in
 []


Underfull \hbox (badness 1281) in paragraph at lines 99--99
\OT1/lmr/bx/n/14.4 pho-tonic and su-per-con-duct-ing
 []

[6 <./experimental.pdf>] [7]
Underfull \hbox (badness 6893) in paragraph at lines 118--118
[]\OT1/lmr/bx/n/12 Superconducting elec-tronic neu-ral
 []


Underfull \hbox (badness 1609) in paragraph at lines 119--120
\OT1/lmr/m/n/10 duct-ing cir-cuits lever-age the non-lin-ear prop-er-ties of
 []

[8] [9]

pdfTeX warning: pdflatex (file ./nodes_on_wafer.pdf): PDF inclusion: found PDF 
version <1.7>, but at most version <1.5> allowed
<nodes_on_wafer.pdf, id=147, 244.69318pt x 140.37946pt>
File: nodes_on_wafer.pdf Graphic file (type pdf)
<use nodes_on_wafer.pdf>
Package pdftex.def Info: nodes_on_wafer.pdf  used on input line 148.
(pdftex.def)             Requested size: 244.69386pt x 140.38124pt.


pdfTeX warning: pdflatex (file ./spatial_hierarchy.pdf): PDF inclusion: found P
DF version <1.6>, but at most version <1.5> allowed
<spatial_hierarchy.pdf, id=148, 2003.485pt x 1365.1pt>
File: spatial_hierarchy.pdf Graphic file (type pdf)
<use spatial_hierarchy.pdf>
Package pdftex.def Info: spatial_hierarchy.pdf  used on input line 154.
(pdftex.def)             Requested size: 500.76868pt x 341.19084pt.

Underfull \vbox (badness 1796) has occurred while \output is active []

 [10 <./nodes_on_wafer.pdf>]
Underfull \vbox (badness 10000) has occurred while \output is active []

 [11 <./spatial_hierarchy.pdf>] [12] (optoelectronic_intelligence__with_colors.
bbl
Underfull \hbox (badness 1616) in paragraph at lines 88--93
\OT1/lmr/m/it/10 Trans. Neu-ral Net-works and Learn-ing Sys-tems\OT1/lmr/m/n/10
 ,
 []

[13]
Underfull \hbox (badness 2735) in paragraph at lines 122--127
\OT1/lmr/m/n/10 diodes waveguide-integrated with su-per-con-duct-
 []


Underfull \hbox (badness 1057) in paragraph at lines 226--229
[]\OT1/lmr/m/n/10 H. Markram, W. Ger-st-ner, and P.J. Sjostrom.
 []

[14]
Underfull \hbox (badness 3039) in paragraph at lines 281--286
\OT1/lmr/m/n/10 S. Khan, R.P. Mirin, S.W. Nam, and J.M.
 []


Underfull \hbox (badness 1112) in paragraph at lines 333--339
\OT1/lmr/m/n/10 A. van Schaik, R. Etienne-Cummings, T. Del-
 []


Underfull \hbox (badness 1924) in paragraph at lines 399--403
[]\OT1/lmr/m/n/10 Y. Shen, N.C. Har-ris, S. Skirlo, M. Prabhu,
 []

[15]
Underfull \hbox (badness 5578) in paragraph at lines 405--410
[]\OT1/lmr/m/n/10 K. Van-doorne, P. Mechet, T. Van Vaeren-
 []


Underfull \hbox (badness 1270) in paragraph at lines 405--410
\OT1/lmr/m/n/10 bergh, M. Fiers, G. Mor-thier, D. Ver-straeten,
 []


Underfull \hbox (badness 10000) in paragraph at lines 460--463
[]\OT1/lmr/m/n/10 K. Van-doorne, J. Dambre, D. Ver-straeten,
 []


Underfull \hbox (badness 10000) in paragraph at lines 477--480
[]\OT1/lmr/m/n/10 D. Brun-ner, B. Penkovsky, B.A. Mar-quez,
 []


Underfull \hbox (badness 3838) in paragraph at lines 522--527
[]\OT1/lmr/m/n/10 M.L. Schnei-der, C.A. Don-nelly, S.E. Russek,
 []

[16]
Underfull \hbox (badness 2452) in paragraph at lines 575--579
[]\OT1/lmr/m/n/10 V.B. Verma, F. Mar-sili, S. Har-ring-ton, A.E.
 []


Underfull \hbox (badness 1661) in paragraph at lines 575--579
\OT1/lmr/m/n/10 Lita, R.P. Mirin, and S.W. Nam.  A three-
 []


Underfull \hbox (badness 6173) in paragraph at lines 588--593
\OT1/lmr/m/n/10 F. China, M. Hi-daka, Y. Ya-manashi, and
 []


Underfull \hbox (badness 7379) in paragraph at lines 588--593
\OT1/lmr/m/n/10 N. Yoshikawa.  Three-dimensional adi-a-batic
 []

) [17] (optoelectronic_intelligence__with_colors.aux) ) 
Here is how much of TeX's memory you used:
 4982 strings out of 481225
 75109 string characters out of 2906175
 335550 words of memory out of 3000000
 20484 multiletter control sequences out of 15000+200000
 589164 words of font info for 59 fonts, out of 3000000 for 9000
 1141 hyphenation exceptions out of 8191
 38i,8n,43p,2342b,372s stack positions out of 5000i,500n,10000p,200000b,50000s
{C:/Users/jeffr/AppData/
Local/Programs/MiKTeX/fonts/enc/dvips/lm/lm-rm.enc}{C:/Users/jeffr/AppData/Loca
l/Programs/MiKTeX/fonts/enc/dvips/lm/lm-mathsy.enc}{C:/Users/jeffr/AppData/Loca
l/Programs/MiKTeX/fonts/enc/dvips/lm/lm-ts1.enc}{C:/Users/jeffr/AppData/Local/P
rograms/MiKTeX/fonts/enc/dvips/lm/lm-mathit.enc}<C:/Users/jeffr/AppData/Local/P
rograms/MiKTeX/fonts/type1/public/lm/lmbx12.pfb><C:/Users/jeffr/AppData/Local/P
rograms/MiKTeX/fonts/type1/public/lm/lmbx9.pfb><C:/Users/jeffr/AppData/Local/Pr
ograms/MiKTeX/fonts/type1/public/lm/lmmi10.pfb><C:/Users/jeffr/AppData/Local/Pr
ograms/MiKTeX/fonts/type1/public/lm/lmr10.pfb><C:/Users/jeffr/AppData/Local/Pro
grams/MiKTeX/fonts/type1/public/lm/lmr12.pfb><C:/Users/jeffr/AppData/Local/Prog
rams/MiKTeX/fonts/type1/public/lm/lmr17.pfb><C:/Users/jeffr/AppData/Local/Progr
ams/MiKTeX/fonts/type1/public/lm/lmr7.pfb><C:/Users/jeffr/AppData/Local/Program
s/MiKTeX/fonts/type1/public/lm/lmr9.pfb><C:/Users/jeffr/AppData/Local/Programs/
MiKTeX/fonts/type1/public/lm/lmri10.pfb><C:/Users/jeffr/AppData/Local/Programs/
MiKTeX/fonts/type1/public/lm/lmri9.pfb><C:/Users/jeffr/AppData/Local/Programs/M
iKTeX/fonts/type1/public/lm/lmss10.pfb><C:/Users/jeffr/AppData/Local/Programs/M
iKTeX/fonts/type1/public/lm/lmss8.pfb><C:/Users/jeffr/AppData/Local/Programs/Mi
KTeX/fonts/type1/public/lm/lmsy10.pfb><C:/Users/jeffr/AppData/Local/Programs/Mi
KTeX/fonts/type1/public/lm/lmsy7.pfb>
Output written on optoelectronic_intelligence__with_colors.pdf (17 pages, 19938
94 bytes).
PDF statistics:
 244 PDF objects out of 1000 (max. 8388607)
 0 named destinations out of 1000 (max. 500000)
 36 words of extra memory for PDF output out of 10000 (max. 10000000)

