This is pdfTeX, Version 3.1415926-2.4-1.40.13 (MiKTeX 2.9 64-bit) (preloaded format=pdflatex 2013.3.13)  11 JUL 2019 14:52
entering extended mode
**loop_neurons.tex

(C:\Users\jms4\Documents\GitHub\light_in_neural_systems\jap__loop_neurons\third
_jap_submission__proofs\loop_neurons.tex
LaTeX2e <2011/06/27>
Babel <v3.8m> and hyphenation patterns for english, afrikaans, ancientgreek, ar
abic, armenian, assamese, basque, bengali, bokmal, bulgarian, catalan, coptic, 
croatian, czech, danish, dutch, esperanto, estonian, farsi, finnish, french, ga
lician, german, german-x-2012-05-30, greek, gujarati, hindi, hungarian, iceland
ic, indonesian, interlingua, irish, italian, kannada, kurmanji, latin, latvian,
 lithuanian, malayalam, marathi, mongolian, mongolianlmc, monogreek, ngerman, n
german-x-2012-05-30, nynorsk, oriya, panjabi, pinyin, polish, portuguese, roman
ian, russian, sanskrit, serbian, slovak, slovenian, spanish, swedish, swissgerm
an, tamil, telugu, turkish, turkmen, ukenglish, ukrainian, uppersorbian, usengl
ishmax, welsh, loaded.
(C:\Users\jms4\AppData\Roaming\MiKTeX\2.9\tex\latex\revtex\revtex4-1.cls
Document Class: revtex4-1 2010/07/25/20:33:00 4.1r (http://publish.aps.org/revt
ex4/ for documentation)
 Copyright (c) 2009 The American Physical Society.
 mailto:revtex@aps.org
 Licensed under the LPPL:
http://www.ctan.org/tex-archive/macros/latex/base/lppl.txt
 Arthur Ogawa <arthur_ogawa at sbcglobal dot net>
 Based on work by David Carlisle <david at dcarlisle.demon.co.uk>.
ltxutil[2010/07/25/20:33:00 4.1r utilities package (portions licensed from W. E
. Baxter web at superscript.com)]
LaTeX Info: Redefining \@centercr on input line 308.
Class revtex4-1 Info: Repairing broken LaTeX eqnarray on input line 358.
\eqncolsep=\skip41
Class revtex4-1 Info: Repairing hyperref-unfriendly LaTeX definition of \mpfoot
note on input line 433.
Class revtex4-1 Info: Repairing broken LateX \@sect on input line 755.
\intertabularlinepenalty=\count79
\@tbpen=\count80
\@arstrutbox@hline=\box26
Class revtex4-1 Info: Repairing broken LaTeX \@xbitor on input line 1786.
Class revtex4-1 Info: Making \typeout \long on input line 2046.
ltxfront[2010/07/25/20:33:00 4.1r frontmatter package (AO,DPC)]
\c@affil=\count81
\c@collab=\count82
\absbox=\box27
ltxgrid[2010/07/25/20:33:00 4.1r page grid package (portions licensed from W. E
. Baxter web at superscript.com)]
\c@linecount=\count83
\output@latex=\toks14
\box@size@1=\box28
\box@size@2=\box29
\@protection@box=\box30
\@topmark@saved=\toks15
\footins@saved=\box31
\footins@recovered=\box32
\column@recovered=\box33
\pagesofar=\box34
\footsofar=\box35
\pagegrid@col=\count84
Class revtex4-1 Info: Overriding \@vspace, \@vspacer, \@no@pgbk, \@newline, and
 \\  on input line 5578.
\c@part=\count85
\c@section=\count86
\c@subsection=\count87
\c@subsubsection=\count88
\c@paragraph=\count89
\c@subparagraph=\count90
\abovecaptionskip=\skip42
\belowcaptionskip=\skip43
\c@figure=\count91
\fbox@1=\box36
\c@table=\count92
\fbox@2=\box37
\c@video=\count93
\fbox@4=\box38
\@bibdataout=\write3
\widetext@top=\box39
\widetext@bot=\box40
Class revtex4-1 Info: Selecting society aip on input line 7542.
(C:\Users\jms4\AppData\Roaming\MiKTeX\2.9\tex\latex\revtex\aip4-1.rtx
File: aip4-1.rtx 2010/07/25 4.1r AIP substyle for REVTeX
Class revtex4-1 Info: RevTeX society AIP selected on input line 67.
)

Class revtex4-1 Warning: No journal specified, using default cha.

Using journal substyle cha.
Class revtex4-1 Info: Reading file aps10pt4-1.rtx on input line 7547.
(C:\Users\jms4\AppData\Roaming\MiKTeX\2.9\tex\latex\revtex\aps10pt4-1.rtx
File: aps10pt4-1 2010/07/25/20:33:00 4.1r (http://publish.aps.org/revtex4/ for 
documentation)
Class revtex4-1 Info: RevTeX pointsize 10pt selected on input line 30.
)
Class revtex4-1 Info: Overriding 10pt on input line 7547.

(C:\Users\jms4\AppData\Roaming\MiKTeX\2.9\tex\latex\textcase\textcase.sty
Package: textcase 2004/10/07 v0.07 Text only upper/lower case changing (DPC)
)
("C:\Program Files\MiKTeX 2.9\tex\latex\amsfonts\amssymb.sty"
Package: amssymb 2013/01/14 v3.01 AMS font symbols

("C:\Program Files\MiKTeX 2.9\tex\latex\amsfonts\amsfonts.sty"
Package: amsfonts 2013/01/14 v3.01 Basic AMSFonts support
\@emptytoks=\toks16
\symAMSa=\mathgroup4
\symAMSb=\mathgroup5
LaTeX Font Info:    Overwriting math alphabet `\mathfrak' in version `bold'
(Font)                  U/euf/m/n --> U/euf/b/n on input line 106.
))
("C:\Program Files\MiKTeX 2.9\tex\latex\amsmath\amsmath.sty"
Package: amsmath 2013/01/14 v2.14 AMS math features
\@mathmargin=\skip44

For additional information on amsmath, use the `?' option.
("C:\Program Files\MiKTeX 2.9\tex\latex\amsmath\amstext.sty"
Package: amstext 2000/06/29 v2.01

("C:\Program Files\MiKTeX 2.9\tex\latex\amsmath\amsgen.sty"
File: amsgen.sty 1999/11/30 v2.0
\@emptytoks=\toks17
\ex@=\dimen102
)
LaTeX Info: Redefining \text on input line 39.
)
("C:\Program Files\MiKTeX 2.9\tex\latex\amsmath\amsbsy.sty"
Package: amsbsy 1999/11/29 v1.2d
\pmbraise@=\dimen103
)
("C:\Program Files\MiKTeX 2.9\tex\latex\amsmath\amsopn.sty"
Package: amsopn 1999/12/14 v2.01 operator names
)
\inf@bad=\count94
LaTeX Info: Redefining \frac on input line 210.
\uproot@=\count95
\leftroot@=\count96
LaTeX Info: Redefining \overline on input line 306.
\classnum@=\count97
\DOTSCASE@=\count98
LaTeX Info: Redefining \ldots on input line 378.
LaTeX Info: Redefining \dots on input line 381.
LaTeX Info: Redefining \cdots on input line 466.
\Mathstrutbox@=\box41
\strutbox@=\box42
\big@size=\dimen104
LaTeX Font Info:    Redeclaring font encoding OML on input line 566.
LaTeX Font Info:    Redeclaring font encoding OMS on input line 567.
\macc@depth=\count99
\c@MaxMatrixCols=\count100
\dotsspace@=\muskip10
\c@parentequation=\count101
\dspbrk@lvl=\count102
\tag@help=\toks18
\row@=\count103
\column@=\count104
\maxfields@=\count105
\andhelp@=\toks19
\eqnshift@=\dimen105
\alignsep@=\dimen106
\tagshift@=\dimen107
\tagwidth@=\dimen108
\totwidth@=\dimen109
\lineht@=\dimen110
\@envbody=\toks20
\multlinegap=\skip45
\multlinetaggap=\skip46
\mathdisplay@stack=\toks21
LaTeX Info: Redefining \[ on input line 2665.
LaTeX Info: Redefining \] on input line 2666.
)
("C:\Program Files\MiKTeX 2.9\tex\latex\ltxmisc\url.sty"
\Urlmuskip=\muskip11
Package: url 2006/04/12  ver 3.3  Verb mode for urls, etc.
)
(C:\Users\jms4\AppData\Roaming\MiKTeX\2.9\tex\latex\natbib\natbib.sty
Package: natbib 2010/09/13 8.31b (PWD, AO)
\bibhang=\skip47
\bibsep=\skip48
LaTeX Info: Redefining \cite on input line 694.
\c@NAT@ctr=\count106
)
Class revtex4-1 Info: Repairing natbib's \BibitemShut on input line 7549.

(C:\Users\jms4\AppData\Roaming\MiKTeX\2.9\tex\latex\revtex\revsymb4-1.sty
Package: revsymb4-1 2010/07/25/20:33:00 4.1r (http://publish.aps.org/revtex4/ f
or documentation)
LaTeX Info: Redefining \frak on input line 95.
LaTeX Info: Redefining \Bbb on input line 111.
LaTeX Info: Redefining \REV@mathfrak on input line 119.
))
("C:\Program Files\MiKTeX 2.9\tex\latex\geometry\geometry.sty"
Package: geometry 2010/09/12 v5.6 Page Geometry

("C:\Program Files\MiKTeX 2.9\tex\latex\graphics\keyval.sty"
Package: keyval 1999/03/16 v1.13 key=value parser (DPC)
\KV@toks@=\toks22
)
("C:\Program Files\MiKTeX 2.9\tex\generic\oberdiek\ifpdf.sty"
Package: ifpdf 2011/01/30 v2.3 Provides the ifpdf switch (HO)
Package ifpdf Info: pdfTeX in PDF mode is detected.
)
("C:\Program Files\MiKTeX 2.9\tex\generic\oberdiek\ifvtex.sty"
Package: ifvtex 2010/03/01 v1.5 Detect VTeX and its facilities (HO)
Package ifvtex Info: VTeX not detected.
)
("C:\Program Files\MiKTeX 2.9\tex\generic\ifxetex\ifxetex.sty"
Package: ifxetex 2010/09/12 v0.6 Provides ifxetex conditional
)
\Gm@cnth=\count107
\Gm@cntv=\count108
\c@Gm@tempcnt=\count109
\Gm@bindingoffset=\dimen111
\Gm@wd@mp=\dimen112
\Gm@odd@mp=\dimen113
\Gm@even@mp=\dimen114
\Gm@layoutwidth=\dimen115
\Gm@layoutheight=\dimen116
\Gm@layouthoffset=\dimen117
\Gm@layoutvoffset=\dimen118
\Gm@dimlist=\toks23

("C:\Program Files\MiKTeX 2.9\tex\latex\geometry\geometry.cfg"))
("C:\Program Files\MiKTeX 2.9\tex\latex\graphics\graphicx.sty"
Package: graphicx 1999/02/16 v1.0f Enhanced LaTeX Graphics (DPC,SPQR)

("C:\Program Files\MiKTeX 2.9\tex\latex\graphics\graphics.sty"
Package: graphics 2009/02/05 v1.0o Standard LaTeX Graphics (DPC,SPQR)

("C:\Program Files\MiKTeX 2.9\tex\latex\graphics\trig.sty"
Package: trig 1999/03/16 v1.09 sin cos tan (DPC)
)
("C:\Program Files\MiKTeX 2.9\tex\latex\00miktex\graphics.cfg"
File: graphics.cfg 2007/01/18 v1.5 graphics configuration of teTeX/TeXLive
)
Package graphics Info: Driver file: pdftex.def on input line 91.

("C:\Program Files\MiKTeX 2.9\tex\latex\pdftex-def\pdftex.def"
File: pdftex.def 2011/05/27 v0.06d Graphics/color for pdfTeX

("C:\Program Files\MiKTeX 2.9\tex\generic\oberdiek\infwarerr.sty"
Package: infwarerr 2010/04/08 v1.3 Providing info/warning/error messages (HO)
)
("C:\Program Files\MiKTeX 2.9\tex\generic\oberdiek\ltxcmds.sty"
Package: ltxcmds 2011/11/09 v1.22 LaTeX kernel commands for general use (HO)
)
\Gread@gobject=\count110
))
\Gin@req@height=\dimen119
\Gin@req@width=\dimen120
)
("C:\Program Files\MiKTeX 2.9\tex\latex\base\textcomp.sty"
Package: textcomp 2005/09/27 v1.99g Standard LaTeX package
Package textcomp Info: Sub-encoding information:
(textcomp)               5 = only ISO-Adobe without \textcurrency
(textcomp)               4 = 5 + \texteuro
(textcomp)               3 = 4 + \textohm
(textcomp)               2 = 3 + \textestimated + \textcurrency
(textcomp)               1 = TS1 - \textcircled - \t
(textcomp)               0 = TS1 (full)
(textcomp)             Font families with sub-encoding setting implement
(textcomp)             only a restricted character set as indicated.
(textcomp)             Family '?' is the default used for unknown fonts.
(textcomp)             See the documentation for details.
Package textcomp Info: Setting ? sub-encoding to TS1/1 on input line 71.

("C:\Program Files\MiKTeX 2.9\tex\latex\base\ts1enc.def"
File: ts1enc.def 2001/06/05 v3.0e (jk/car/fm) Standard LaTeX file
)
LaTeX Info: Redefining \oldstylenums on input line 266.
Package textcomp Info: Setting cmr sub-encoding to TS1/0 on input line 281.
Package textcomp Info: Setting cmss sub-encoding to TS1/0 on input line 282.
Package textcomp Info: Setting cmtt sub-encoding to TS1/0 on input line 283.
Package textcomp Info: Setting cmvtt sub-encoding to TS1/0 on input line 284.
Package textcomp Info: Setting cmbr sub-encoding to TS1/0 on input line 285.
Package textcomp Info: Setting cmtl sub-encoding to TS1/0 on input line 286.
Package textcomp Info: Setting ccr sub-encoding to TS1/0 on input line 287.
Package textcomp Info: Setting ptm sub-encoding to TS1/4 on input line 288.
Package textcomp Info: Setting pcr sub-encoding to TS1/4 on input line 289.
Package textcomp Info: Setting phv sub-encoding to TS1/4 on input line 290.
Package textcomp Info: Setting ppl sub-encoding to TS1/3 on input line 291.
Package textcomp Info: Setting pag sub-encoding to TS1/4 on input line 292.
Package textcomp Info: Setting pbk sub-encoding to TS1/4 on input line 293.
Package textcomp Info: Setting pnc sub-encoding to TS1/4 on input line 294.
Package textcomp Info: Setting pzc sub-encoding to TS1/4 on input line 295.
Package textcomp Info: Setting bch sub-encoding to TS1/4 on input line 296.
Package textcomp Info: Setting put sub-encoding to TS1/5 on input line 297.
Package textcomp Info: Setting uag sub-encoding to TS1/5 on input line 298.
Package textcomp Info: Setting ugq sub-encoding to TS1/5 on input line 299.
Package textcomp Info: Setting ul8 sub-encoding to TS1/4 on input line 300.
Package textcomp Info: Setting ul9 sub-encoding to TS1/4 on input line 301.
Package textcomp Info: Setting augie sub-encoding to TS1/5 on input line 302.
Package textcomp Info: Setting dayrom sub-encoding to TS1/3 on input line 303.
Package textcomp Info: Setting dayroms sub-encoding to TS1/3 on input line 304.

Package textcomp Info: Setting pxr sub-encoding to TS1/0 on input line 305.
Package textcomp Info: Setting pxss sub-encoding to TS1/0 on input line 306.
Package textcomp Info: Setting pxtt sub-encoding to TS1/0 on input line 307.
Package textcomp Info: Setting txr sub-encoding to TS1/0 on input line 308.
Package textcomp Info: Setting txss sub-encoding to TS1/0 on input line 309.
Package textcomp Info: Setting txtt sub-encoding to TS1/0 on input line 310.
Package textcomp Info: Setting lmr sub-encoding to TS1/0 on input line 311.
Package textcomp Info: Setting lmdh sub-encoding to TS1/0 on input line 312.
Package textcomp Info: Setting lmss sub-encoding to TS1/0 on input line 313.
Package textcomp Info: Setting lmssq sub-encoding to TS1/0 on input line 314.
Package textcomp Info: Setting lmvtt sub-encoding to TS1/0 on input line 315.
Package textcomp Info: Setting qhv sub-encoding to TS1/0 on input line 316.
Package textcomp Info: Setting qag sub-encoding to TS1/0 on input line 317.
Package textcomp Info: Setting qbk sub-encoding to TS1/0 on input line 318.
Package textcomp Info: Setting qcr sub-encoding to TS1/0 on input line 319.
Package textcomp Info: Setting qcs sub-encoding to TS1/0 on input line 320.
Package textcomp Info: Setting qpl sub-encoding to TS1/0 on input line 321.
Package textcomp Info: Setting qtm sub-encoding to TS1/0 on input line 322.
Package textcomp Info: Setting qzc sub-encoding to TS1/0 on input line 323.
Package textcomp Info: Setting qhvc sub-encoding to TS1/0 on input line 324.
Package textcomp Info: Setting futs sub-encoding to TS1/4 on input line 325.
Package textcomp Info: Setting futx sub-encoding to TS1/4 on input line 326.
Package textcomp Info: Setting futj sub-encoding to TS1/4 on input line 327.
Package textcomp Info: Setting hlh sub-encoding to TS1/3 on input line 328.
Package textcomp Info: Setting hls sub-encoding to TS1/3 on input line 329.
Package textcomp Info: Setting hlst sub-encoding to TS1/3 on input line 330.
Package textcomp Info: Setting hlct sub-encoding to TS1/5 on input line 331.
Package textcomp Info: Setting hlx sub-encoding to TS1/5 on input line 332.
Package textcomp Info: Setting hlce sub-encoding to TS1/5 on input line 333.
Package textcomp Info: Setting hlcn sub-encoding to TS1/5 on input line 334.
Package textcomp Info: Setting hlcw sub-encoding to TS1/5 on input line 335.
Package textcomp Info: Setting hlcf sub-encoding to TS1/5 on input line 336.
Package textcomp Info: Setting pplx sub-encoding to TS1/3 on input line 337.
Package textcomp Info: Setting pplj sub-encoding to TS1/3 on input line 338.
Package textcomp Info: Setting ptmx sub-encoding to TS1/4 on input line 339.
Package textcomp Info: Setting ptmj sub-encoding to TS1/4 on input line 340.
)
("C:\Program Files\MiKTeX 2.9\tex\latex\lm\lmodern.sty"
Package: lmodern 2009/10/30 v1.6 Latin Modern Fonts
LaTeX Font Info:    Overwriting symbol font `operators' in version `normal'
(Font)                  OT1/cmr/m/n --> OT1/lmr/m/n on input line 22.
LaTeX Font Info:    Overwriting symbol font `letters' in version `normal'
(Font)                  OML/cmm/m/it --> OML/lmm/m/it on input line 23.
LaTeX Font Info:    Overwriting symbol font `symbols' in version `normal'
(Font)                  OMS/cmsy/m/n --> OMS/lmsy/m/n on input line 24.
LaTeX Font Info:    Overwriting symbol font `largesymbols' in version `normal'
(Font)                  OMX/cmex/m/n --> OMX/lmex/m/n on input line 25.
LaTeX Font Info:    Overwriting symbol font `operators' in version `bold'
(Font)                  OT1/cmr/bx/n --> OT1/lmr/bx/n on input line 26.
LaTeX Font Info:    Overwriting symbol font `letters' in version `bold'
(Font)                  OML/cmm/b/it --> OML/lmm/b/it on input line 27.
LaTeX Font Info:    Overwriting symbol font `symbols' in version `bold'
(Font)                  OMS/cmsy/b/n --> OMS/lmsy/b/n on input line 28.
LaTeX Font Info:    Overwriting symbol font `largesymbols' in version `bold'
(Font)                  OMX/cmex/m/n --> OMX/lmex/m/n on input line 29.
LaTeX Font Info:    Overwriting math alphabet `\mathbf' in version `normal'
(Font)                  OT1/cmr/bx/n --> OT1/lmr/bx/n on input line 31.
LaTeX Font Info:    Overwriting math alphabet `\mathsf' in version `normal'
(Font)                  OT1/cmss/m/n --> OT1/lmss/m/n on input line 32.
LaTeX Font Info:    Overwriting math alphabet `\mathit' in version `normal'
(Font)                  OT1/cmr/m/it --> OT1/lmr/m/it on input line 33.
LaTeX Font Info:    Overwriting math alphabet `\mathtt' in version `normal'
(Font)                  OT1/cmtt/m/n --> OT1/lmtt/m/n on input line 34.
LaTeX Font Info:    Overwriting math alphabet `\mathbf' in version `bold'
(Font)                  OT1/cmr/bx/n --> OT1/lmr/bx/n on input line 35.
LaTeX Font Info:    Overwriting math alphabet `\mathsf' in version `bold'
(Font)                  OT1/cmss/bx/n --> OT1/lmss/bx/n on input line 36.
LaTeX Font Info:    Overwriting math alphabet `\mathit' in version `bold'
(Font)                  OT1/cmr/bx/it --> OT1/lmr/bx/it on input line 37.
LaTeX Font Info:    Overwriting math alphabet `\mathtt' in version `bold'
(Font)                  OT1/cmtt/m/n --> OT1/lmtt/m/n on input line 38.
)
Class revtex4-1 Info: Patching LaTeX tabular. on input line 20.
Class revtex4-1 Info: Robustifying \LaTeX's \boldmath command on input line 20.

Class revtex4-1 Info: cite was not loaded (OK!) on input line 20.
Class revtex4-1 Info: mcite was not loaded (OK!) on input line 20.
Class revtex4-1 Info: multicol was not loaded (OK!) on input line 20.

(C:\Users\jms4\Documents\GitHub\light_in_neural_systems\jap__loop_neurons\third
_jap_submission__proofs\loop_neurons.aux)
LaTeX Font Info:    Checking defaults for OML/cmm/m/it on input line 20.
LaTeX Font Info:    ... okay on input line 20.
LaTeX Font Info:    Checking defaults for T1/cmr/m/n on input line 20.
LaTeX Font Info:    ... okay on input line 20.
LaTeX Font Info:    Checking defaults for OT1/cmr/m/n on input line 20.
LaTeX Font Info:    ... okay on input line 20.
LaTeX Font Info:    Checking defaults for OMS/cmsy/m/n on input line 20.
LaTeX Font Info:    ... okay on input line 20.
LaTeX Font Info:    Checking defaults for OMX/cmex/m/n on input line 20.
LaTeX Font Info:    ... okay on input line 20.
LaTeX Font Info:    Checking defaults for U/cmr/m/n on input line 20.
LaTeX Font Info:    ... okay on input line 20.
LaTeX Font Info:    Checking defaults for TS1/cmr/m/n on input line 20.
LaTeX Font Info:    Try loading font information for TS1+cmr on input line 20.

("C:\Program Files\MiKTeX 2.9\tex\latex\base\ts1cmr.fd"
File: ts1cmr.fd 1999/05/25 v2.5h Standard LaTeX font definitions
)
LaTeX Font Info:    ... okay on input line 20.
LaTeX Font Info:    Try loading font information for OT1+lmr on input line 20.

("C:\Program Files\MiKTeX 2.9\tex\latex\lm\ot1lmr.fd"
File: ot1lmr.fd 2009/10/30 v1.6 Font defs for Latin Modern
)
*geometry* driver: auto-detecting
*geometry* detected driver: pdftex
*geometry* verbose mode - [ preamble ] result:
* driver: pdftex
* paper: <default>
* layout: <same size as paper>
* layoutoffset:(h,v)=(0.0pt,0.0pt)
* modes: 
* h-part:(L,W,R)=(51.0727pt, 512.1496pt, 51.07271pt)
* v-part:(T,H,B)=(44.84152pt, 682.86613pt, 67.26233pt)
* \paperwidth=614.295pt
* \paperheight=794.96999pt
* \textwidth=512.1496pt
* \textheight=682.86613pt
* \oddsidemargin=-21.1973pt
* \evensidemargin=-21.1973pt
* \topmargin=-68.42847pt
* \headheight=25.0pt
* \headsep=16.0pt
* \topskip=10.0pt
* \footskip=30.0pt
* \marginparwidth=30.0pt
* \marginparsep=6.0pt
* \columnsep=18.0pt
* \skip\footins=39.0pt plus 4.0pt minus 12.0pt
* \hoffset=0.0pt
* \voffset=0.0pt
* \mag=1000
* \@twocolumnfalse
* \@twosidefalse
* \@mparswitchfalse
* \@reversemarginfalse
* (1in=72.27pt=25.4mm, 1cm=28.453pt)

(C:\Users\jms4\AppData\Roaming\MiKTeX\2.9\tex\context\base\supp-pdf.mkii
[Loading MPS to PDF converter (version 2006.09.02).]
\scratchcounter=\count111
\scratchdimen=\dimen121
\scratchbox=\box43
\nofMPsegments=\count112
\nofMParguments=\count113
\everyMPshowfont=\toks24
\MPscratchCnt=\count114
\MPscratchDim=\dimen122
\MPnumerator=\count115
\makeMPintoPDFobject=\count116
\everyMPtoPDFconversion=\toks25
)
LaTeX Font Info:    Try loading font information for OML+lmm on input line 67.
 ("C:\Program Files\MiKTeX 2.9\tex\latex\lm\omllmm.fd"
File: omllmm.fd 2009/10/30 v1.6 Font defs for Latin Modern
)
LaTeX Font Info:    Try loading font information for OMS+lmsy on input line 67.


("C:\Program Files\MiKTeX 2.9\tex\latex\lm\omslmsy.fd"
File: omslmsy.fd 2009/10/30 v1.6 Font defs for Latin Modern
)
LaTeX Font Info:    Try loading font information for OMX+lmex on input line 67.


("C:\Program Files\MiKTeX 2.9\tex\latex\lm\omxlmex.fd"
File: omxlmex.fd 2009/10/30 v1.6 Font defs for Latin Modern
)
LaTeX Font Info:    External font `lmex10' loaded for size
(Font)              <10> on input line 67.
LaTeX Font Info:    External font `lmex10' loaded for size
(Font)              <7> on input line 67.
LaTeX Font Info:    External font `lmex10' loaded for size
(Font)              <5> on input line 67.
LaTeX Font Info:    Try loading font information for U+msa on input line 67.

("C:\Program Files\MiKTeX 2.9\tex\latex\amsfonts\umsa.fd"
File: umsa.fd 2013/01/14 v3.01 AMS symbols A
)
LaTeX Font Info:    Try loading font information for U+msb on input line 67.

("C:\Program Files\MiKTeX 2.9\tex\latex\amsfonts\umsb.fd"
File: umsb.fd 2013/01/14 v3.01 AMS symbols B
)
LaTeX Font Info:    Try loading font information for OT1+lmss on input line 70.


("C:\Program Files\MiKTeX 2.9\tex\latex\lm\ot1lmss.fd"
File: ot1lmss.fd 2009/10/30 v1.6 Font defs for Latin Modern
)
LaTeX Font Info:    External font `lmex10' loaded for size
(Font)              <9> on input line 70.
LaTeX Font Info:    External font `lmex10' loaded for size
(Font)              <6> on input line 70.
LaTeX Font Info:    External font `lmex10' loaded for size
(Font)              <8> on input line 70.
 [1{C:/Users/jms4/AppData/Local/MiKTeX/2.9/pdftex/config/pdftex.map}] [2] [3]
LaTeX Font Info:    Font shape `OT1/lmss/bx/it' in size <9> not available
(Font)              Font shape `OT1/lmss/bx/sl' tried instead on input line 116
.
LaTeX Font Info:    Try loading font information for TS1+lmr on input line 119.


("C:\Program Files\MiKTeX 2.9\tex\latex\lm\ts1lmr.fd"
File: ts1lmr.fd 2009/10/30 v1.6 Font defs for Latin Modern
) [4]
<_general_schematic_small.pdf, id=27, 244.69318pt x 156.48964pt>
File: _general_schematic_small.pdf Graphic file (type pdf)

<use _general_schematic_small.pdf>
Package pdftex.def Info: _general_schematic_small.pdf used on input line 137.
(pdftex.def)             Requested size: 244.69386pt x 156.49164pt.
 [5 <C:/Users/jms4/Documents/GitHub/light_in_neural_systems/jap__loop_neurons/t
hird_jap_submission__proofs/_general_schematic_small.pdf>]
Underfull \hbox (badness 1102) in paragraph at lines 146--147
[]\OT1/lmr/m/n/10 The cur-rents in the synap-tic and neu-ronal loops
 []


Underfull \hbox (badness 1735) in paragraph at lines 159--160
[]\OT1/lmr/m/n/10 Loop neu-rons com-bine sev-eral core de-vices: su-
 []

[6] <_receivers_schematic_small.pdf, id=70, 244.69318pt x 298.75415pt>
File: _receivers_schematic_small.pdf Graphic file (type pdf)

<use _receivers_schematic_small.pdf>
Package pdftex.def Info: _receivers_schematic_small.pdf used on input line 173.

(pdftex.def)             Requested size: 244.69386pt x 298.75797pt.
 [7]

LaTeX Warning: A float is stuck (cannot be placed); try class option [floatfix]
 on input line 179.

<_receivers_circuitDiagrams_small.pdf, id=75, 244.69318pt x 250.68657pt>
File: _receivers_circuitDiagrams_small.pdf Graphic file (type pdf)

<use _receivers_circuitDiagrams_small.pdf>
Package pdftex.def Info: _receivers_circuitDiagrams_small.pdf used on input lin
e 186.
(pdftex.def)             Requested size: 244.69386pt x 250.68976pt.

<_receivers_sffg_firingDetail_small.pdf, id=76, 244.69417pt x 404.17699pt>
File: _receivers_sffg_firingDetail_small.pdf Graphic file (type pdf)

<use _receivers_sffg_firingDetail_small.pdf>
Package pdftex.def Info: _receivers_sffg_firingDetail_small.pdf used on input l
ine 192.
(pdftex.def)             Requested size: 244.69386pt x 404.18216pt.
 [8 <C:/Users/jms4/Documents/GitHub/light_in_neural_systems/jap__loop_neurons/t
hird_jap_submission__proofs/_receivers_schematic_small.pdf>]

LaTeX Warning: A float is stuck (cannot be placed); try class option [floatfix]
 on input line 197.

[9 <C:/Users/jms4/Documents/GitHub/light_in_neural_systems/jap__loop_neurons/th
ird_jap_submission__proofs/_receivers_circuitDiagrams_small.pdf> <C:/Users/jms4
/Documents/GitHub/light_in_neural_systems/jap__loop_neurons/third_jap_submissio
n__proofs/_receivers_sffg_firingDetail_small.pdf>] [10]
<_receivers_inhibitoryAndExcitatory_small.pdf, id=319, 244.69318pt x 137.26282p
t>
File: _receivers_inhibitoryAndExcitatory_small.pdf Graphic file (type pdf)
 <use _receivers_inhibitoryAndExcitatory_small.pdf>
Package pdftex.def Info: _receivers_inhibitoryAndExcitatory_small.pdf used on i
nput line 213.
(pdftex.def)             Requested size: 244.69386pt x 137.26456pt.

Underfull \hbox (badness 1259) in paragraph at lines 216--217
\OT1/lmr/m/n/10 hibitory con-nec-tions keep the net-work from ex-pe-ri-
 []


Underfull \hbox (badness 1681) in paragraph at lines 218--219
[]\OT1/lmr/m/n/10 The sym-me-try be-tween in-hibitory and ex-ci-ta-tory
 []

<_receivers_coincidence_small.pdf, id=320, 244.69318pt x 277.36926pt>
File: _receivers_coincidence_small.pdf Graphic file (type pdf)

<use _receivers_coincidence_small.pdf>
Package pdftex.def Info: _receivers_coincidence_small.pdf used on input line 22
5.
(pdftex.def)             Requested size: 244.69386pt x 277.3728pt.

<_receivers_dendriticProcessing_small.pdf, id=321, 244.69417pt x 347.63176pt>
File: _receivers_dendriticProcessing_small.pdf Graphic file (type pdf)

<use _receivers_dendriticProcessing_small.pdf>
Package pdftex.def Info: _receivers_dendriticProcessing_small.pdf used on input
 line 231.
(pdftex.def)             Requested size: 244.69386pt x 347.6362pt.
 [11 <C:/Users/jms4/Documents/GitHub/light_in_neural_systems/jap__loop_neurons/
third_jap_submission__proofs/_receivers_inhibitoryAndExcitatory_small.pdf>]

LaTeX Warning: A float is stuck (cannot be placed); try class option [floatfix]
 on input line 236.

[12 <C:/Users/jms4/Documents/GitHub/light_in_neural_systems/jap__loop_neurons/t
hird_jap_submission__proofs/_receivers_coincidence_small.pdf> <C:/Users/jms4/Do
cuments/GitHub/light_in_neural_systems/jap__loop_neurons/third_jap_submission__
proofs/_receivers_dendriticProcessing_small.pdf>]
Underfull \hbox (badness 1112) in paragraph at lines 244--245
[]\OT1/lmr/m/n/10 In Sec.I[] we ar-gue that cog-ni-tive sys-tems ben-e-fit
 []

[13]
<_synapticPlasticity_schematic_small.pdf, id=474, 244.69318pt x 348.54616pt>
File: _synapticPlasticity_schematic_small.pdf Graphic file (type pdf)

<use _synapticPlasticity_schematic_small.pdf>
Package pdftex.def Info: _synapticPlasticity_schematic_small.pdf used on input 
line 262.
(pdftex.def)             Requested size: 244.69386pt x 348.55061pt.
 [14 <C:/Users/jms4/Documents/GitHub/light_in_neural_systems/jap__loop_neurons/
third_jap_submission__proofs/_synapticPlasticity_schematic_small.pdf>]
<_synapticPlasticity_binaryCircuit_small.pdf, id=557, 244.69417pt x 138.76843pt
>
File: _synapticPlasticity_binaryCircuit_small.pdf Graphic file (type pdf)
 <use _synapticPlasticity_binaryCircuit_small.pdf>
Package pdftex.def Info: _synapticPlasticity_binaryCircuit_small.pdf used on in
put line 275.
(pdftex.def)             Requested size: 244.69386pt x 138.77019pt.

<_synapticPlasticity_binary_small.pdf, id=558, 244.69318pt x 398.3382pt>
File: _synapticPlasticity_binary_small.pdf Graphic file (type pdf)

<use _synapticPlasticity_binary_small.pdf>
Package pdftex.def Info: _synapticPlasticity_binary_small.pdf used on input lin
e 282.
(pdftex.def)             Requested size: 244.69386pt x 398.34329pt.

<_synapticPlasticity_supervisedCircuit_small.pdf, id=559, 244.69417pt x 199.169
1pt>
File: _synapticPlasticity_supervisedCircuit_small.pdf Graphic file (type pdf)
 <use _synapticPlasticity_supervisedCircuit_small.pdf>
Package pdftex.def Info: _synapticPlasticity_supervisedCircuit_small.pdf used o
n input line 289.
(pdftex.def)             Requested size: 244.69386pt x 199.17163pt.

<_synapticPlasticity_supervised_small.pdf, id=560, 244.69318pt x 318.18875pt>
File: _synapticPlasticity_supervised_small.pdf Graphic file (type pdf)

<use _synapticPlasticity_supervised_small.pdf>
Package pdftex.def Info: _synapticPlasticity_supervised_small.pdf used on input
 line 295.
(pdftex.def)             Requested size: 244.69386pt x 318.19281pt.
 [15 <C:/Users/jms4/Documents/GitHub/light_in_neural_systems/jap__loop_neurons/
third_jap_submission__proofs/_synapticPlasticity_binaryCircuit_small.pdf>]

LaTeX Warning: A float is stuck (cannot be placed); try class option [floatfix]
 on input line 299.

[16 <C:/Users/jms4/Documents/GitHub/light_in_neural_systems/jap__loop_neurons/t
hird_jap_submission__proofs/_synapticPlasticity_binary_small.pdf> <C:/Users/jms
4/Documents/GitHub/light_in_neural_systems/jap__loop_neurons/third_jap_submissi
on__proofs/_synapticPlasticity_supervisedCircuit_small.pdf>]

LaTeX Warning: A float is stuck (cannot be placed); try class option [floatfix]
 on input line 305.

<_synapticPlasticity_Hebbian_1_small.pdf, id=743, 244.69318pt x 282.5245pt>
File: _synapticPlasticity_Hebbian_1_small.pdf Graphic file (type pdf)

<use _synapticPlasticity_Hebbian_1_small.pdf>
Package pdftex.def Info: _synapticPlasticity_Hebbian_1_small.pdf used on input 
line 312.
(pdftex.def)             Requested size: 244.69386pt x 282.5281pt.
 [17 <C:/Users/jms4/Documents/GitHub/light_in_neural_systems/jap__loop_neurons/
third_jap_submission__proofs/_synapticPlasticity_supervised_small.pdf>]

LaTeX Warning: A float is stuck (cannot be placed); try class option [floatfix]
 on input line 318.

[18 <C:/Users/jms4/Documents/GitHub/light_in_neural_systems/jap__loop_neurons/t
hird_jap_submission__proofs/_synapticPlasticity_Hebbian_1_small.pdf>]
<_synapticPlasticity_stdp_small.pdf, id=894, 244.69318pt x 349.07513pt>
File: _synapticPlasticity_stdp_small.pdf Graphic file (type pdf)

<use _synapticPlasticity_stdp_small.pdf>
Package pdftex.def Info: _synapticPlasticity_stdp_small.pdf used on input line 
336.
(pdftex.def)             Requested size: 244.69386pt x 349.07959pt.
 [19 <C:/Users/jms4/Documents/GitHub/light_in_neural_systems/jap__loop_neurons/
third_jap_submission__proofs/_synapticPlasticity_stdp_small.pdf>]
Underfull \hbox (badness 2573) in paragraph at lines 348--349
[]\OT1/lmr/m/n/10 Other forms of pho-tonic synapses have re-cently
 []


Underfull \hbox (badness 2781) in paragraph at lines 348--349
\OT1/lmr/m/n/10 been de-vel-oped and of-fer util-ity in mul-ti-ple neu-
 []


Underfull \hbox (badness 1308) in paragraph at lines 348--349
\OT1/lmr/m/n/10 ral contexts$[]$. One can lever-age phase shifts
 []


Underfull \hbox (badness 1286) in paragraph at lines 348--349
\OT1/lmr/m/n/10 in microrings$[]$ or Mach-Zehnder in-ter-fer-om-e-ters
 []

[20] <_transmitters_schematic_small.pdf, id=1007, 244.69318pt x 327.20743pt>
File: _transmitters_schematic_small.pdf Graphic file (type pdf)

<use _transmitters_schematic_small.pdf>
Package pdftex.def Info: _transmitters_schematic_small.pdf used on input line 3
65.
(pdftex.def)             Requested size: 244.69386pt x 327.21161pt.
 [21 <C:/Users/jms4/Documents/GitHub/light_in_neural_systems/jap__loop_neurons/
third_jap_submission__proofs/_transmitters_schematic_small.pdf>]
<_transmitters_LED_circuit_small.pdf, id=1113, 244.69318pt x 128.03734pt>
File: _transmitters_LED_circuit_small.pdf Graphic file (type pdf)

<use _transmitters_LED_circuit_small.pdf>
Package pdftex.def Info: _transmitters_LED_circuit_small.pdf used on input line
 388.
(pdftex.def)             Requested size: 244.69386pt x 128.03896pt.
 [22 <C:/Users/jms4/Documents/GitHub/light_in_neural_systems/jap__loop_neurons/
third_jap_submission__proofs/_transmitters_LED_circuit_small.pdf>]
<_transmitters_LED_data_small.pdf, id=1158, 244.69417pt x 466.89832pt>
File: _transmitters_LED_data_small.pdf Graphic file (type pdf)

<use _transmitters_LED_data_small.pdf>
Package pdftex.def Info: _transmitters_LED_data_small.pdf used on input line 40
4.
(pdftex.def)             Requested size: 244.69386pt x 466.90427pt.
 [23 <C:/Users/jms4/Documents/GitHub/light_in_neural_systems/jap__loop_neurons/
third_jap_submission__proofs/_transmitters_LED_data_small.pdf>]

pdfTeX warning: pdflatex (file C:/Users/jms4/Documents/GitHub/light_in_neural_s
ystems/jap__loop_neurons/third_jap_submission__proofs/_transmitters_hTron_circu
it_small.pdf): PDF inclusion: found PDF version <1.7>, but at most version <1.5
> allowed
<_transmitters_hTron_circuit_small.pdf, id=1218, 244.69318pt x 271.17813pt>
File: _transmitters_hTron_circuit_small.pdf Graphic file (type pdf)

<use _transmitters_hTron_circuit_small.pdf>
Package pdftex.def Info: _transmitters_hTron_circuit_small.pdf used on input li
ne 417.
(pdftex.def)             Requested size: 244.69386pt x 271.1816pt.

<_transmitters_hTron_data_1_small.pdf, id=1219, 244.69318pt x 287.70085pt>
File: _transmitters_hTron_data_1_small.pdf Graphic file (type pdf)

<use _transmitters_hTron_data_1_small.pdf>
Package pdftex.def Info: _transmitters_hTron_data_1_small.pdf used on input lin
e 425.
(pdftex.def)             Requested size: 244.69386pt x 287.70453pt.
 [24 <C:/Users/jms4/Documents/GitHub/light_in_neural_systems/jap__loop_neurons/
third_jap_submission__proofs/_transmitters_hTron_circuit_small.pdf>]

LaTeX Warning: A float is stuck (cannot be placed); try class option [floatfix]
 on input line 430.

<_transmitters_hTron_data_2_small.pdf, id=1277, 244.69318pt x 305.21227pt>
File: _transmitters_hTron_data_2_small.pdf Graphic file (type pdf)

<use _transmitters_hTron_data_2_small.pdf>
Package pdftex.def Info: _transmitters_hTron_data_2_small.pdf used on input lin
e 438.
(pdftex.def)             Requested size: 244.69386pt x 305.21616pt.
 [25 <C:/Users/jms4/Documents/GitHub/light_in_neural_systems/jap__loop_neurons/
third_jap_submission__proofs/_transmitters_hTron_data_1_small.pdf>]

LaTeX Warning: A float is stuck (cannot be placed); try class option [floatfix]
 on input line 445.

<_transmitters_jjTriggersNTron_small.pdf, id=1294, 244.69417pt x 284.72974pt>
File: _transmitters_jjTriggersNTron_small.pdf Graphic file (type pdf)

<use _transmitters_jjTriggersNTron_small.pdf>
Package pdftex.def Info: _transmitters_jjTriggersNTron_small.pdf used on input 
line 448.
(pdftex.def)             Requested size: 244.69386pt x 284.73337pt.
 [26 <C:/Users/jms4/Documents/GitHub/light_in_neural_systems/jap__loop_neurons/
third_jap_submission__proofs/_transmitters_hTron_data_2_small.pdf> <C:/Users/jm
s4/Documents/GitHub/light_in_neural_systems/jap__loop_neurons/third_jap_submiss
ion__proofs/_transmitters_jjTriggersNTron_small.pdf

pdfTeX warning: pdflatex (file C:/Users/jms4/Documents/GitHub/light_in_neural_s
ystems/jap__loop_neurons/third_jap_submission__proofs/_transmitters_jjTriggersN
Tron_small.pdf): PDF inclusion: multiple pdfs with page group included in a sin
gle page
>]

pdfTeX warning: pdflatex (file C:/Users/jms4/Documents/GitHub/light_in_neural_s
ystems/jap__loop_neurons/third_jap_submission__proofs/_transmitters_efficiency_
small.pdf): PDF inclusion: found PDF version <1.7>, but at most version <1.5> a
llowed
<_transmitters_efficiency_small.pdf, id=1427, 244.69318pt x 446.198pt>
File: _transmitters_efficiency_small.pdf Graphic file (type pdf)

<use _transmitters_efficiency_small.pdf>
Package pdftex.def Info: _transmitters_efficiency_small.pdf used on input line 
460.
(pdftex.def)             Requested size: 244.69386pt x 446.2037pt.
 [27 <C:/Users/jms4/Documents/GitHub/light_in_neural_systems/jap__loop_neurons/
third_jap_submission__proofs/_transmitters_efficiency_small.pdf>]
Underfull \hbox (badness 1668) in paragraph at lines 472--473
[]\OT1/lmr/m/n/10 In prac-tice, achiev-ing small, waveguide-integrated
 []

<_transmitters_fullCircuit_small.pdf, id=1484, 489.38535pt x 380.92313pt>
File: _transmitters_fullCircuit_small.pdf Graphic file (type pdf)

<use _transmitters_fullCircuit_small.pdf>
Package pdftex.def Info: _transmitters_fullCircuit_small.pdf used on input line
 477.
(pdftex.def)             Requested size: 489.38731pt x 380.92798pt.
 [28] [29 <C:/Users/jms4/Documents/GitHub/light_in_neural_systems/jap__loop_neu
rons/third_jap_submission__proofs/_transmitters_fullCircuit_small.pdf>]
Underfull \hbox (badness 2573) in paragraph at lines 502--503
[]\OT1/lmr/m/n/10 Optical com-mu-ni-ca-tion be-tween neu-rons pro-vides
 []

[30] <_networks_schematic_small.pdf, id=1562, 244.69417pt x 312.98131pt>
File: _networks_schematic_small.pdf Graphic file (type pdf)

<use _networks_schematic_small.pdf>
Package pdftex.def Info: _networks_schematic_small.pdf used on input line 519.
(pdftex.def)             Requested size: 244.69386pt x 312.98529pt.
 [31 <C:/Users/jms4/Documents/GitHub/light_in_neural_systems/jap__loop_neurons/
third_jap_submission__proofs/_networks_schematic_small.pdf>]
<_networks_routingDiagram_small.pdf, id=1619, 489.38733pt x 381.2674pt>
File: _networks_routingDiagram_small.pdf Graphic file (type pdf)

<use _networks_routingDiagram_small.pdf>
Package pdftex.def Info: _networks_routingDiagram_small.pdf used on input line 
532.
(pdftex.def)             Requested size: 489.38731pt x 381.27226pt.
 [32]
<_networks_areaDiagram_small.pdf, id=1624, 244.69318pt x 318.60329pt>
File: _networks_areaDiagram_small.pdf Graphic file (type pdf)

<use _networks_areaDiagram_small.pdf>
Package pdftex.def Info: _networks_areaDiagram_small.pdf used on input line 547
.
(pdftex.def)             Requested size: 244.69386pt x 318.60736pt.
 [33 <C:/Users/jms4/Documents/GitHub/light_in_neural_systems/jap__loop_neurons/
third_jap_submission__proofs/_networks_routingDiagram_small.pdf>]

LaTeX Warning: A float is stuck (cannot be placed); try class option [floatfix]
 on input line 553.

<_networks_scaling_small.pdf, id=1656, 244.69318pt x 432.48175pt>
File: _networks_scaling_small.pdf Graphic file (type pdf)

<use _networks_scaling_small.pdf>
Package pdftex.def Info: _networks_scaling_small.pdf used on input line 558.
(pdftex.def)             Requested size: 244.69386pt x 432.48727pt.
 [34 <C:/Users/jms4/Documents/GitHub/light_in_neural_systems/jap__loop_neurons/
third_jap_submission__proofs/_networks_areaDiagram_small.pdf>]

LaTeX Warning: A float is stuck (cannot be placed); try class option [floatfix]
 on input line 564.

[35 <C:/Users/jms4/Documents/GitHub/light_in_neural_systems/jap__loop_neurons/t
hird_jap_submission__proofs/_networks_scaling_small.pdf>] [36] [37]
Underfull \hbox (badness 1253) in paragraph at lines 629--630
[]\OT1/lmr/m/n/10 Regarding the two-photon co-in-ci-dence de-tec-tor of
 []

[38] [39] [40] [41]
<_networks_feedForward_small.pdf, id=1769, 244.69318pt x 360.42455pt>
File: _networks_feedForward_small.pdf Graphic file (type pdf)

<use _networks_feedForward_small.pdf>
Package pdftex.def Info: _networks_feedForward_small.pdf used on input line 759
.
(pdftex.def)             Requested size: 244.69386pt x 360.42914pt.
 [42 <C:/Users/jms4/Documents/GitHub/light_in_neural_systems/jap__loop_neurons/
third_jap_submission__proofs/_networks_feedForward_small.pdf>]
<_networks_contributionsToEnergy_small.pdf, id=1784, 244.69417pt x 167.22977pt>
File: _networks_contributionsToEnergy_small.pdf Graphic file (type pdf)
<use _networks_contributionsToEnergy_small.pdf>
Package pdftex.def Info: _networks_contributionsToEnergy_small.pdf used on inpu
t line 775.
(pdftex.def)             Requested size: 244.69386pt x 167.23189pt.
 [43 <C:/Users/jms4/Documents/GitHub/light_in_neural_systems/jap__loop_neurons/
third_jap_submission__proofs/_networks_contributionsToEnergy_small.pdf>]
(C:\Users\jms4\Documents\GitHub\light_in_neural_systems\jap__loop_neurons\third
_jap_submission__proofs\loop_neurons.bbl [44] [45]
Underfull \hbox (badness 5726) in paragraph at lines 588--594
 []\OT1/lmr/m/n/8 T.E. Po-tok, C. Schu-man, S.R. Young, R.M. Pat-ton,
 []


Underfull \hbox (badness 1158) in paragraph at lines 686--692
 []\OT1/lmr/m/n/8 D. Sil-ver, A. Huang, C.J. Mad-di-son, A. Guez, L. Sifre,
 []


Underfull \hbox (badness 3525) in paragraph at lines 686--692
 \OT1/lmr/m/n/8 N. Kalch-bren-ner, I. Sutskever, T. Lil-l-i-crap, M. Leach,
 []


Underfull \hbox (badness 2293) in paragraph at lines 738--741
 []\OT1/lmr/m/n/8 Z. Cheng, C. Rios, W.H.P. Per-nice, C.D. Wright, and
 []


Underfull \hbox (badness 1874) in paragraph at lines 762--766
 []\OT1/lmr/m/n/8 T. Van Duzer, Y. Feng, X. Meng, S.R. White-ley, and
 []

[46]) [47]
(C:\Users\jms4\Documents\GitHub\light_in_neural_systems\jap__loop_neurons\third
_jap_submission__proofs\loop_neurons.aux) ) 
Here is how much of TeX's memory you used:
 6077 strings out of 493921
 88738 string characters out of 3147285
 191116 words of memory out of 3000000
 9256 multiletter control sequences out of 15000+200000
 74453 words of font info for 62 fonts, out of 3000000 for 9000
 841 hyphenation exceptions out of 8191
 34i,17n,32p,2329b,1077s stack positions out of 5000i,500n,10000p,200000b,50000s
{C:/Program Files/MiKTeX 2.9/fonts/e
nc/dvips/lm/lm-mathit.enc}{C:/Program Files/MiKTeX 2.9/fonts/enc/dvips/lm/lm-rm
.enc}{C:/Program Files/MiKTeX 2.9/fonts/enc/dvips/lm/lm-mathsy.enc}{C:/Program 
Files/MiKTeX 2.9/fonts/enc/dvips/lm/lm-ts1.enc}{C:/Program Files/MiKTeX 2.9/fon
ts/enc/dvips/lm/lm-mathex.enc}<C:/Program Files/MiKTeX 2.9/fonts/type1/public/a
msfonts/cm/cmmi10.pfb><C:/Program Files/MiKTeX 2.9/fonts/type1/public/amsfonts/
cm/cmmi12.pfb><C:/Program Files/MiKTeX 2.9/fonts/type1/public/amsfonts/cm/cmmi9
.pfb><C:/Program Files/MiKTeX 2.9/fonts/type1/public/amsfonts/cm/cmr10.pfb><C:/
Program Files/MiKTeX 2.9/fonts/type1/public/amsfonts/cm/cmr12.pfb><C:/Program F
iles/MiKTeX 2.9/fonts/type1/public/amsfonts/cm/cmss10.pfb><C:/Program Files/MiK
TeX 2.9/fonts/type1/public/amsfonts/cm/cmss12.pfb><C:/Program Files/MiKTeX 2.9/
fonts/type1/public/amsfonts/cm/cmti10.pfb><C:/Program Files/MiKTeX 2.9/fonts/ty
pe1/public/amsfonts/cm/cmti12.pfb><C:/Program Files/MiKTeX 2.9/fonts/type1/publ
ic/lm/lmbx10.pfb><C:/Program Files/MiKTeX 2.9/fonts/type1/public/lm/lmex10.pfb>
<C:/Program Files/MiKTeX 2.9/fonts/type1/public/lm/lmmi10.pfb><C:/Program Files
/MiKTeX 2.9/fonts/type1/public/lm/lmmi5.pfb><C:/Program Files/MiKTeX 2.9/fonts/
type1/public/lm/lmmi7.pfb><C:/Program Files/MiKTeX 2.9/fonts/type1/public/lm/lm
mi8.pfb><C:/Program Files/MiKTeX 2.9/fonts/type1/public/lm/lmmi9.pfb><C:/Progra
m Files/MiKTeX 2.9/fonts/type1/public/lm/lmr10.pfb><C:/Program Files/MiKTeX 2.9
/fonts/type1/public/lm/lmr5.pfb><C:/Program Files/MiKTeX 2.9/fonts/type1/public
/lm/lmr6.pfb><C:/Program Files/MiKTeX 2.9/fonts/type1/public/lm/lmr7.pfb><C:/Pr
ogram Files/MiKTeX 2.9/fonts/type1/public/lm/lmr8.pfb><C:/Program Files/MiKTeX 
2.9/fonts/type1/public/lm/lmr9.pfb><C:/Program Files/MiKTeX 2.9/fonts/type1/pub
lic/lm/lmri10.pfb><C:/Program Files/MiKTeX 2.9/fonts/type1/public/lm/lmri8.pfb>
<C:/Program Files/MiKTeX 2.9/fonts/type1/public/lm/lmri9.pfb><C:/Program Files/
MiKTeX 2.9/fonts/type1/public/lm/lmss10.pfb><C:/Program Files/MiKTeX 2.9/fonts/
type1/public/lm/lmss8.pfb><C:/Program Files/MiKTeX 2.9/fonts/type1/public/lm/lm
ss9.pfb><C:/Program Files/MiKTeX 2.9/fonts/type1/public/lm/lmssbo10.pfb><C:/Pro
gram Files/MiKTeX 2.9/fonts/type1/public/lm/lmssbx10.pfb><C:/Program Files/MiKT
eX 2.9/fonts/type1/public/lm/lmsy10.pfb><C:/Program Files/MiKTeX 2.9/fonts/type
1/public/lm/lmsy6.pfb><C:/Program Files/MiKTeX 2.9/fonts/type1/public/lm/lmsy7.
pfb><C:/Program Files/MiKTeX 2.9/fonts/type1/public/lm/lmsy9.pfb><C:/Program Fi
les/MiKTeX 2.9/fonts/type1/public/amsfonts/symbols/msam10.pfb><C:/Program Files
/MiKTeX 2.9/fonts/type1/public/amsfonts/symbols/msbm10.pfb>
Output written on loop_neurons.pdf (47 pages, 12351937 bytes).
PDF statistics:
 1928 PDF objects out of 2073 (max. 8388607)
 0 named destinations out of 1000 (max. 500000)
 146 words of extra memory for PDF output out of 10000 (max. 10000000)

