This is pdfTeX, Version 3.1415926-2.4-1.40.13 (MiKTeX 2.9 64-bit) (preloaded format=pdflatex 2013.3.13)  17 JUL 2019 10:30
entering extended mode
**hardware_for_cognition.tex

(C:\Users\jms4\Documents\GitHub\light_in_neural_systems\apr__hardware_for_gener
al_intelligence\hardware_for_cognition.tex
LaTeX2e <2011/06/27>
Babel <v3.8m> and hyphenation patterns for english, afrikaans, ancientgreek, ar
abic, armenian, assamese, basque, bengali, bokmal, bulgarian, catalan, coptic, 
croatian, czech, danish, dutch, esperanto, estonian, farsi, finnish, french, ga
lician, german, german-x-2012-05-30, greek, gujarati, hindi, hungarian, iceland
ic, indonesian, interlingua, irish, italian, kannada, kurmanji, latin, latvian,
 lithuanian, malayalam, marathi, mongolian, mongolianlmc, monogreek, ngerman, n
german-x-2012-05-30, nynorsk, oriya, panjabi, pinyin, polish, portuguese, roman
ian, russian, sanskrit, serbian, slovak, slovenian, spanish, swedish, swissgerm
an, tamil, telugu, turkish, turkmen, ukenglish, ukrainian, uppersorbian, usengl
ishmax, welsh, loaded.
("C:\Program Files\MiKTeX 2.9\tex\latex\base\article.cls"
Document Class: article 2007/10/19 v1.4h Standard LaTeX document class
("C:\Program Files\MiKTeX 2.9\tex\latex\base\size10.clo"
File: size10.clo 2007/10/19 v1.4h Standard LaTeX file (size option)
)
\c@part=\count79
\c@section=\count80
\c@subsection=\count81
\c@subsubsection=\count82
\c@paragraph=\count83
\c@subparagraph=\count84
\c@figure=\count85
\c@table=\count86
\abovecaptionskip=\skip41
\belowcaptionskip=\skip42
\bibindent=\dimen102
)
("C:\Program Files\MiKTeX 2.9\tex\latex\geometry\geometry.sty"
Package: geometry 2010/09/12 v5.6 Page Geometry

("C:\Program Files\MiKTeX 2.9\tex\latex\graphics\keyval.sty"
Package: keyval 1999/03/16 v1.13 key=value parser (DPC)
\KV@toks@=\toks14
)
("C:\Program Files\MiKTeX 2.9\tex\generic\oberdiek\ifpdf.sty"
Package: ifpdf 2011/01/30 v2.3 Provides the ifpdf switch (HO)
Package ifpdf Info: pdfTeX in PDF mode is detected.
)
("C:\Program Files\MiKTeX 2.9\tex\generic\oberdiek\ifvtex.sty"
Package: ifvtex 2010/03/01 v1.5 Detect VTeX and its facilities (HO)
Package ifvtex Info: VTeX not detected.
)
("C:\Program Files\MiKTeX 2.9\tex\generic\ifxetex\ifxetex.sty"
Package: ifxetex 2010/09/12 v0.6 Provides ifxetex conditional
)
\Gm@cnth=\count87
\Gm@cntv=\count88
\c@Gm@tempcnt=\count89
\Gm@bindingoffset=\dimen103
\Gm@wd@mp=\dimen104
\Gm@odd@mp=\dimen105
\Gm@even@mp=\dimen106
\Gm@layoutwidth=\dimen107
\Gm@layoutheight=\dimen108
\Gm@layouthoffset=\dimen109
\Gm@layoutvoffset=\dimen110
\Gm@dimlist=\toks15

("C:\Program Files\MiKTeX 2.9\tex\latex\geometry\geometry.cfg"))
("C:\Program Files\MiKTeX 2.9\tex\latex\tools\multicol.sty"
Package: multicol 2011/06/27 v1.7a multicolumn formatting (FMi)
\c@tracingmulticols=\count90
\mult@box=\box26
\multicol@leftmargin=\dimen111
\c@unbalance=\count91
\c@collectmore=\count92
\doublecol@number=\count93
\multicoltolerance=\count94
\multicolpretolerance=\count95
\full@width=\dimen112
\page@free=\dimen113
\premulticols=\dimen114
\postmulticols=\dimen115
\multicolsep=\skip43
\multicolbaselineskip=\skip44
\partial@page=\box27
\last@line=\box28
\mult@rightbox=\box29
\mult@grightbox=\box30
\mult@gfirstbox=\box31
\mult@firstbox=\box32
\@tempa=\box33
\@tempa=\box34
\@tempa=\box35
\@tempa=\box36
\@tempa=\box37
\@tempa=\box38
\@tempa=\box39
\@tempa=\box40
\@tempa=\box41
\@tempa=\box42
\@tempa=\box43
\@tempa=\box44
\@tempa=\box45
\@tempa=\box46
\@tempa=\box47
\@tempa=\box48
\@tempa=\box49
\c@columnbadness=\count96
\c@finalcolumnbadness=\count97
\last@try=\dimen116
\multicolovershoot=\dimen117
\multicolundershoot=\dimen118
\mult@nat@firstbox=\box50
\colbreak@box=\box51
\multicol@sort@counter=\count98
)
(C:\Users\jms4\AppData\Roaming\MiKTeX\2.9\tex\latex\cite\cite.sty
LaTeX Info: Redefining \cite on input line 302.
LaTeX Info: Redefining \nocite on input line 373.
Package: cite 2010/09/10  v 5.3
)
(C:\Users\jms4\AppData\Roaming\MiKTeX\2.9\tex\latex\caption\caption.sty
Package: caption 2016/02/21 v3.3-144 Customizing captions (AR)

(C:\Users\jms4\AppData\Roaming\MiKTeX\2.9\tex\latex\caption\caption3.sty
Package: caption3 2016/05/22 v1.7-166 caption3 kernel (AR)
Package caption3 Info: TeX engine: e-TeX on input line 67.
\captionmargin=\dimen119
\captionmargin@=\dimen120
\captionwidth=\dimen121
\caption@tempdima=\dimen122
\caption@indent=\dimen123
\caption@parindent=\dimen124
\caption@hangindent=\dimen125
)
\c@ContinuedFloat=\count99
)
("C:\Program Files\MiKTeX 2.9\tex\latex\graphics\graphicx.sty"
Package: graphicx 1999/02/16 v1.0f Enhanced LaTeX Graphics (DPC,SPQR)

("C:\Program Files\MiKTeX 2.9\tex\latex\graphics\graphics.sty"
Package: graphics 2009/02/05 v1.0o Standard LaTeX Graphics (DPC,SPQR)

("C:\Program Files\MiKTeX 2.9\tex\latex\graphics\trig.sty"
Package: trig 1999/03/16 v1.09 sin cos tan (DPC)
)
("C:\Program Files\MiKTeX 2.9\tex\latex\00miktex\graphics.cfg"
File: graphics.cfg 2007/01/18 v1.5 graphics configuration of teTeX/TeXLive
)
Package graphics Info: Driver file: pdftex.def on input line 91.

("C:\Program Files\MiKTeX 2.9\tex\latex\pdftex-def\pdftex.def"
File: pdftex.def 2011/05/27 v0.06d Graphics/color for pdfTeX

("C:\Program Files\MiKTeX 2.9\tex\generic\oberdiek\infwarerr.sty"
Package: infwarerr 2010/04/08 v1.3 Providing info/warning/error messages (HO)
)
("C:\Program Files\MiKTeX 2.9\tex\generic\oberdiek\ltxcmds.sty"
Package: ltxcmds 2011/11/09 v1.22 LaTeX kernel commands for general use (HO)
)
\Gread@gobject=\count100
))
\Gin@req@height=\dimen126
\Gin@req@width=\dimen127
)
("C:\Program Files\MiKTeX 2.9\tex\latex\amsmath\amsmath.sty"
Package: amsmath 2013/01/14 v2.14 AMS math features
\@mathmargin=\skip45

For additional information on amsmath, use the `?' option.
("C:\Program Files\MiKTeX 2.9\tex\latex\amsmath\amstext.sty"
Package: amstext 2000/06/29 v2.01

("C:\Program Files\MiKTeX 2.9\tex\latex\amsmath\amsgen.sty"
File: amsgen.sty 1999/11/30 v2.0
\@emptytoks=\toks16
\ex@=\dimen128
))
("C:\Program Files\MiKTeX 2.9\tex\latex\amsmath\amsbsy.sty"
Package: amsbsy 1999/11/29 v1.2d
\pmbraise@=\dimen129
)
("C:\Program Files\MiKTeX 2.9\tex\latex\amsmath\amsopn.sty"
Package: amsopn 1999/12/14 v2.01 operator names
)
\inf@bad=\count101
LaTeX Info: Redefining \frac on input line 210.
\uproot@=\count102
\leftroot@=\count103
LaTeX Info: Redefining \overline on input line 306.
\classnum@=\count104
\DOTSCASE@=\count105
LaTeX Info: Redefining \ldots on input line 378.
LaTeX Info: Redefining \dots on input line 381.
LaTeX Info: Redefining \cdots on input line 466.
\Mathstrutbox@=\box52
\strutbox@=\box53
\big@size=\dimen130
LaTeX Font Info:    Redeclaring font encoding OML on input line 566.
LaTeX Font Info:    Redeclaring font encoding OMS on input line 567.
\macc@depth=\count106
\c@MaxMatrixCols=\count107
\dotsspace@=\muskip10
\c@parentequation=\count108
\dspbrk@lvl=\count109
\tag@help=\toks17
\row@=\count110
\column@=\count111
\maxfields@=\count112
\andhelp@=\toks18
\eqnshift@=\dimen131
\alignsep@=\dimen132
\tagshift@=\dimen133
\tagwidth@=\dimen134
\totwidth@=\dimen135
\lineht@=\dimen136
\@envbody=\toks19
\multlinegap=\skip46
\multlinetaggap=\skip47
\mathdisplay@stack=\toks20
LaTeX Info: Redefining \[ on input line 2665.
LaTeX Info: Redefining \] on input line 2666.
)
("C:\Program Files\MiKTeX 2.9\tex\latex\amsfonts\amssymb.sty"
Package: amssymb 2013/01/14 v3.01 AMS font symbols

("C:\Program Files\MiKTeX 2.9\tex\latex\amsfonts\amsfonts.sty"
Package: amsfonts 2013/01/14 v3.01 Basic AMSFonts support
\symAMSa=\mathgroup4
\symAMSb=\mathgroup5
LaTeX Font Info:    Overwriting math alphabet `\mathfrak' in version `bold'
(Font)                  U/euf/m/n --> U/euf/b/n on input line 106.
))
("C:\Program Files\MiKTeX 2.9\tex\latex\base\textcomp.sty"
Package: textcomp 2005/09/27 v1.99g Standard LaTeX package
Package textcomp Info: Sub-encoding information:
(textcomp)               5 = only ISO-Adobe without \textcurrency
(textcomp)               4 = 5 + \texteuro
(textcomp)               3 = 4 + \textohm
(textcomp)               2 = 3 + \textestimated + \textcurrency
(textcomp)               1 = TS1 - \textcircled - \t
(textcomp)               0 = TS1 (full)
(textcomp)             Font families with sub-encoding setting implement
(textcomp)             only a restricted character set as indicated.
(textcomp)             Family '?' is the default used for unknown fonts.
(textcomp)             See the documentation for details.
Package textcomp Info: Setting ? sub-encoding to TS1/1 on input line 71.

("C:\Program Files\MiKTeX 2.9\tex\latex\base\ts1enc.def"
File: ts1enc.def 2001/06/05 v3.0e (jk/car/fm) Standard LaTeX file
)
LaTeX Info: Redefining \oldstylenums on input line 266.
Package textcomp Info: Setting cmr sub-encoding to TS1/0 on input line 281.
Package textcomp Info: Setting cmss sub-encoding to TS1/0 on input line 282.
Package textcomp Info: Setting cmtt sub-encoding to TS1/0 on input line 283.
Package textcomp Info: Setting cmvtt sub-encoding to TS1/0 on input line 284.
Package textcomp Info: Setting cmbr sub-encoding to TS1/0 on input line 285.
Package textcomp Info: Setting cmtl sub-encoding to TS1/0 on input line 286.
Package textcomp Info: Setting ccr sub-encoding to TS1/0 on input line 287.
Package textcomp Info: Setting ptm sub-encoding to TS1/4 on input line 288.
Package textcomp Info: Setting pcr sub-encoding to TS1/4 on input line 289.
Package textcomp Info: Setting phv sub-encoding to TS1/4 on input line 290.
Package textcomp Info: Setting ppl sub-encoding to TS1/3 on input line 291.
Package textcomp Info: Setting pag sub-encoding to TS1/4 on input line 292.
Package textcomp Info: Setting pbk sub-encoding to TS1/4 on input line 293.
Package textcomp Info: Setting pnc sub-encoding to TS1/4 on input line 294.
Package textcomp Info: Setting pzc sub-encoding to TS1/4 on input line 295.
Package textcomp Info: Setting bch sub-encoding to TS1/4 on input line 296.
Package textcomp Info: Setting put sub-encoding to TS1/5 on input line 297.
Package textcomp Info: Setting uag sub-encoding to TS1/5 on input line 298.
Package textcomp Info: Setting ugq sub-encoding to TS1/5 on input line 299.
Package textcomp Info: Setting ul8 sub-encoding to TS1/4 on input line 300.
Package textcomp Info: Setting ul9 sub-encoding to TS1/4 on input line 301.
Package textcomp Info: Setting augie sub-encoding to TS1/5 on input line 302.
Package textcomp Info: Setting dayrom sub-encoding to TS1/3 on input line 303.
Package textcomp Info: Setting dayroms sub-encoding to TS1/3 on input line 304.

Package textcomp Info: Setting pxr sub-encoding to TS1/0 on input line 305.
Package textcomp Info: Setting pxss sub-encoding to TS1/0 on input line 306.
Package textcomp Info: Setting pxtt sub-encoding to TS1/0 on input line 307.
Package textcomp Info: Setting txr sub-encoding to TS1/0 on input line 308.
Package textcomp Info: Setting txss sub-encoding to TS1/0 on input line 309.
Package textcomp Info: Setting txtt sub-encoding to TS1/0 on input line 310.
Package textcomp Info: Setting lmr sub-encoding to TS1/0 on input line 311.
Package textcomp Info: Setting lmdh sub-encoding to TS1/0 on input line 312.
Package textcomp Info: Setting lmss sub-encoding to TS1/0 on input line 313.
Package textcomp Info: Setting lmssq sub-encoding to TS1/0 on input line 314.
Package textcomp Info: Setting lmvtt sub-encoding to TS1/0 on input line 315.
Package textcomp Info: Setting qhv sub-encoding to TS1/0 on input line 316.
Package textcomp Info: Setting qag sub-encoding to TS1/0 on input line 317.
Package textcomp Info: Setting qbk sub-encoding to TS1/0 on input line 318.
Package textcomp Info: Setting qcr sub-encoding to TS1/0 on input line 319.
Package textcomp Info: Setting qcs sub-encoding to TS1/0 on input line 320.
Package textcomp Info: Setting qpl sub-encoding to TS1/0 on input line 321.
Package textcomp Info: Setting qtm sub-encoding to TS1/0 on input line 322.
Package textcomp Info: Setting qzc sub-encoding to TS1/0 on input line 323.
Package textcomp Info: Setting qhvc sub-encoding to TS1/0 on input line 324.
Package textcomp Info: Setting futs sub-encoding to TS1/4 on input line 325.
Package textcomp Info: Setting futx sub-encoding to TS1/4 on input line 326.
Package textcomp Info: Setting futj sub-encoding to TS1/4 on input line 327.
Package textcomp Info: Setting hlh sub-encoding to TS1/3 on input line 328.
Package textcomp Info: Setting hls sub-encoding to TS1/3 on input line 329.
Package textcomp Info: Setting hlst sub-encoding to TS1/3 on input line 330.
Package textcomp Info: Setting hlct sub-encoding to TS1/5 on input line 331.
Package textcomp Info: Setting hlx sub-encoding to TS1/5 on input line 332.
Package textcomp Info: Setting hlce sub-encoding to TS1/5 on input line 333.
Package textcomp Info: Setting hlcn sub-encoding to TS1/5 on input line 334.
Package textcomp Info: Setting hlcw sub-encoding to TS1/5 on input line 335.
Package textcomp Info: Setting hlcf sub-encoding to TS1/5 on input line 336.
Package textcomp Info: Setting pplx sub-encoding to TS1/3 on input line 337.
Package textcomp Info: Setting pplj sub-encoding to TS1/3 on input line 338.
Package textcomp Info: Setting ptmx sub-encoding to TS1/4 on input line 339.
Package textcomp Info: Setting ptmj sub-encoding to TS1/4 on input line 340.
)
("C:\Program Files\MiKTeX 2.9\tex\latex\lm\lmodern.sty"
Package: lmodern 2009/10/30 v1.6 Latin Modern Fonts
LaTeX Font Info:    Overwriting symbol font `operators' in version `normal'
(Font)                  OT1/cmr/m/n --> OT1/lmr/m/n on input line 22.
LaTeX Font Info:    Overwriting symbol font `letters' in version `normal'
(Font)                  OML/cmm/m/it --> OML/lmm/m/it on input line 23.
LaTeX Font Info:    Overwriting symbol font `symbols' in version `normal'
(Font)                  OMS/cmsy/m/n --> OMS/lmsy/m/n on input line 24.
LaTeX Font Info:    Overwriting symbol font `largesymbols' in version `normal'
(Font)                  OMX/cmex/m/n --> OMX/lmex/m/n on input line 25.
LaTeX Font Info:    Overwriting symbol font `operators' in version `bold'
(Font)                  OT1/cmr/bx/n --> OT1/lmr/bx/n on input line 26.
LaTeX Font Info:    Overwriting symbol font `letters' in version `bold'
(Font)                  OML/cmm/b/it --> OML/lmm/b/it on input line 27.
LaTeX Font Info:    Overwriting symbol font `symbols' in version `bold'
(Font)                  OMS/cmsy/b/n --> OMS/lmsy/b/n on input line 28.
LaTeX Font Info:    Overwriting symbol font `largesymbols' in version `bold'
(Font)                  OMX/cmex/m/n --> OMX/lmex/m/n on input line 29.
LaTeX Font Info:    Overwriting math alphabet `\mathbf' in version `normal'
(Font)                  OT1/cmr/bx/n --> OT1/lmr/bx/n on input line 31.
LaTeX Font Info:    Overwriting math alphabet `\mathsf' in version `normal'
(Font)                  OT1/cmss/m/n --> OT1/lmss/m/n on input line 32.
LaTeX Font Info:    Overwriting math alphabet `\mathit' in version `normal'
(Font)                  OT1/cmr/m/it --> OT1/lmr/m/it on input line 33.
LaTeX Font Info:    Overwriting math alphabet `\mathtt' in version `normal'
(Font)                  OT1/cmtt/m/n --> OT1/lmtt/m/n on input line 34.
LaTeX Font Info:    Overwriting math alphabet `\mathbf' in version `bold'
(Font)                  OT1/cmr/bx/n --> OT1/lmr/bx/n on input line 35.
LaTeX Font Info:    Overwriting math alphabet `\mathsf' in version `bold'
(Font)                  OT1/cmss/bx/n --> OT1/lmss/bx/n on input line 36.
LaTeX Font Info:    Overwriting math alphabet `\mathit' in version `bold'
(Font)                  OT1/cmr/bx/it --> OT1/lmr/bx/it on input line 37.
LaTeX Font Info:    Overwriting math alphabet `\mathtt' in version `bold'
(Font)                  OT1/cmtt/m/n --> OT1/lmtt/m/n on input line 38.
)
(C:\Users\jms4\AppData\Roaming\MiKTeX\2.9\tex\latex\preprint\authblk.sty
Package: authblk 2001/02/27 1.3 (PWD)
\affilsep=\skip48
\@affilsep=\skip49
\c@Maxaffil=\count113
\c@authors=\count114
\c@affil=\count115
)
(C:\Users\jms4\Documents\GitHub\light_in_neural_systems\apr__hardware_for_gener
al_intelligence\hardware_for_cognition.aux)
LaTeX Font Info:    Checking defaults for OML/cmm/m/it on input line 18.
LaTeX Font Info:    ... okay on input line 18.
LaTeX Font Info:    Checking defaults for T1/cmr/m/n on input line 18.
LaTeX Font Info:    ... okay on input line 18.
LaTeX Font Info:    Checking defaults for OT1/cmr/m/n on input line 18.
LaTeX Font Info:    ... okay on input line 18.
LaTeX Font Info:    Checking defaults for OMS/cmsy/m/n on input line 18.
LaTeX Font Info:    ... okay on input line 18.
LaTeX Font Info:    Checking defaults for OMX/cmex/m/n on input line 18.
LaTeX Font Info:    ... okay on input line 18.
LaTeX Font Info:    Checking defaults for U/cmr/m/n on input line 18.
LaTeX Font Info:    ... okay on input line 18.
LaTeX Font Info:    Checking defaults for TS1/cmr/m/n on input line 18.
LaTeX Font Info:    Try loading font information for TS1+cmr on input line 18.

("C:\Program Files\MiKTeX 2.9\tex\latex\base\ts1cmr.fd"
File: ts1cmr.fd 1999/05/25 v2.5h Standard LaTeX font definitions
)
LaTeX Font Info:    ... okay on input line 18.
LaTeX Font Info:    Try loading font information for OT1+lmr on input line 18.

("C:\Program Files\MiKTeX 2.9\tex\latex\lm\ot1lmr.fd"
File: ot1lmr.fd 2009/10/30 v1.6 Font defs for Latin Modern
)
*geometry* driver: auto-detecting
*geometry* detected driver: pdftex
*geometry* verbose mode - [ preamble ] result:
* driver: pdftex
* paper: <default>
* layout: <same size as paper>
* layoutoffset:(h,v)=(0.0pt,0.0pt)
* modes: 
* h-part:(L,W,R)=(51.0727pt, 512.1496pt, 51.07271pt)
* v-part:(T,H,B)=(44.84152pt, 682.86613pt, 67.26233pt)
* \paperwidth=614.295pt
* \paperheight=794.96999pt
* \textwidth=512.1496pt
* \textheight=682.86613pt
* \oddsidemargin=-21.1973pt
* \evensidemargin=-21.1973pt
* \topmargin=-64.42847pt
* \headheight=12.0pt
* \headsep=25.0pt
* \topskip=10.0pt
* \footskip=30.0pt
* \marginparwidth=65.0pt
* \marginparsep=11.0pt
* \columnsep=10.0pt
* \skip\footins=9.0pt plus 4.0pt minus 2.0pt
* \hoffset=0.0pt
* \voffset=0.0pt
* \mag=1000
* \@twocolumnfalse
* \@twosidefalse
* \@mparswitchfalse
* \@reversemarginfalse
* (1in=72.27pt=25.4mm, 1cm=28.453pt)

Package caption Info: Begin \AtBeginDocument code.
Package caption Info: End \AtBeginDocument code.
(C:\Users\jms4\AppData\Roaming\MiKTeX\2.9\tex\context\base\supp-pdf.mkii
[Loading MPS to PDF converter (version 2006.09.02).]
\scratchcounter=\count116
\scratchdimen=\dimen137
\scratchbox=\box54
\nofMPsegments=\count117
\nofMParguments=\count118
\everyMPshowfont=\toks21
\MPscratchCnt=\count119
\MPscratchDim=\dimen138
\MPnumerator=\count120
\makeMPintoPDFobject=\count121
\everyMPtoPDFconversion=\toks22
)
(C:\Users\jms4\Documents\GitHub\light_in_neural_systems\apr__hardware_for_gener
al_intelligence\_abstract.tex)
(C:\Users\jms4\Documents\GitHub\light_in_neural_systems\apr__hardware_for_gener
al_intelligence\hardware_for_cognition.toc
LaTeX Font Info:    Try loading font information for OML+lmm on input line 2.

("C:\Program Files\MiKTeX 2.9\tex\latex\lm\omllmm.fd"
File: omllmm.fd 2009/10/30 v1.6 Font defs for Latin Modern
)
LaTeX Font Info:    Try loading font information for OMS+lmsy on input line 2.

("C:\Program Files\MiKTeX 2.9\tex\latex\lm\omslmsy.fd"
File: omslmsy.fd 2009/10/30 v1.6 Font defs for Latin Modern
)
LaTeX Font Info:    Try loading font information for OMX+lmex on input line 2.

("C:\Program Files\MiKTeX 2.9\tex\latex\lm\omxlmex.fd"
File: omxlmex.fd 2009/10/30 v1.6 Font defs for Latin Modern
)
LaTeX Font Info:    External font `lmex10' loaded for size
(Font)              <10> on input line 2.
LaTeX Font Info:    External font `lmex10' loaded for size
(Font)              <7> on input line 2.
LaTeX Font Info:    External font `lmex10' loaded for size
(Font)              <5> on input line 2.
LaTeX Font Info:    Try loading font information for U+msa on input line 2.

("C:\Program Files\MiKTeX 2.9\tex\latex\amsfonts\umsa.fd"
File: umsa.fd 2013/01/14 v3.01 AMS symbols A
)
LaTeX Font Info:    Try loading font information for U+msb on input line 2.

("C:\Program Files\MiKTeX 2.9\tex\latex\amsfonts\umsb.fd"
File: umsb.fd 2013/01/14 v3.01 AMS symbols B
))
\tf@toc=\write3

(C:\Users\jms4\Documents\GitHub\light_in_neural_systems\apr__hardware_for_gener
al_intelligence\_introduction.tex [1

{C:/Users/jms4/AppData/Local/MiKTeX/2.9/pdftex/config/pdftex.map}]

LaTeX Warning: Reference `sec:electronics' on page 2 undefined on input line 9.



(C:\Users\jms4\Documents\GitHub\light_in_neural_systems\apr__hardware_for_gener
al_intelligence\__historical_context.tex
(C:\Users\jms4\Documents\GitHub\light_in_neural_systems\apr__hardware_for_gener
al_intelligence\__history_of_digital_computing.tex

LaTeX Warning: Citation `http://www.atimes.com/leibniz-chinese-invented-first-b
inary-code/' on page 2 undefined on input line 2.


LaTeX Warning: Citation `http://www.leibniz-translations.com/binary.htm' on pag
e 2 undefined on input line 2.


LaTeX Warning: Citation `https://hal.archives-ouvertes.fr/ads-00104781/document
' on page 2 undefined on input line 2.

[2] [3] [4] [5])
(C:\Users\jms4\Documents\GitHub\light_in_neural_systems\apr__hardware_for_gener
al_intelligence\__history_of_neuroscience.tex
LaTeX Font Info:    Try loading font information for TS1+lmr on input line 3.

("C:\Program Files\MiKTeX 2.9\tex\latex\lm\ts1lmr.fd"
File: ts1lmr.fd 2009/10/30 v1.6 Font defs for Latin Modern
))
(C:\Users\jms4\Documents\GitHub\light_in_neural_systems\apr__hardware_for_gener
al_intelligence\__history_of_ai.tex)
(C:\Users\jms4\Documents\GitHub\light_in_neural_systems\apr__hardware_for_gener
al_intelligence\__present_context_and_aim_of_article.tex)) [6]

LaTeX Warning: Citation `juya1996' on page 7 undefined on input line 30.

[7])
(C:\Users\jms4\Documents\GitHub\light_in_neural_systems\apr__hardware_for_gener
al_intelligence\_neural_systems.tex

pdfTeX warning: pdflatex (file C:/Users/jms4/Documents/GitHub/light_in_neural_s
ystems/apr__hardware_for_general_intelligence/figures/_neural_elephant.pdf): PD
F inclusion: found PDF version <1.7>, but at most version <1.5> allowed
<figures/_neural_elephant.pdf, id=34, 302.4389pt x 219.1357pt>
File: figures/_neural_elephant.pdf Graphic file (type pdf)

<use figures/_neural_elephant.pdf>
Package pdftex.def Info: figures/_neural_elephant.pdf used on input line 8.
(pdftex.def)             Requested size: 244.69386pt x 177.29495pt.

<figures/_ramon_y_cajal.png, id=35, 578.16pt x 946.53625pt>
File: figures/_ramon_y_cajal.png Graphic file (type png)

<use figures/_ramon_y_cajal.png>
Package pdftex.def Info: figures/_ramon_y_cajal.png used on input line 11.
(pdftex.def)             Requested size: 244.69386pt x 400.58998pt.
 [8 <C:/Users/jms4/Documents/GitHub/light_in_neural_systems/apr__hardware_for_g
eneral_intelligence/figures/_neural_elephant.pdf>]
Overfull \vbox (150.58998pt too high) has occurred while \output is active []


Overfull \vbox (149.58998pt too high) has occurred while \output is active []


Overfull \vbox (148.58998pt too high) has occurred while \output is active []


Overfull \vbox (147.58998pt too high) has occurred while \output is active []


Overfull \vbox (146.58998pt too high) has occurred while \output is active []


Overfull \vbox (145.58998pt too high) has occurred while \output is active []


Overfull \vbox (144.58998pt too high) has occurred while \output is active []


Overfull \vbox (143.58998pt too high) has occurred while \output is active []


Overfull \vbox (142.58998pt too high) has occurred while \output is active []


Overfull \vbox (141.58998pt too high) has occurred while \output is active []


Overfull \vbox (140.58998pt too high) has occurred while \output is active []


Overfull \vbox (139.58998pt too high) has occurred while \output is active []


Overfull \vbox (138.58998pt too high) has occurred while \output is active []


Overfull \vbox (137.58998pt too high) has occurred while \output is active []


Overfull \vbox (136.58998pt too high) has occurred while \output is active []


Overfull \vbox (135.58998pt too high) has occurred while \output is active []


Overfull \vbox (134.58998pt too high) has occurred while \output is active []


Overfull \vbox (133.58998pt too high) has occurred while \output is active []


Overfull \vbox (132.58998pt too high) has occurred while \output is active []


Overfull \vbox (131.58998pt too high) has occurred while \output is active []


Overfull \vbox (130.58998pt too high) has occurred while \output is active []


Overfull \vbox (129.58998pt too high) has occurred while \output is active []


Overfull \vbox (128.58998pt too high) has occurred while \output is active []


Overfull \vbox (127.58998pt too high) has occurred while \output is active []


Overfull \vbox (126.58998pt too high) has occurred while \output is active []


Overfull \vbox (125.58998pt too high) has occurred while \output is active []


Overfull \vbox (124.58998pt too high) has occurred while \output is active []


Overfull \vbox (123.58998pt too high) has occurred while \output is active []


Overfull \vbox (122.58998pt too high) has occurred while \output is active []


Overfull \vbox (121.58998pt too high) has occurred while \output is active []


Overfull \vbox (120.58998pt too high) has occurred while \output is active []


Overfull \vbox (119.58998pt too high) has occurred while \output is active []


Overfull \vbox (118.58998pt too high) has occurred while \output is active []


Overfull \vbox (117.58998pt too high) has occurred while \output is active []


Overfull \vbox (116.58998pt too high) has occurred while \output is active []


Overfull \vbox (115.58998pt too high) has occurred while \output is active []


Overfull \vbox (114.58998pt too high) has occurred while \output is active []


Overfull \vbox (113.58998pt too high) has occurred while \output is active []


Overfull \vbox (112.58998pt too high) has occurred while \output is active []


Overfull \vbox (111.58998pt too high) has occurred while \output is active []


Overfull \vbox (110.58998pt too high) has occurred while \output is active []


Overfull \vbox (109.58998pt too high) has occurred while \output is active []


Overfull \vbox (108.58998pt too high) has occurred while \output is active []


Overfull \vbox (107.58998pt too high) has occurred while \output is active []


Overfull \vbox (106.58998pt too high) has occurred while \output is active []


Overfull \vbox (105.58998pt too high) has occurred while \output is active []


Overfull \vbox (104.58998pt too high) has occurred while \output is active []


Overfull \vbox (103.58998pt too high) has occurred while \output is active []


Overfull \vbox (102.58998pt too high) has occurred while \output is active []


Overfull \vbox (101.58998pt too high) has occurred while \output is active []


Overfull \vbox (100.58998pt too high) has occurred while \output is active []


Overfull \vbox (99.58998pt too high) has occurred while \output is active []


Overfull \vbox (98.58998pt too high) has occurred while \output is active []


Overfull \vbox (97.58998pt too high) has occurred while \output is active []


Overfull \vbox (96.58998pt too high) has occurred while \output is active []


Overfull \vbox (95.58998pt too high) has occurred while \output is active []


Overfull \vbox (94.58998pt too high) has occurred while \output is active []


Overfull \vbox (93.58998pt too high) has occurred while \output is active []


Overfull \vbox (92.58998pt too high) has occurred while \output is active []


Overfull \vbox (91.58998pt too high) has occurred while \output is active []


Overfull \vbox (90.58998pt too high) has occurred while \output is active []


Overfull \vbox (89.58998pt too high) has occurred while \output is active []


Overfull \vbox (88.58998pt too high) has occurred while \output is active []


Overfull \vbox (87.58998pt too high) has occurred while \output is active []


Overfull \vbox (86.58998pt too high) has occurred while \output is active []


Overfull \vbox (85.58998pt too high) has occurred while \output is active []


Overfull \vbox (84.58998pt too high) has occurred while \output is active []


Overfull \vbox (83.58998pt too high) has occurred while \output is active []


Overfull \vbox (82.58998pt too high) has occurred while \output is active []


Overfull \vbox (81.58998pt too high) has occurred while \output is active []


Overfull \vbox (80.58998pt too high) has occurred while \output is active []


Overfull \vbox (79.58998pt too high) has occurred while \output is active []


Overfull \vbox (78.58998pt too high) has occurred while \output is active []


Overfull \vbox (77.58998pt too high) has occurred while \output is active []


Overfull \vbox (76.58998pt too high) has occurred while \output is active []


Overfull \vbox (75.58998pt too high) has occurred while \output is active []


Overfull \vbox (74.58998pt too high) has occurred while \output is active []


Overfull \vbox (73.58998pt too high) has occurred while \output is active []


Overfull \vbox (72.58998pt too high) has occurred while \output is active []


Overfull \vbox (71.58998pt too high) has occurred while \output is active []


Overfull \vbox (70.58998pt too high) has occurred while \output is active []


Overfull \vbox (69.58998pt too high) has occurred while \output is active []


Overfull \vbox (68.58998pt too high) has occurred while \output is active []


Overfull \vbox (67.58998pt too high) has occurred while \output is active []


Overfull \vbox (66.58998pt too high) has occurred while \output is active []


Overfull \vbox (65.58998pt too high) has occurred while \output is active []


Overfull \vbox (64.58998pt too high) has occurred while \output is active []


Overfull \vbox (63.58998pt too high) has occurred while \output is active []


Overfull \vbox (62.58998pt too high) has occurred while \output is active []


Overfull \vbox (61.58998pt too high) has occurred while \output is active []


Overfull \vbox (60.58998pt too high) has occurred while \output is active []


Overfull \vbox (59.58998pt too high) has occurred while \output is active []


Overfull \vbox (58.58998pt too high) has occurred while \output is active []


Overfull \vbox (57.58998pt too high) has occurred while \output is active []


Overfull \vbox (56.58998pt too high) has occurred while \output is active []


Overfull \vbox (55.58998pt too high) has occurred while \output is active []


Overfull \vbox (54.58998pt too high) has occurred while \output is active []


Overfull \vbox (53.58998pt too high) has occurred while \output is active []


Overfull \vbox (52.58998pt too high) has occurred while \output is active []


Overfull \vbox (51.58998pt too high) has occurred while \output is active []


Overfull \vbox (50.58998pt too high) has occurred while \output is active []


Overfull \vbox (49.58998pt too high) has occurred while \output is active []


Overfull \vbox (48.58998pt too high) has occurred while \output is active []


Overfull \vbox (47.58998pt too high) has occurred while \output is active []


Overfull \vbox (46.58998pt too high) has occurred while \output is active []


Overfull \vbox (45.58998pt too high) has occurred while \output is active []


Overfull \vbox (44.58998pt too high) has occurred while \output is active []


Overfull \vbox (43.58998pt too high) has occurred while \output is active []


Overfull \vbox (42.58998pt too high) has occurred while \output is active []


Overfull \vbox (41.58998pt too high) has occurred while \output is active []


Overfull \vbox (40.58998pt too high) has occurred while \output is active []


Overfull \vbox (39.58998pt too high) has occurred while \output is active []


Overfull \vbox (38.58998pt too high) has occurred while \output is active []


Overfull \vbox (37.58998pt too high) has occurred while \output is active []


Overfull \vbox (36.58998pt too high) has occurred while \output is active []


Overfull \vbox (35.58998pt too high) has occurred while \output is active []


Overfull \vbox (34.58998pt too high) has occurred while \output is active []


Overfull \vbox (33.58998pt too high) has occurred while \output is active []


Overfull \vbox (32.58998pt too high) has occurred while \output is active []


Overfull \vbox (31.58998pt too high) has occurred while \output is active []


Overfull \vbox (30.58998pt too high) has occurred while \output is active []


Overfull \vbox (29.58998pt too high) has occurred while \output is active []


Overfull \vbox (28.58998pt too high) has occurred while \output is active []


Overfull \vbox (27.58998pt too high) has occurred while \output is active []


Overfull \vbox (26.58998pt too high) has occurred while \output is active []


Overfull \vbox (25.58998pt too high) has occurred while \output is active []


Overfull \vbox (24.58998pt too high) has occurred while \output is active []


<figures/_portraits_of_the_mind.png, id=62, 2165.08875pt x 569.12625pt>
File: figures/_portraits_of_the_mind.png Graphic file (type png)

<use figures/_portraits_of_the_mind.png>
Package pdftex.def Info: figures/_portraits_of_the_mind.png used on input line 
15.
(pdftex.def)             Requested size: 489.38731pt x 128.6384pt.


Package caption Warning: \captionsetup{type*=...} or \captionof
(caption)                outside box or environment on input line 16.
See the caption package documentation for explanation.


(C:\Users\jms4\Documents\GitHub\light_in_neural_systems\apr__hardware_for_gener
al_intelligence\__spatial_structure_of_neural_systems.tex [9 <C:/Users/jms4/Doc
uments/GitHub/light_in_neural_systems/apr__hardware_for_general_intelligence/fi
gures/_ramon_y_cajal.png (PNG copy)> <C:/Users/jms4/Documents/GitHub/light_in_n
eural_systems/apr__hardware_for_general_intelligence/figures/_portraits_of_the_
mind.png (PNG copy)>]

LaTeX Warning: Reference `fig:data' on page 10 undefined on input line 13.

<data_plots.pdf, id=66, 244.69318pt x 438.3025pt>
File: data_plots.pdf Graphic file (type pdf)
 <use data_plots.pdf>
Package pdftex.def Info: data_plots.pdf used on input line 15.
(pdftex.def)             Requested size: 244.69386pt x 438.3081pt.


LaTeX Warning: Citation `shICRC2018' on page 10 undefined on input line 16.


LaTeX Warning: Citation `shICRC2018' on page 10 undefined on input line 16.


Package multicol Warning: Floats and marginpars not allowed inside `multicols' 
environment!.


Package multicol Warning: Floats and marginpars not allowed inside `multicols' 
environment!.


LaTeX Warning: Citation `eskn2014' on page 10 undefined on input line 20.

[10]
<figures/_sporns_hierarchical_modularity.png, id=75, 681.54625pt x 669.50125pt>
File: figures/_sporns_hierarchical_modularity.png Graphic file (type png)
<use figures/_sporns_hierarchical_modularity.png>
Package pdftex.def Info: figures/_sporns_hierarchical_modularity.png used on in
put line 42.
(pdftex.def)             Requested size: 244.69386pt x 240.36646pt.

<figures/_sporns_complexity.png, id=76, 828.09375pt x 545.03625pt>
File: figures/_sporns_complexity.png Graphic file (type png)

<use figures/_sporns_complexity.png>
Package pdftex.def Info: figures/_sporns_complexity.png used on input line 45.
(pdftex.def)             Requested size: 244.69386pt x 161.05043pt.
 [11 <C:/Users/jms4/Documents/GitHub/light_in_neural_systems/apr__hardware_for_
general_intelligence/figures/_sporns_hierarchical_modularity.png (PNG copy)>]
<figures/_sporns_complexity_and_hierarchical_modularity.png, id=82, 689.57625pt
 x 832.10875pt>
File: figures/_sporns_complexity_and_hierarchical_modularity.png Graphic file (
type png)

<use figures/_sporns_complexity_and_hierarchical_modularity.png>
Package pdftex.def Info: figures/_sporns_complexity_and_hierarchical_modularity
.png used on input line 48.
(pdftex.def)             Requested size: 244.69386pt x 295.26735pt.


LaTeX Warning: Citation `ma1983' on page 12 undefined on input line 63.

[12 <C:/Users/jms4/Documents/GitHub/light_in_neural_systems/apr__hardware_for_g
eneral_intelligence/figures/_sporns_complexity.png (PNG copy)> <C:/Users/jms4/D
ocuments/GitHub/light_in_neural_systems/apr__hardware_for_general_intelligence/
figures/_sporns_complexity_and_hierarchical_modularity.png (PNG copy)>])
(C:\Users\jms4\Documents\GitHub\light_in_neural_systems\apr__hardware_for_gener
al_intelligence\__temporal_dynamics_of_neural_systems.tex

LaTeX Warning: Citation `more' on page 13 undefined on input line 17.

[13] [14] [15]

LaTeX Warning: Reference `fig:dendritic_sequence_detection' on page 16 undefine
d on input line 50.

[16]

LaTeX Warning: Reference `fig:short-term_plasticity' on page 17 undefined on in
put line 92.

[17]
Underfull \hbox (badness 7504) in paragraph at lines 104--105
 \OT1/lmr/bx/n/10 2.2.1.10 []Long-Term Synap-tic Plas-tic-ity[] \OT1/lmr/m/n/10
 Over
 []

[18] [19] [20]

LaTeX Warning: Citation `others' on page 21 undefined on input line 167.

[21]

LaTeX Warning: Citation `hosc1997' on page 22 undefined on input line 203.

[22]
LaTeX Font Info:    External font `lmex10' loaded for size
(Font)              <8> on input line 217.
LaTeX Font Info:    External font `lmex10' loaded for size
(Font)              <6> on input line 217.


Package multicol Warning: I moved some lines to the next page.
(multicol)                Footnotes on page 23 might be wrong on input line 228
.

[23]

LaTeX Warning: Citation `bepl2003' on page 24 undefined on input line 232.


LaTeX Warning: Citation `http://www.humanconnectomeproject.org/' on page 24 und
efined on input line 247.


Package multicol Warning: I moved some lines to the next page.
(multicol)                Footnotes on page 24 might be wrong on input line 250
.

[24]

LaTeX Warning: Citation `ba2005_baks_book' on page 25 undefined on input line 2
51.


LaTeX Warning: Citation `dover_book_on_fractals' on page 25 undefined on input 
line 251.


LaTeX Warning: Citation `ba2005' on page 25 undefined on input line 251.


LaTeX Warning: Citation `be2008' on page 25 undefined on input line 251.

)
(C:\Users\jms4\Documents\GitHub\light_in_neural_systems\apr__hardware_for_gener
al_intelligence\__memory_in_neural_systems.tex)
(C:\Users\jms4\Documents\GitHub\light_in_neural_systems\apr__hardware_for_gener
al_intelligence\__cognition.tex [25] [26]

LaTeX Warning: Citation `paperaboutthecomplexnetworksidentifyingfaces' on page 
27 undefined on input line 24.


LaTeX Warning: Citation `xxx' on page 27 undefined on input line 33.

[27]
Underfull \hbox (badness 6173) in paragraph at lines 42--42
[]\OT1/lmr/bx/n/10 Experimental Progress Iden-ti-fy-ing the
 []


LaTeX Warning: Citation `de2015' on page 28 undefined on input line 45.

[28])
(C:\Users\jms4\Documents\GitHub\light_in_neural_systems\apr__hardware_for_gener
al_intelligence\__summary_of_neural_information.tex [29] [30]

LaTeX Warning: Citation `one_from_reading_group' on page 31 undefined on input 
line 21.

))
(C:\Users\jms4\Documents\GitHub\light_in_neural_systems\apr__hardware_for_gener
al_intelligence\_hardware_platforms.tex
Underfull \hbox (badness 5403) in paragraph at lines 1--1
 \OT1/lmr/bx/n/10 2.5.0.1 Key Take-aways Re-gard-ing Bi-o-log-i-cal
 []

[31]
(C:\Users\jms4\Documents\GitHub\light_in_neural_systems\apr__hardware_for_gener
al_intelligence\__overview_of_machine_learning.tex

LaTeX Warning: Citation `juya1996' on page 32 undefined on input line 4.

[32])
(C:\Users\jms4\Documents\GitHub\light_in_neural_systems\apr__hardware_for_gener
al_intelligence\__general_hardware_considerations.tex

LaTeX Warning: Citation `rowa2017a' on page 33 undefined on input line 3.


LaTeX Warning: Citation `rowa2017a' on page 33 undefined on input line 5.

[33] [34] [35])
(C:\Users\jms4\Documents\GitHub\light_in_neural_systems\apr__hardware_for_gener
al_intelligence\__semiconductor_neural_systems.tex [36] [37] [38] [39])
(C:\Users\jms4\Documents\GitHub\light_in_neural_systems\apr__hardware_for_gener
al_intelligence\__photonic_neural_systems.tex

pdfTeX warning: pdflatex (file C:/Users/jms4/Documents/GitHub/light_in_neural_s
ystems/apr__hardware_for_general_intelligence/figures/_stanford_architecture.pd
f): PDF inclusion: found PDF version <1.7>, but at most version <1.5> allowed
<figures/_stanford_architecture.pdf, id=179, 521.77135pt x 649.76755pt>
File: figures/_stanford_architecture.pdf Graphic file (type pdf)

<use figures/_stanford_architecture.pdf>
Package pdftex.def Info: figures/_stanford_architecture.pdf used on input line 
2.
(pdftex.def)             Requested size: 244.69386pt x 304.71658pt.
 [40 <C:/Users/jms4/Documents/GitHub/light_in_neural_systems/apr__hardware_for_
general_intelligence/figures/_stanford_architecture.pdf>]

LaTeX Warning: Citation `abms1982' on page 41 undefined on input line 15.

[41]

pdfTeX warning: pdflatex (file C:/Users/jms4/Documents/GitHub/light_in_neural_s
ystems/apr__hardware_for_general_intelligence/figures/_optical_switching_networ
k.pdf): PDF inclusion: found PDF version <1.7>, but at most version <1.5> allow
ed
<figures/_optical_switching_network.pdf, id=212, 848.53812pt x 526.28922pt>
File: figures/_optical_switching_network.pdf Graphic file (type pdf)

<use figures/_optical_switching_network.pdf>
Package pdftex.def Info: figures/_optical_switching_network.pdf used on input l
ine 21.
(pdftex.def)             Requested size: 244.69386pt x 151.7607pt.


pdfTeX warning: pdflatex (file C:/Users/jms4/Documents/GitHub/light_in_neural_s
ystems/apr__hardware_for_general_intelligence/figures/_soref_1993.pdf): PDF inc
lusion: found PDF version <1.7>, but at most version <1.5> allowed
<figures/_soref_1993.pdf, id=213, 837.99678pt x 1140.08932pt>
File: figures/_soref_1993.pdf Graphic file (type pdf)

<use figures/_soref_1993.pdf>
Package pdftex.def Info: figures/_soref_1993.pdf used on input line 35.
(pdftex.def)             Requested size: 244.69386pt x 332.89636pt.
 [42 <C:/Users/jms4/Documents/GitHub/light_in_neural_systems/apr__hardware_for_
general_intelligence/figures/_optical_switching_network.pdf>]

pdfTeX warning: pdflatex (file C:/Users/jms4/Documents/GitHub/light_in_neural_s
ystems/apr__hardware_for_general_intelligence/figures/_soref_1985.pdf): PDF inc
lusion: found PDF version <1.7>, but at most version <1.5> allowed
<figures/_soref_1985.pdf, id=243, 471.32587pt x 726.8395pt>
File: figures/_soref_1985.pdf Graphic file (type pdf)

<use figures/_soref_1985.pdf>
Package pdftex.def Info: figures/_soref_1985.pdf used on input line 39.
(pdftex.def)             Requested size: 244.69386pt x 377.34872pt.


LaTeX Warning: Reference `fig:soref_waveguide' on page 43 undefined on input li
ne 41.


LaTeX Warning: Reference `fig:soref_waveguide' on page 43 undefined on input li
ne 41.

[43 <C:/Users/jms4/Documents/GitHub/light_in_neural_systems/apr__hardware_for_g
eneral_intelligence/figures/_soref_1993.pdf> <C:/Users/jms4/Documents/GitHub/li
ght_in_neural_systems/apr__hardware_for_general_intelligence/figures/_soref_198
5.pdf

pdfTeX warning: pdflatex (file C:/Users/jms4/Documents/GitHub/light_in_neural_s
ystems/apr__hardware_for_general_intelligence/figures/_soref_1985.pdf): PDF inc
lusion: multiple pdfs with page group included in a single page
>]

LaTeX Warning: Citation `solo1986' on page 44 undefined on input line 43.


LaTeX Warning: Citation `solo1986' undefined on input line 43.


LaTeX Warning: Citation `solo1986' on page 44 undefined on input line 43.


LaTeX Warning: Reference `fig:soi' on page 44 undefined on input line 47.


Package multicol Warning: I moved some lines to the next page.
(multicol)                Footnotes on page 44 might be wrong on input line 54.


[44] [45] [46] [47]

pdfTeX warning: pdflatex (file C:/Users/jms4/Documents/GitHub/light_in_neural_s
ystems/apr__hardware_for_general_intelligence/figures/_first_optical_neural_net
.pdf): PDF inclusion: found PDF version <1.7>, but at most version <1.5> allowe
d
<figures/_first_optical_neural_net.pdf, id=319, 712.26pt x 574.47626pt>
File: figures/_first_optical_neural_net.pdf Graphic file (type pdf)

<use figures/_first_optical_neural_net.pdf>
Package pdftex.def Info: figures/_first_optical_neural_net.pdf used on input li
ne 148.
(pdftex.def)             Requested size: 244.69386pt x 197.353pt.


LaTeX Warning: Reference `psfa1985' on page 48 undefined on input line 150.



pdfTeX warning: pdflatex (file C:/Users/jms4/Documents/GitHub/light_in_neural_s
ystems/apr__hardware_for_general_intelligence/figures/_neuro_optic_processor.pd
f): PDF inclusion: found PDF version <1.7>, but at most version <1.5> allowed
<figures/_neuro_optic_processor.pdf, id=320, 650.52135pt x 514.995pt>
File: figures/_neuro_optic_processor.pdf Graphic file (type pdf)

<use figures/_neuro_optic_processor.pdf>
Package pdftex.def Info: figures/_neuro_optic_processor.pdf used on input line 
154.
(pdftex.def)             Requested size: 244.69386pt x 193.712pt.
 [48 <C:/Users/jms4/Documents/GitHub/light_in_neural_systems/apr__hardware_for_
general_intelligence/figures/_first_optical_neural_net.pdf>]

LaTeX Warning: Citation `fees1988' on page 49 undefined on input line 162.

[49 <C:/Users/jms4/Documents/GitHub/light_in_neural_systems/apr__hardware_for_g
eneral_intelligence/figures/_neuro_optic_processor.pdf>]

LaTeX Warning: Reference `chsi2018' on page 50 undefined on input line 210.

[50]

LaTeX Warning: Citation `ke1985' on page 51 undefined on input line 221.


LaTeX Warning: Citation `more_refs_here' on page 51 undefined on input line 221
.


LaTeX Warning: Reference `sec:integrated_photonics_for_deep_learning' on page 5
1 undefined on input line 221.

[51]

LaTeX Warning: Reference `sec:neural_systems' on page 52 undefined on input lin
e 223.


LaTeX Warning: Reference `sec:soens' on page 52 undefined on input line 223.


LaTeX Warning: Reference `sec:soens' on page 52 undefined on input line 227.


LaTeX Warning: Reference `eq:' on page 52 undefined on input line 246.

[52] [53]

LaTeX Warning: Reference `shha2017' on page 54 undefined on input line 254.

[54] [55]

pdfTeX warning: pdflatex (file C:/Users/jms4/Documents/GitHub/light_in_neural_s
ystems/apr__hardware_for_general_intelligence/figures/_delay_systems.pdf): PDF 
inclusion: found PDF version <1.7>, but at most version <1.5> allowed
<figures/_delay_systems.pdf, id=399, 452.50256pt x 423.89265pt>
File: figures/_delay_systems.pdf Graphic file (type pdf)

<use figures/_delay_systems.pdf>
Package pdftex.def Info: figures/_delay_systems.pdf used on input line 283.
(pdftex.def)             Requested size: 244.69386pt x 229.22203pt.
 [56 <C:/Users/jms4/Documents/GitHub/light_in_neural_systems/apr__hardware_for_
general_intelligence/figures/_delay_systems.pdf>]

pdfTeX warning: pdflatex (file C:/Users/jms4/Documents/GitHub/light_in_neural_s
ystems/apr__hardware_for_general_intelligence/figures/_optoelectronic_delay_sys
tem.pdf): PDF inclusion: found PDF version <1.7>, but at most version <1.5> all
owed
<figures/_optoelectronic_delay_system.pdf, id=427, 916.30031pt x 458.52603pt>
File: figures/_optoelectronic_delay_system.pdf Graphic file (type pdf)

<use figures/_optoelectronic_delay_system.pdf>
Package pdftex.def Info: figures/_optoelectronic_delay_system.pdf used on input
 line 289.
(pdftex.def)             Requested size: 244.69386pt x 122.44635pt.
 [57 <C:/Users/jms4/Documents/GitHub/light_in_neural_systems/apr__hardware_for_
general_intelligence/figures/_optoelectronic_delay_system.pdf>]

LaTeX Warning: Reference `sec:neural_systems' on page 58 undefined on input lin
e 297.


Underfull \hbox (badness 10000) in paragraph at lines 310--310
[]\OT1/lmr/bx/n/10 Spiking Neu-rons with Semi-con-duc-tor
 []


LaTeX Warning: Citation `nata2013' on page 58 undefined on input line 315.

[58]

LaTeX Warning: Citation `moju2000' on page 59 undefined on input line 374.

[59]

LaTeX Warning: Citation `krro2011' on page 60 undefined on input line 402.


LaTeX Warning: Citation `husc2012' on page 60 undefined on input line 435.

[60] [61]
Underfull \hbox (badness 10000) in paragraph at lines 559--559
[]\OT1/lmr/bx/n/10 Phase-Change Ma-te-ri-als for Synap-tic
 []

[62]

LaTeX Warning: Citation `feyo2019' on page 63 undefined on input line 582.


Underfull \hbox (badness 10000) in paragraph at lines 613--613
[]\OT1/lmr/bx/n/10 Wavelength-Division Mul-ti-plex-ing for
 []

[63] [64]

LaTeX Warning: Citation `nata2016' on page 65 undefined on input line 660.


LaTeX Warning: Citation `fepe2019' on page 65 undefined on input line 678.

)
(C:\Users\jms4\Documents\GitHub\light_in_neural_systems\apr__hardware_for_gener
al_intelligence\__superconductor_neural_systems.tex [65]
<figures/jj.png, id=480, 1003.75pt x 1003.75pt>
File: figures/jj.png Graphic file (type png)
 <use figures/jj.png>
Package pdftex.def Info: figures/jj.png used on input line 8.
(pdftex.def)             Requested size: 244.69386pt x 244.68796pt.


Package multicol Warning: Floats and marginpars not allowed inside `multicols' 
environment!.


Package multicol Warning: Floats and marginpars not allowed inside `multicols' 
environment!.


LaTeX Warning: Reference `fig:jj' on page 66 undefined on input line 11.


LaTeX Warning: Reference `fig:jj' on page 66 undefined on input line 13.


LaTeX Warning: Reference `fig:jj' on page 66 undefined on input line 15.

[66]
Underfull \hbox (badness 10000) in paragraph at lines 38--40
[]\OT1/lmr/m/n/10 recent work on ba-sic sci-ence of MJJs:
 []


Underfull \hbox (badness 5939) in paragraph at lines 42--43
[]\OT1/lmr/m/n/10 discussion of su-per-con-duct-ing elec-tron-ics for sens-
 []

[67]

LaTeX Warning: Citation `chca2013' undefined on input line 54.


LaTeX Warning: Citation `chca2013' on page 68 undefined on input line 54.

[68] [69]

LaTeX Warning: Reference `sec:superconductingOptoelectronic' on page 70 undefin
ed on input line 81.


LaTeX Warning: Reference `sec:electronics' on page 70 undefined on input line 8
4.

[70]
Underfull \hbox (badness 6658) in paragraph at lines 100--101
[]\OT1/lmr/m/n/10 temporal co-in-ci-dence: com-pare/contrast with
 []

)
(C:\Users\jms4\Documents\GitHub\light_in_neural_systems\apr__hardware_for_gener
al_intelligence\__superconducting_optoelectronic_neural_systems.tex

LaTeX Warning: Citation `sh2019_fluxonic' undefined on input line 2.


LaTeX Warning: Citation `sh2019_fluxonic' on page 71 undefined on input line 2.



LaTeX Warning: Citation `juya1996' on page 71 undefined on input line 5.


LaTeX Warning: Citation `ke1985' on page 71 undefined on input line 43.

[71]

LaTeX Warning: Citation `x' on page 72 undefined on input line 50.


LaTeX Warning: Citation `y' on page 72 undefined on input line 50.


LaTeX Warning: Citation `z' on page 72 undefined on input line 50.


LaTeX Warning: Reference `fig:snspd' on page 72 undefined on input line 50.

[72] [73]

LaTeX Warning: Reference `sec:optoelectronicNeurons' on page 74 undefined on in
put line 165.

[74]

LaTeX Warning: Citation `thatpapersomeonepresentedatgroupmeeting' on page 75 un
defined on input line 168.

)
(C:\Users\jms4\Documents\GitHub\light_in_neural_systems\apr__hardware_for_gener
al_intelligence\__comparison_of_interconnects.tex

LaTeX Warning: Reference `sec:neural_systems' on page 75 undefined on input lin
e 32.

[75]

LaTeX Warning: Citation `xxx' on page 76 undefined on input line 47.


LaTeX Warning: Citation `yyy' on page 76 undefined on input line 47.

[76] [77]

LaTeX Warning: Citation `juya1996' on page 78 undefined on input line 95.


LaTeX Warning: Citation `juya1996' on page 78 undefined on input line 96.


LaTeX Warning: Citation `juya1996' on page 78 undefined on input line 97.

[78] [79]

LaTeX Warning: Reference `fig:silicon_absorption_emission' on page 80 undefined
 on input line 139.


LaTeX Warning: Citation `shor2014' on page 80 undefined on input line 150.


LaTeX Warning: Citation `suwa2017' on page 80 undefined on input line 150.

[80])
(C:\Users\jms4\Documents\GitHub\light_in_neural_systems\apr__hardware_for_gener
al_intelligence\__comparison_of_computational_devices_and_circuits.tex))
(C:\Users\jms4\Documents\GitHub\light_in_neural_systems\apr__hardware_for_gener
al_intelligence\_large_scale.tex [81]
(C:\Users\jms4\Documents\GitHub\light_in_neural_systems\apr__hardware_for_gener
al_intelligence\__metrics_for_neuromorphic_systems.tex [82])
(C:\Users\jms4\Documents\GitHub\light_in_neural_systems\apr__hardware_for_gener
al_intelligence\__achieving_hierarchical_modularity.tex)
(C:\Users\jms4\Documents\GitHub\light_in_neural_systems\apr__hardware_for_gener
al_intelligence\__temperature_stages.tex)
(C:\Users\jms4\Documents\GitHub\light_in_neural_systems\apr__hardware_for_gener
al_intelligence\__neuromorphic_supercomputing.tex)
(C:\Users\jms4\Documents\GitHub\light_in_neural_systems\apr__hardware_for_gener
al_intelligence\__optimal_environment.tex))
(C:\Users\jms4\Documents\GitHub\light_in_neural_systems\apr__hardware_for_gener
al_intelligence\_application_spaces.tex [83]

LaTeX Warning: Citation `add_more_bayesian_neuro_refs_here_and_in_neuro_section
' on page 84 undefined on input line 67.

[84])
(C:\Users\jms4\Documents\GitHub\light_in_neural_systems\apr__hardware_for_gener
al_intelligence\_outlook.tex [85] [86] [87])
(C:\Users\jms4\Documents\GitHub\light_in_neural_systems\apr__hardware_for_gener
al_intelligence\_definitions.tex)
(C:\Users\jms4\Documents\GitHub\light_in_neural_systems\apr__hardware_for_gener
al_intelligence\___misc_notes.tex [88] [89] [90] [91]

LaTeX Warning: Citation `siso1991' on page 92 undefined on input line 135.


LaTeX Warning: Citation `dave2012' on page 92 undefined on input line 135.


LaTeX Warning: Citation `omgi1994' on page 92 undefined on input line 145.

[92] [93])
(C:\Users\jms4\Documents\GitHub\light_in_neural_systems\apr__hardware_for_gener
al_intelligence\hardware_for_cognition.bbl
Underfull \hbox (badness 10000) in paragraph at lines 52--57
\OT1/lmr/m/n/10 https://www.vordenker.de/downloads/turing-
 []


Underfull \hbox (badness 10000) in paragraph at lines 123--128
[]\OT1/lmr/m/n/10 D. Sil-ver, J. Schrit-twieser, K. Si-monyan,
 []

[94] [95] [96]
Underfull \hbox (badness 7256) in paragraph at lines 529--532
[]\OT1/lmr/m/n/10 P.J. Sjostrom, E.A. Rancz, A. Roth, and
 []


Underfull \hbox (badness 10000) in paragraph at lines 560--565
[]\OT1/lmr/m/n/10 M. Ra-bi-novich, A. Volkovskii, P. Lecanda,
 []

[97]
Underfull \hbox (badness 10000) in paragraph at lines 748--751
[]\OT1/lmr/m/n/10 D. Brun-ner, B. Penkovsky, B.A. Mar-quez,
 []

[98] [99]
Underfull \hbox (badness 5105) in paragraph at lines 1053--1057
[]\OT1/lmr/m/n/10 D. Pa-tel, A. Samani, V. Veera-sub-ra-ma-nian,
 []


Underfull \hbox (badness 10000) in paragraph at lines 1080--1083
\OT1/lmr/m/n/10 waveguide-coupled silicon-germanium de-tec-tor.
 []

[100] [101]
Underfull \hbox (badness 10000) in paragraph at lines 1344--1347
[]\OT1/lmr/m/n/10 K. Van-doorne, J. Dambre, D. Ver-straeten,
 []


Underfull \hbox (badness 5578) in paragraph at lines 1355--1360
[]\OT1/lmr/m/n/10 K. Van-doorne, P. Mechet, T. Van Vaeren-
 []

[102]
Underfull \hbox (badness 10000) in paragraph at lines 1425--1430
[]\OT1/lmr/m/n/10 F. Coarer, M. Scia-manna, A. Ka-tumba,
 []

[103]
Underfull \hbox (badness 10000) in paragraph at lines 1646--1648
[]\OT1/lmr/m/n/10 https://spectrum.ieee.org/tech-history/heroic-
 []


Underfull \hbox (badness 10000) in paragraph at lines 1646--1648
\OT1/lmr/m/n/10 failures/dudley-bucks-forgotten-cryotron-computer.
 []


Underfull \hbox (badness 8132) in paragraph at lines 1680--1684
[]\OT1/lmr/m/n/10 K.K. Likharev and V.K. Se-menov.  Rsfq
 []

[104] [105] [106]) [107]
(C:\Users\jms4\Documents\GitHub\light_in_neural_systems\apr__hardware_for_gener
al_intelligence\hardware_for_cognition.aux)

LaTeX Warning: There were undefined references.

 ) 
Here is how much of TeX's memory you used:
 5113 strings out of 493921
 83516 string characters out of 3147285
 135858 words of memory out of 3000000
 8214 multiletter control sequences out of 15000+200000
 76504 words of font info for 57 fonts, out of 3000000 for 9000
 841 hyphenation exceptions out of 8191
 36i,16n,39p,4101b,435s stack positions out of 5000i,500n,10000p,200000b,50000s
{C:/Program Files/MiKTeX 2.9/fonts/enc/dvips/lm/lm-mathit.enc}{C:/Program Fil
es/MiKTeX 2.9/fonts/enc/dvips/lm/lm-mathsy.enc}{C:/Program Files/MiKTeX 2.9/fon
ts/enc/dvips/lm/lm-rm.enc}{C:/Program Files/MiKTeX 2.9/fonts/enc/dvips/lm/lm-ma
thex.enc}{C:/Program Files/MiKTeX 2.9/fonts/enc/dvips/lm/lm-ts1.enc}<C:/Program
 Files/MiKTeX 2.9/fonts/type1/public/lm/lmbx10.pfb><C:/Program Files/MiKTeX 2.9
/fonts/type1/public/lm/lmbx12.pfb><C:/Program Files/MiKTeX 2.9/fonts/type1/publ
ic/lm/lmbx9.pfb><C:/Program Files/MiKTeX 2.9/fonts/type1/public/lm/lmbxi10.pfb>
<C:/Program Files/MiKTeX 2.9/fonts/type1/public/lm/lmex10.pfb><C:/Program Files
/MiKTeX 2.9/fonts/type1/public/lm/lmmi10.pfb><C:/Program Files/MiKTeX 2.9/fonts
/type1/public/lm/lmmi6.pfb><C:/Program Files/MiKTeX 2.9/fonts/type1/public/lm/l
mmi7.pfb><C:/Program Files/MiKTeX 2.9/fonts/type1/public/lm/lmmi8.pfb><C:/Progr
am Files/MiKTeX 2.9/fonts/type1/public/lm/lmr10.pfb><C:/Program Files/MiKTeX 2.
9/fonts/type1/public/lm/lmr12.pfb><C:/Program Files/MiKTeX 2.9/fonts/type1/publ
ic/lm/lmr17.pfb><C:/Program Files/MiKTeX 2.9/fonts/type1/public/lm/lmr5.pfb><C:
/Program Files/MiKTeX 2.9/fonts/type1/public/lm/lmr6.pfb><C:/Program Files/MiKT
eX 2.9/fonts/type1/public/lm/lmr7.pfb><C:/Program Files/MiKTeX 2.9/fonts/type1/
public/lm/lmr8.pfb><C:/Program Files/MiKTeX 2.9/fonts/type1/public/lm/lmr9.pfb>
<C:/Program Files/MiKTeX 2.9/fonts/type1/public/lm/lmri10.pfb><C:/Program Files
/MiKTeX 2.9/fonts/type1/public/lm/lmri9.pfb><C:/Program Files/MiKTeX 2.9/fonts/
type1/public/lm/lmsy10.pfb><C:/Program Files/MiKTeX 2.9/fonts/type1/public/lm/l
msy6.pfb><C:/Program Files/MiKTeX 2.9/fonts/type1/public/lm/lmsy7.pfb><C:/Progr
am Files/MiKTeX 2.9/fonts/type1/public/lm/lmsy8.pfb><C:/Program Files/MiKTeX 2.
9/fonts/type1/public/amsfonts/symbols/msam10.pfb>
Output written on hardware_for_cognition.pdf (107 pages, 39166243 bytes).
PDF statistics:
 698 PDF objects out of 1000 (max. 8388607)
 0 named destinations out of 1000 (max. 500000)
 81 words of extra memory for PDF output out of 10000 (max. 10000000)

