This is pdfTeX, Version 3.14159265-2.6-1.40.19 (MiKTeX 2.9.6730 64-bit) (preloaded format=pdflatex 2018.8.12)  28 APR 2019 22:46
entering extended mode
**./hardware_for_general_intelligence.tex
(hardware_for_general_intelligence.tex
LaTeX2e <2018-04-01> patch level 5
("C:\Program Files\MiKTeX 2.9\tex\latex\base\article.cls"
Document Class: article 2014/09/29 v1.4h Standard LaTeX document class
("C:\Program Files\MiKTeX 2.9\tex\latex\base\size10.clo"
File: size10.clo 2014/09/29 v1.4h Standard LaTeX file (size option)
)
\c@part=\count80
\c@section=\count81
\c@subsection=\count82
\c@subsubsection=\count83
\c@paragraph=\count84
\c@subparagraph=\count85
\c@figure=\count86
\c@table=\count87
\abovecaptionskip=\skip41
\belowcaptionskip=\skip42
\bibindent=\dimen102
)
("C:\Program Files\MiKTeX 2.9\tex\latex\geometry\geometry.sty"
Package: geometry 2018/04/16 v5.8 Page Geometry

("C:\Program Files\MiKTeX 2.9\tex\latex\graphics\keyval.sty"
Package: keyval 2014/10/28 v1.15 key=value parser (DPC)
\KV@toks@=\toks14
)
("C:\Program Files\MiKTeX 2.9\tex\generic\oberdiek\ifpdf.sty"
Package: ifpdf 2017/03/15 v3.2 Provides the ifpdf switch
)
("C:\Program Files\MiKTeX 2.9\tex\generic\oberdiek\ifvtex.sty"
Package: ifvtex 2016/05/16 v1.6 Detect VTeX and its facilities (HO)
Package ifvtex Info: VTeX not detected.
)
("C:\Program Files\MiKTeX 2.9\tex\generic\ifxetex\ifxetex.sty"
Package: ifxetex 2010/09/12 v0.6 Provides ifxetex conditional
)
\Gm@cnth=\count88
\Gm@cntv=\count89
\c@Gm@tempcnt=\count90
\Gm@bindingoffset=\dimen103
\Gm@wd@mp=\dimen104
\Gm@odd@mp=\dimen105
\Gm@even@mp=\dimen106
\Gm@layoutwidth=\dimen107
\Gm@layoutheight=\dimen108
\Gm@layouthoffset=\dimen109
\Gm@layoutvoffset=\dimen110
\Gm@dimlist=\toks15

("C:\Program Files\MiKTeX 2.9\tex\latex\geometry\geometry.cfg"))
("C:\Program Files\MiKTeX 2.9\tex\latex\cite\cite.sty"
LaTeX Info: Redefining \cite on input line 302.
LaTeX Info: Redefining \nocite on input line 332.
Package: cite 2015/02/27  v 5.5
)
("C:\Program Files\MiKTeX 2.9\tex\latex\caption\caption.sty"
Package: caption 2018/10/06 v3.3-154 Customizing captions (AR)

("C:\Program Files\MiKTeX 2.9\tex\latex\caption\caption3.sty"
Package: caption3 2018/09/12 v1.8c caption3 kernel (AR)
Package caption3 Info: TeX engine: e-TeX on input line 64.
\captionmargin=\dimen111
\captionmargin@=\dimen112
\captionwidth=\dimen113
\caption@tempdima=\dimen114
\caption@indent=\dimen115
\caption@parindent=\dimen116
\caption@hangindent=\dimen117
)
\c@caption@flags=\count91
\c@ContinuedFloat=\count92
)
("C:\Program Files\MiKTeX 2.9\tex\latex\graphics\graphicx.sty"
Package: graphicx 2017/06/01 v1.1a Enhanced LaTeX Graphics (DPC,SPQR)

("C:\Program Files\MiKTeX 2.9\tex\latex\graphics\graphics.sty"
Package: graphics 2017/06/25 v1.2c Standard LaTeX Graphics (DPC,SPQR)

("C:\Program Files\MiKTeX 2.9\tex\latex\graphics\trig.sty"
Package: trig 2016/01/03 v1.10 sin cos tan (DPC)
)
("C:\Program Files\MiKTeX 2.9\tex\latex\graphics-cfg\graphics.cfg"
File: graphics.cfg 2016/06/04 v1.11 sample graphics configuration
)
Package graphics Info: Driver file: pdftex.def on input line 99.

("C:\Program Files\MiKTeX 2.9\tex\latex\graphics-def\pdftex.def"
File: pdftex.def 2018/01/08 v1.0l Graphics/color driver for pdftex
))
\Gin@req@height=\dimen118
\Gin@req@width=\dimen119
)
("C:\Program Files\MiKTeX 2.9\tex\latex\amsmath\amsmath.sty"
Package: amsmath 2017/09/02 v2.17a AMS math features
\@mathmargin=\skip43

For additional information on amsmath, use the `?' option.
("C:\Program Files\MiKTeX 2.9\tex\latex\amsmath\amstext.sty"
Package: amstext 2000/06/29 v2.01 AMS text

("C:\Program Files\MiKTeX 2.9\tex\latex\amsmath\amsgen.sty"
File: amsgen.sty 1999/11/30 v2.0 generic functions
\@emptytoks=\toks16
\ex@=\dimen120
))
("C:\Program Files\MiKTeX 2.9\tex\latex\amsmath\amsbsy.sty"
Package: amsbsy 1999/11/29 v1.2d Bold Symbols
\pmbraise@=\dimen121
)
("C:\Program Files\MiKTeX 2.9\tex\latex\amsmath\amsopn.sty"
Package: amsopn 2016/03/08 v2.02 operator names
)
\inf@bad=\count93
LaTeX Info: Redefining \frac on input line 213.
\uproot@=\count94
\leftroot@=\count95
LaTeX Info: Redefining \overline on input line 375.
\classnum@=\count96
\DOTSCASE@=\count97
LaTeX Info: Redefining \ldots on input line 472.
LaTeX Info: Redefining \dots on input line 475.
LaTeX Info: Redefining \cdots on input line 596.
\Mathstrutbox@=\box26
\strutbox@=\box27
\big@size=\dimen122
LaTeX Font Info:    Redeclaring font encoding OML on input line 712.
LaTeX Font Info:    Redeclaring font encoding OMS on input line 713.
\macc@depth=\count98
\c@MaxMatrixCols=\count99
\dotsspace@=\muskip10
\c@parentequation=\count100
\dspbrk@lvl=\count101
\tag@help=\toks17
\row@=\count102
\column@=\count103
\maxfields@=\count104
\andhelp@=\toks18
\eqnshift@=\dimen123
\alignsep@=\dimen124
\tagshift@=\dimen125
\tagwidth@=\dimen126
\totwidth@=\dimen127
\lineht@=\dimen128
\@envbody=\toks19
\multlinegap=\skip44
\multlinetaggap=\skip45
\mathdisplay@stack=\toks20
LaTeX Info: Redefining \[ on input line 2817.
LaTeX Info: Redefining \] on input line 2818.
)
("C:\Program Files\MiKTeX 2.9\tex\latex\amsfonts\amssymb.sty"
Package: amssymb 2013/01/14 v3.01 AMS font symbols

("C:\Program Files\MiKTeX 2.9\tex\latex\amsfonts\amsfonts.sty"
Package: amsfonts 2013/01/14 v3.01 Basic AMSFonts support
\symAMSa=\mathgroup4
\symAMSb=\mathgroup5
LaTeX Font Info:    Overwriting math alphabet `\mathfrak' in version `bold'
(Font)                  U/euf/m/n --> U/euf/b/n on input line 106.
))
("C:\Program Files\MiKTeX 2.9\tex\latex\base\textcomp.sty"
Package: textcomp 2017/04/05 v2.0i Standard LaTeX package
Package textcomp Info: Sub-encoding information:
(textcomp)               5 = only ISO-Adobe without \textcurrency
(textcomp)               4 = 5 + \texteuro
(textcomp)               3 = 4 + \textohm
(textcomp)               2 = 3 + \textestimated + \textcurrency
(textcomp)               1 = TS1 - \textcircled - \t
(textcomp)               0 = TS1 (full)
(textcomp)             Font families with sub-encoding setting implement
(textcomp)             only a restricted character set as indicated.
(textcomp)             Family '?' is the default used for unknown fonts.
(textcomp)             See the documentation for details.
Package textcomp Info: Setting ? sub-encoding to TS1/1 on input line 79.

("C:\Program Files\MiKTeX 2.9\tex\latex\base\ts1enc.def"
File: ts1enc.def 2001/06/05 v3.0e (jk/car/fm) Standard LaTeX file
Now handling font encoding TS1 ...
... processing UTF-8 mapping file for font encoding TS1

("C:\Program Files\MiKTeX 2.9\tex\latex\base\ts1enc.dfu"
File: ts1enc.dfu 2018/04/05 v1.2c UTF-8 support for inputenc
   defining Unicode char U+00A2 (decimal 162)
   defining Unicode char U+00A3 (decimal 163)
   defining Unicode char U+00A4 (decimal 164)
   defining Unicode char U+00A5 (decimal 165)
   defining Unicode char U+00A6 (decimal 166)
   defining Unicode char U+00A7 (decimal 167)
   defining Unicode char U+00A8 (decimal 168)
   defining Unicode char U+00A9 (decimal 169)
   defining Unicode char U+00AA (decimal 170)
   defining Unicode char U+00AC (decimal 172)
   defining Unicode char U+00AE (decimal 174)
   defining Unicode char U+00AF (decimal 175)
   defining Unicode char U+00B0 (decimal 176)
   defining Unicode char U+00B1 (decimal 177)
   defining Unicode char U+00B2 (decimal 178)
   defining Unicode char U+00B3 (decimal 179)
   defining Unicode char U+00B4 (decimal 180)
   defining Unicode char U+00B5 (decimal 181)
   defining Unicode char U+00B6 (decimal 182)
   defining Unicode char U+00B7 (decimal 183)
   defining Unicode char U+00B9 (decimal 185)
   defining Unicode char U+00BA (decimal 186)
   defining Unicode char U+00BC (decimal 188)
   defining Unicode char U+00BD (decimal 189)
   defining Unicode char U+00BE (decimal 190)
   defining Unicode char U+00D7 (decimal 215)
   defining Unicode char U+00F7 (decimal 247)
   defining Unicode char U+0192 (decimal 402)
   defining Unicode char U+02C7 (decimal 711)
   defining Unicode char U+02D8 (decimal 728)
   defining Unicode char U+02DD (decimal 733)
   defining Unicode char U+0E3F (decimal 3647)
   defining Unicode char U+2016 (decimal 8214)
   defining Unicode char U+2020 (decimal 8224)
   defining Unicode char U+2021 (decimal 8225)
   defining Unicode char U+2022 (decimal 8226)
   defining Unicode char U+2030 (decimal 8240)
   defining Unicode char U+2031 (decimal 8241)
   defining Unicode char U+203B (decimal 8251)
   defining Unicode char U+203D (decimal 8253)
   defining Unicode char U+2044 (decimal 8260)
   defining Unicode char U+204E (decimal 8270)
   defining Unicode char U+2052 (decimal 8274)
   defining Unicode char U+20A1 (decimal 8353)
   defining Unicode char U+20A4 (decimal 8356)
   defining Unicode char U+20A6 (decimal 8358)
   defining Unicode char U+20A9 (decimal 8361)
   defining Unicode char U+20AB (decimal 8363)
   defining Unicode char U+20AC (decimal 8364)
   defining Unicode char U+20B1 (decimal 8369)
   defining Unicode char U+2103 (decimal 8451)
   defining Unicode char U+2116 (decimal 8470)
   defining Unicode char U+2117 (decimal 8471)
   defining Unicode char U+211E (decimal 8478)
   defining Unicode char U+2120 (decimal 8480)
   defining Unicode char U+2122 (decimal 8482)
   defining Unicode char U+2126 (decimal 8486)
   defining Unicode char U+2127 (decimal 8487)
   defining Unicode char U+212E (decimal 8494)
   defining Unicode char U+2190 (decimal 8592)
   defining Unicode char U+2191 (decimal 8593)
   defining Unicode char U+2192 (decimal 8594)
   defining Unicode char U+2193 (decimal 8595)
   defining Unicode char U+2329 (decimal 9001)
   defining Unicode char U+232A (decimal 9002)
   defining Unicode char U+2422 (decimal 9250)
   defining Unicode char U+25E6 (decimal 9702)
   defining Unicode char U+25EF (decimal 9711)
   defining Unicode char U+266A (decimal 9834)
   defining Unicode char U+FEFF (decimal 65279)
))
LaTeX Info: Redefining \oldstylenums on input line 334.
Package textcomp Info: Setting cmr sub-encoding to TS1/0 on input line 349.
Package textcomp Info: Setting cmss sub-encoding to TS1/0 on input line 350.
Package textcomp Info: Setting cmtt sub-encoding to TS1/0 on input line 351.
Package textcomp Info: Setting cmvtt sub-encoding to TS1/0 on input line 352.
Package textcomp Info: Setting cmbr sub-encoding to TS1/0 on input line 353.
Package textcomp Info: Setting cmtl sub-encoding to TS1/0 on input line 354.
Package textcomp Info: Setting ccr sub-encoding to TS1/0 on input line 355.
Package textcomp Info: Setting ptm sub-encoding to TS1/4 on input line 356.
Package textcomp Info: Setting pcr sub-encoding to TS1/4 on input line 357.
Package textcomp Info: Setting phv sub-encoding to TS1/4 on input line 358.
Package textcomp Info: Setting ppl sub-encoding to TS1/3 on input line 359.
Package textcomp Info: Setting pag sub-encoding to TS1/4 on input line 360.
Package textcomp Info: Setting pbk sub-encoding to TS1/4 on input line 361.
Package textcomp Info: Setting pnc sub-encoding to TS1/4 on input line 362.
Package textcomp Info: Setting pzc sub-encoding to TS1/4 on input line 363.
Package textcomp Info: Setting bch sub-encoding to TS1/4 on input line 364.
Package textcomp Info: Setting put sub-encoding to TS1/5 on input line 365.
Package textcomp Info: Setting uag sub-encoding to TS1/5 on input line 366.
Package textcomp Info: Setting ugq sub-encoding to TS1/5 on input line 367.
Package textcomp Info: Setting ul8 sub-encoding to TS1/4 on input line 368.
Package textcomp Info: Setting ul9 sub-encoding to TS1/4 on input line 369.
Package textcomp Info: Setting augie sub-encoding to TS1/5 on input line 370.
Package textcomp Info: Setting dayrom sub-encoding to TS1/3 on input line 371.
Package textcomp Info: Setting dayroms sub-encoding to TS1/3 on input line 372.

Package textcomp Info: Setting pxr sub-encoding to TS1/0 on input line 373.
Package textcomp Info: Setting pxss sub-encoding to TS1/0 on input line 374.
Package textcomp Info: Setting pxtt sub-encoding to TS1/0 on input line 375.
Package textcomp Info: Setting txr sub-encoding to TS1/0 on input line 376.
Package textcomp Info: Setting txss sub-encoding to TS1/0 on input line 377.
Package textcomp Info: Setting txtt sub-encoding to TS1/0 on input line 378.
Package textcomp Info: Setting lmr sub-encoding to TS1/0 on input line 379.
Package textcomp Info: Setting lmdh sub-encoding to TS1/0 on input line 380.
Package textcomp Info: Setting lmss sub-encoding to TS1/0 on input line 381.
Package textcomp Info: Setting lmssq sub-encoding to TS1/0 on input line 382.
Package textcomp Info: Setting lmvtt sub-encoding to TS1/0 on input line 383.
Package textcomp Info: Setting lmtt sub-encoding to TS1/0 on input line 384.
Package textcomp Info: Setting qhv sub-encoding to TS1/0 on input line 385.
Package textcomp Info: Setting qag sub-encoding to TS1/0 on input line 386.
Package textcomp Info: Setting qbk sub-encoding to TS1/0 on input line 387.
Package textcomp Info: Setting qcr sub-encoding to TS1/0 on input line 388.
Package textcomp Info: Setting qcs sub-encoding to TS1/0 on input line 389.
Package textcomp Info: Setting qpl sub-encoding to TS1/0 on input line 390.
Package textcomp Info: Setting qtm sub-encoding to TS1/0 on input line 391.
Package textcomp Info: Setting qzc sub-encoding to TS1/0 on input line 392.
Package textcomp Info: Setting qhvc sub-encoding to TS1/0 on input line 393.
Package textcomp Info: Setting futs sub-encoding to TS1/4 on input line 394.
Package textcomp Info: Setting futx sub-encoding to TS1/4 on input line 395.
Package textcomp Info: Setting futj sub-encoding to TS1/4 on input line 396.
Package textcomp Info: Setting hlh sub-encoding to TS1/3 on input line 397.
Package textcomp Info: Setting hls sub-encoding to TS1/3 on input line 398.
Package textcomp Info: Setting hlst sub-encoding to TS1/3 on input line 399.
Package textcomp Info: Setting hlct sub-encoding to TS1/5 on input line 400.
Package textcomp Info: Setting hlx sub-encoding to TS1/5 on input line 401.
Package textcomp Info: Setting hlce sub-encoding to TS1/5 on input line 402.
Package textcomp Info: Setting hlcn sub-encoding to TS1/5 on input line 403.
Package textcomp Info: Setting hlcw sub-encoding to TS1/5 on input line 404.
Package textcomp Info: Setting hlcf sub-encoding to TS1/5 on input line 405.
Package textcomp Info: Setting pplx sub-encoding to TS1/3 on input line 406.
Package textcomp Info: Setting pplj sub-encoding to TS1/3 on input line 407.
Package textcomp Info: Setting ptmx sub-encoding to TS1/4 on input line 408.
Package textcomp Info: Setting ptmj sub-encoding to TS1/4 on input line 409.
)
("C:\Program Files\MiKTeX 2.9\tex\latex\lm\lmodern.sty"
Package: lmodern 2009/10/30 v1.6 Latin Modern Fonts
LaTeX Font Info:    Overwriting symbol font `operators' in version `normal'
(Font)                  OT1/cmr/m/n --> OT1/lmr/m/n on input line 22.
LaTeX Font Info:    Overwriting symbol font `letters' in version `normal'
(Font)                  OML/cmm/m/it --> OML/lmm/m/it on input line 23.
LaTeX Font Info:    Overwriting symbol font `symbols' in version `normal'
(Font)                  OMS/cmsy/m/n --> OMS/lmsy/m/n on input line 24.
LaTeX Font Info:    Overwriting symbol font `largesymbols' in version `normal'
(Font)                  OMX/cmex/m/n --> OMX/lmex/m/n on input line 25.
LaTeX Font Info:    Overwriting symbol font `operators' in version `bold'
(Font)                  OT1/cmr/bx/n --> OT1/lmr/bx/n on input line 26.
LaTeX Font Info:    Overwriting symbol font `letters' in version `bold'
(Font)                  OML/cmm/b/it --> OML/lmm/b/it on input line 27.
LaTeX Font Info:    Overwriting symbol font `symbols' in version `bold'
(Font)                  OMS/cmsy/b/n --> OMS/lmsy/b/n on input line 28.
LaTeX Font Info:    Overwriting symbol font `largesymbols' in version `bold'
(Font)                  OMX/cmex/m/n --> OMX/lmex/m/n on input line 29.
LaTeX Font Info:    Overwriting math alphabet `\mathbf' in version `normal'
(Font)                  OT1/cmr/bx/n --> OT1/lmr/bx/n on input line 31.
LaTeX Font Info:    Overwriting math alphabet `\mathsf' in version `normal'
(Font)                  OT1/cmss/m/n --> OT1/lmss/m/n on input line 32.
LaTeX Font Info:    Overwriting math alphabet `\mathit' in version `normal'
(Font)                  OT1/cmr/m/it --> OT1/lmr/m/it on input line 33.
LaTeX Font Info:    Overwriting math alphabet `\mathtt' in version `normal'
(Font)                  OT1/cmtt/m/n --> OT1/lmtt/m/n on input line 34.
LaTeX Font Info:    Overwriting math alphabet `\mathbf' in version `bold'
(Font)                  OT1/cmr/bx/n --> OT1/lmr/bx/n on input line 35.
LaTeX Font Info:    Overwriting math alphabet `\mathsf' in version `bold'
(Font)                  OT1/cmss/bx/n --> OT1/lmss/bx/n on input line 36.
LaTeX Font Info:    Overwriting math alphabet `\mathit' in version `bold'
(Font)                  OT1/cmr/bx/it --> OT1/lmr/bx/it on input line 37.
LaTeX Font Info:    Overwriting math alphabet `\mathtt' in version `bold'
(Font)                  OT1/cmtt/m/n --> OT1/lmtt/m/n on input line 38.
)
("C:\Program Files\MiKTeX 2.9\tex\latex\preprint\authblk.sty"
Package: authblk 2001/02/27 1.3 (PWD)
\affilsep=\skip46
\@affilsep=\skip47
\c@Maxaffil=\count105
\c@authors=\count106
\c@affil=\count107
)
(hardware_for_general_intelligence.aux)
\openout1 = `hardware_for_general_intelligence.aux'.

LaTeX Font Info:    Checking defaults for OML/cmm/m/it on input line 17.
LaTeX Font Info:    ... okay on input line 17.
LaTeX Font Info:    Checking defaults for T1/cmr/m/n on input line 17.
LaTeX Font Info:    ... okay on input line 17.
LaTeX Font Info:    Checking defaults for OT1/cmr/m/n on input line 17.
LaTeX Font Info:    ... okay on input line 17.
LaTeX Font Info:    Checking defaults for OMS/cmsy/m/n on input line 17.
LaTeX Font Info:    ... okay on input line 17.
LaTeX Font Info:    Checking defaults for OMX/cmex/m/n on input line 17.
LaTeX Font Info:    ... okay on input line 17.
LaTeX Font Info:    Checking defaults for U/cmr/m/n on input line 17.
LaTeX Font Info:    ... okay on input line 17.
LaTeX Font Info:    Checking defaults for TS1/cmr/m/n on input line 17.
LaTeX Font Info:    Try loading font information for TS1+cmr on input line 17.

("C:\Program Files\MiKTeX 2.9\tex\latex\base\ts1cmr.fd"
File: ts1cmr.fd 2014/09/29 v2.5h Standard LaTeX font definitions
)
LaTeX Font Info:    ... okay on input line 17.
LaTeX Font Info:    Try loading font information for OT1+lmr on input line 17.

("C:\Program Files\MiKTeX 2.9\tex\latex\lm\ot1lmr.fd"
File: ot1lmr.fd 2009/10/30 v1.6 Font defs for Latin Modern
)
*geometry* driver: auto-detecting
*geometry* detected driver: pdftex
*geometry* verbose mode - [ preamble ] result:
* driver: pdftex
* paper: <default>
* layout: <same size as paper>
* layoutoffset:(h,v)=(0.0pt,0.0pt)
* modes: 
* h-part:(L,W,R)=(51.0727pt, 512.1496pt, 51.07271pt)
* v-part:(T,H,B)=(44.84152pt, 682.86613pt, 67.26233pt)
* \paperwidth=614.295pt
* \paperheight=794.96999pt
* \textwidth=512.1496pt
* \textheight=682.86613pt
* \oddsidemargin=-21.1973pt
* \evensidemargin=-21.1973pt
* \topmargin=-64.42847pt
* \headheight=12.0pt
* \headsep=25.0pt
* \topskip=10.0pt
* \footskip=30.0pt
* \marginparwidth=4.0pt
* \marginparsep=10.0pt
* \columnsep=10.0pt
* \skip\footins=9.0pt plus 4.0pt minus 2.0pt
* \hoffset=0.0pt
* \voffset=0.0pt
* \mag=1000
* \@twocolumntrue
* \@twosidefalse
* \@mparswitchfalse
* \@reversemarginfalse
* (1in=72.27pt=25.4mm, 1cm=28.453pt)

Package caption Info: Begin \AtBeginDocument code.
Package caption Info: End \AtBeginDocument code.
("C:\Program Files\MiKTeX 2.9\tex\context\base\supp-pdf.mkii"
[Loading MPS to PDF converter (version 2006.09.02).]
\scratchcounter=\count108
\scratchdimen=\dimen129
\scratchbox=\box28
\nofMPsegments=\count109
\nofMParguments=\count110
\everyMPshowfont=\toks21
\MPscratchCnt=\count111
\MPscratchDim=\dimen130
\MPnumerator=\count112
\makeMPintoPDFobject=\count113
\everyMPtoPDFconversion=\toks22
) ("C:\Program Files\MiKTeX 2.9\tex\latex\oberdiek\epstopdf-base.sty"
Package: epstopdf-base 2016/05/15 v2.6 Base part for package epstopdf

("C:\Program Files\MiKTeX 2.9\tex\generic\oberdiek\infwarerr.sty"
Package: infwarerr 2016/05/16 v1.4 Providing info/warning/error messages (HO)
)
("C:\Program Files\MiKTeX 2.9\tex\latex\oberdiek\grfext.sty"
Package: grfext 2016/05/16 v1.2 Manage graphics extensions (HO)

("C:\Program Files\MiKTeX 2.9\tex\generic\oberdiek\kvdefinekeys.sty"
Package: kvdefinekeys 2016/05/16 v1.4 Define keys (HO)

("C:\Program Files\MiKTeX 2.9\tex\generic\oberdiek\ltxcmds.sty"
Package: ltxcmds 2016/05/16 v1.23 LaTeX kernel commands for general use (HO)
)))
("C:\Program Files\MiKTeX 2.9\tex\latex\oberdiek\kvoptions.sty"
Package: kvoptions 2016/05/16 v3.12 Key value format for package options (HO)

("C:\Program Files\MiKTeX 2.9\tex\generic\oberdiek\kvsetkeys.sty"
Package: kvsetkeys 2016/05/16 v1.17 Key value parser (HO)

("C:\Program Files\MiKTeX 2.9\tex\generic\oberdiek\etexcmds.sty"
Package: etexcmds 2016/05/16 v1.6 Avoid name clashes with e-TeX commands (HO)

("C:\Program Files\MiKTeX 2.9\tex\generic\oberdiek\ifluatex.sty"
Package: ifluatex 2016/05/16 v1.4 Provides the ifluatex switch (HO)
Package ifluatex Info: LuaTeX not detected.
)
Package etexcmds Info: Could not find \expanded.
(etexcmds)             That can mean that you are not using pdfTeX 1.50 or
(etexcmds)             that some package has redefined \expanded.
(etexcmds)             In the latter case, load this package earlier.
)))
("C:\Program Files\MiKTeX 2.9\tex\generic\oberdiek\pdftexcmds.sty"
Package: pdftexcmds 2018/01/30 v0.27 Utility functions of pdfTeX for LuaTeX (HO
)
Package pdftexcmds Info: LuaTeX not detected.
Package pdftexcmds Info: \pdf@primitive is available.
Package pdftexcmds Info: \pdf@ifprimitive is available.
Package pdftexcmds Info: \pdfdraftmode found.
)
Package epstopdf-base Info: Redefining graphics rule for `.eps' on input line 4
38.
Package grfext Info: Graphics extension search list:
(grfext)             [.pdf,.png,.jpg,.mps,.jpeg,.jbig2,.jb2,.PDF,.PNG,.JPG,.JPE
G,.JBIG2,.JB2,.eps]
(grfext)             \AppendGraphicsExtensions on input line 456.
)
(_abstract.tex) (hardware_for_general_intelligence.toc
LaTeX Font Info:    Try loading font information for OML+lmm on input line 2.

("C:\Program Files\MiKTeX 2.9\tex\latex\lm\omllmm.fd"
File: omllmm.fd 2009/10/30 v1.6 Font defs for Latin Modern
)
LaTeX Font Info:    Try loading font information for OMS+lmsy on input line 2.

("C:\Program Files\MiKTeX 2.9\tex\latex\lm\omslmsy.fd"
File: omslmsy.fd 2009/10/30 v1.6 Font defs for Latin Modern
)
LaTeX Font Info:    Try loading font information for OMX+lmex on input line 2.

("C:\Program Files\MiKTeX 2.9\tex\latex\lm\omxlmex.fd"
File: omxlmex.fd 2009/10/30 v1.6 Font defs for Latin Modern
)
LaTeX Font Info:    External font `lmex10' loaded for size
(Font)              <10> on input line 2.
LaTeX Font Info:    External font `lmex10' loaded for size
(Font)              <7> on input line 2.
LaTeX Font Info:    External font `lmex10' loaded for size
(Font)              <5> on input line 2.
LaTeX Font Info:    Try loading font information for U+msa on input line 2.

("C:\Program Files\MiKTeX 2.9\tex\latex\amsfonts\umsa.fd"
File: umsa.fd 2013/01/14 v3.01 AMS symbols A
)
LaTeX Font Info:    Try loading font information for U+msb on input line 2.

("C:\Program Files\MiKTeX 2.9\tex\latex\amsfonts\umsb.fd"
File: umsb.fd 2013/01/14 v3.01 AMS symbols B
)
Underfull \hbox (badness 2253) in paragraph at lines 47--47
 [][] []\OT1/lmr/m/n/10 Efforts in sil-i-con mi-cro-elec-tronic 
 []


Underfull \hbox (badness 1924) in paragraph at lines 62--62
 [][] []\OT1/lmr/m/n/10 Silicon light sources: the great 
 []


Underfull \hbox (badness 2376) in paragraph at lines 65--65
 [][] []\OT1/lmr/m/n/10 Spiking neu-rons with com-pound 
 []


Underfull \hbox (badness 10000) in paragraph at lines 66--66
 [][] []\OT1/lmr/m/n/10 Wavelength-division mul-ti-plex-ing 
 []

[1{C:/Users/jeffr/AppData/Local/MiKTeX/2.9/pdftex/config/pdftex.map}


]
Underfull \hbox (badness 10000) in paragraph at lines 75--75
 [][] []\OT1/lmr/m/n/10 Superconducting op-to-elec-tronic 
 []


Underfull \hbox (badness 10000) in paragraph at lines 75--75
 \OT1/lmr/m/n/10 neu-ral sys-tems may over-come 
 []


Underfull \hbox (badness 10000) in paragraph at lines 90--90
 [][] []\OT1/lmr/m/n/10 Classical-quantum-neural hy-brid 
 []

)
\tf@toc=\write3
\openout3 = `hardware_for_general_intelligence.toc'.

 (_introduction.tex (_historical_context.tex [2]

LaTeX Warning: Citation `http://www.atimes.com/leibniz-chinese-invented-first-b
inary-code/' on page 3 undefined on input line 9.


LaTeX Warning: Citation `http://www.leibniz-translations.com/binary.htm' on pag
e 3 undefined on input line 9.


LaTeX Warning: Citation `https://hal.archives-ouvertes.fr/ads-00104781/document
' on page 3 undefined on input line 9.

[3] [4] [5]
LaTeX Font Info:    Try loading font information for TS1+lmr on input line 66.
 ("C:\Program Files\MiKTeX 2.9\tex\latex\lm\ts1lmr.fd"
File: ts1lmr.fd 2009/10/30 v1.6 Font defs for Latin Modern
)))
(_neural_systems.tex [6] [7]
<data_plots.pdf, id=37, 244.69318pt x 438.3025pt>
File: data_plots.pdf Graphic file (type pdf)
<use data_plots.pdf>
Package pdftex.def Info: data_plots.pdf  used on input line 23.
(pdftex.def)             Requested size: 244.69386pt x 438.3081pt.


LaTeX Warning: Citation `shICRC2018' on page 8 undefined on input line 24.


LaTeX Warning: Citation `shICRC2018' on page 8 undefined on input line 24.


LaTeX Warning: Citation `eskn2014' on page 8 undefined on input line 28.


Underfull \vbox (badness 4713) has occurred while \output is active []

 [8 <./data_plots.pdf>]

LaTeX Warning: Citation `ma1983' on page 9 undefined on input line 52.

[9]
Underfull \vbox (badness 10000) has occurred while \output is active []



LaTeX Warning: Reference `fig:neural_elephant' on page 10 undefined on input li
ne 64.

[10]

LaTeX Warning: Citation `more' on page 11 undefined on input line 77.

[11] [12]

LaTeX Warning: Reference `fig:dendritic_sequence_detection' on page 13 undefine
d on input line 110.


Underfull \vbox (badness 4036) has occurred while \output is active []

 [13]
[14]

LaTeX Warning: Reference `fig:short-term_plasticity' on page 15 undefined on in
put line 152.


Underfull \hbox (badness 1043) in paragraph at lines 146--153
 \OT1/lmr/bx/n/10 2.2.1.8 []Short-Term Synap-tic Plas-tic-ity[] \OT1/lmr/m/n/10
 As de-
 []


Underfull \hbox (badness 7504) in paragraph at lines 164--165
 \OT1/lmr/bx/n/10 2.2.1.10 []Long-Term Synap-tic Plas-tic-ity[] \OT1/lmr/m/n/10
 Over
 []

[15]
Underfull \hbox (badness 1838) in paragraph at lines 178--179
 \OT1/lmr/bx/n/10 2.2.1.11 Meta-plas-tic-ity[] \OT1/lmr/m/n/10 While STDP adapt
s the
 []

[16] [17] [18]

LaTeX Warning: Citation `others' on page 19 undefined on input line 227.

[19]

LaTeX Warning: Citation `hosc1997' on page 20 undefined on input line 263.


Underfull \hbox (badness 1442) in paragraph at lines 266--271
\OT1/lmr/m/n/10 plas-tic-ity, or reser-voir with-out plas-tic-ity in-for-ma-tio
n
 []


Underfull \vbox (badness 10000) has occurred while \output is active []

LaTeX Font Info:    External font `lmex10' loaded for size
(Font)              <8> on input line 277.
LaTeX Font Info:    External font `lmex10' loaded for size
(Font)              <6> on input line 277.

Underfull \hbox (badness 2134) in paragraph at lines 277--277
[][]\OT1/lmr/m/n/8 For ex-am-ple, if a sys-tem has a power spec-tral den-sity
 []

[20]
Underfull \hbox (badness 1552) in paragraph at lines 285--286
 \OT1/lmr/bx/n/10 2.2.2.4 Neu-ronal avalanches[] \OT1/lmr/m/n/10 Ev-i-dence of 
neu-ral
 []


LaTeX Warning: Citation `bepl2003' on page 21 undefined on input line 292.

[21]

LaTeX Warning: Citation `http://www.humanconnectomeproject.org/' on page 22 und
efined on input line 307.


LaTeX Warning: Citation `ba2005_baks_book' on page 22 undefined on input line 3
11.


LaTeX Warning: Citation `dover_book_on_fractals' on page 22 undefined on input 
line 311.


LaTeX Warning: Citation `ba2005' on page 22 undefined on input line 311.


LaTeX Warning: Citation `be2008' on page 22 undefined on input line 311.

[22] [23]
Underfull \hbox (badness 3514) in paragraph at lines 341--341
[]\OT1/lmr/bx/n/10 Baars Model of the Global Neu-ronal
 []


LaTeX Warning: Citation `xxx' on page 24 undefined on input line 349.


Underfull \hbox (badness 1077) in paragraph at lines 349--350
\OT1/lmr/m/n/10 these neu-ral as-sem-blies co-or-di-nate their ac-tiv-i-ties to

 []

[24]
Underfull \hbox (badness 6173) in paragraph at lines 355--355
[]\OT1/lmr/bx/n/10 Experimental Progress Iden-ti-fy-ing the
 []


Underfull \vbox (badness 10000) has occurred while \output is active []



LaTeX Warning: Citation `de2015' on page 25 undefined on input line 358.


Underfull \vbox (badness 10000) has occurred while \output is active []

 [25]
[26]
Underfull \vbox (badness 1194) has occurred while \output is active []

 [27]

LaTeX Warning: Citation `one_from_reading_group' on page 28 undefined on input 
line 407.

) (_hardware_platforms.tex (__general_hardware_considerations.tex [28] [29])
(__semiconductor_neural_systems.tex [30]
Underfull \vbox (badness 10000) has occurred while \output is active []

 [31]
Underfull \vbox (badness 10000) has occurred while \output is active []

 [32]
Underfull \vbox (badness 4036) has occurred while \output is active []

 [33])
(__photonic_neural_systems.tex [34]
Underfull \hbox (badness 4416) in paragraph at lines 54--54
 \OT1/lmr/bx/n/10 3.4.2.1 Com-po-nents Re-quired for In-te-grated
 []

[35]

LaTeX Warning: Reference `fig:silicon_absorption_emission' on page 36 undefined
 on input line 89.

[36]

LaTeX Warning: Citation `shor2014' on page 37 undefined on input line 94.


LaTeX Warning: Citation `suwa2017' on page 37 undefined on input line 94.


LaTeX Warning: Citation `mi2015_fix_ref' on page 37 undefined on input line 108
.


LaTeX Warning: Citation `shha2017' on page 37 undefined on input line 108.

[37]

LaTeX Warning: Citation `shha2017' on page 38 undefined on input line 115.


LaTeX Warning: Citation `nata2013' on page 38 undefined on input line 119.

[38] [39]) (__superconductor_neural_systems.tex
<figures/jj.png, id=260, 1003.75pt x 1003.75pt>
File: figures/jj.png Graphic file (type png)
<use figures/jj.png>
Package pdftex.def Info: figures/jj.png  used on input line 8.
(pdftex.def)             Requested size: 244.69386pt x 244.68796pt.

Underfull \hbox (badness 1215) in paragraph at lines 11--12
\OT1/lmr/m/n/10 sep-a-rated by a thin tun-nel-ing bar-rier, as shown in
 []

[40] [41 <./figures/jj.png>]
Underfull \vbox (badness 10000) has occurred while \output is active []


Underfull \hbox (badness 10000) in paragraph at lines 38--40
[]\OT1/lmr/m/n/10 recent work on ba-sic sci-ence of MJJs:
 []


Underfull \hbox (badness 1975) in paragraph at lines 42--43
[]\OT1/lmr/m/n/10 discussion of su-per-con-duct-ing elec-tron-ics for sens-
 []

[42]

LaTeX Warning: Citation `chca2013' undefined on input line 54.


LaTeX Warning: Citation `chca2013' on page 43 undefined on input line 54.

[43] [44]

LaTeX Warning: Reference `sec:superconductingOptoelectronic' on page 45 undefin
ed on input line 81.


Underfull \vbox (badness 1436) has occurred while \output is active []


Underfull \hbox (badness 10000) in paragraph at lines 100--101
[]\OT1/lmr/m/n/10 temporal co-in-ci-dence: com-pare/contrast with
 []

) (__superconducting_optoelectronic_neural_systems.tex

LaTeX Warning: Citation `ke1985' on page 45 undefined on input line 2.

[45]

LaTeX Warning: Citation `x' on page 46 undefined on input line 9.


LaTeX Warning: Citation `y' on page 46 undefined on input line 9.


LaTeX Warning: Citation `z' on page 46 undefined on input line 9.


LaTeX Warning: Reference `fig:snspd' on page 46 undefined on input line 9.

[46] [47]

LaTeX Warning: Reference `sec:optoelectronicNeurons' on page 48 undefined on in
put line 116.


LaTeX Warning: Citation `thatpapersomeonepresentedatgroupmeeting' on page 48 un
defined on input line 119.

)
Underfull \hbox (badness 3039) in paragraph at lines 119--23
[]\OT1/lmr/m/n/10 The bi-nary na-ture of com-mu-ni-ca-tion with these
 []

(__comparison_of_interconnects.tex
Underfull \hbox (badness 2229) in paragraph at lines 1--1
[]\OT1/lmr/bx/n/12 Comparison of In-ter-con-nect Tech-
 []

[48]) (__comparison_of_devices.tex)) (_large_scale.tex [49])
(_application_spaces.tex [50] [51] [52]
Underfull \hbox (badness 1194) in paragraph at lines 80--81
[]\OT1/lmr/m/n/10 discuss dif-fer-ent hard-ware at dif-fer-ent tem-per-a-ture
 []

) (_outlook.tex
Underfull \vbox (badness 2884) has occurred while \output is active []

)
(___misc_notes.tex [53] [54]
Underfull \hbox (badness 2689) in paragraph at lines 34--35
[]\OT1/lmr/m/n/10 Turing: in-ter-ests, uni-ver-sal com-pu-ta-tion, com-
 []


Underfull \hbox (badness 1158) in paragraph at lines 35--36
\OT1/lmr/m/n/10 mer-i-cal in-ves-ti-ga-tion of nu-mer-ous phys-i-cal prob-
 []


Underfull \hbox (badness 3364) in paragraph at lines 38--39
[]\OT1/lmr/m/n/10 Shannon: com-mu-ni-ca-tion, in-for-ma-tion in data
 []

[55]
Underfull \hbox (badness 3690) in paragraph at lines 79--80
\OT1/lmr/m/n/10 less prob-a-bly to have a slightly larger avalanche,
 []

[56]
Underfull \hbox (badness 2261) in paragraph at lines 128--129
[]\OT1/lmr/m/n/10 superconducting op-to-elec-tronic hard-ware ap-pears
 []


LaTeX Warning: Citation `siso1991' on page 57 undefined on input line 153.


LaTeX Warning: Citation `dave2012' on page 57 undefined on input line 153.


Underfull \hbox (badness 1412) in paragraph at lines 153--154
\OT1/lmr/m/n/10 (Siegel-man and Son-tag [\OT1/lmr/bx/n/10 ?\OT1/lmr/m/n/10 ]), 
and dy-nam-i-cal sys-tems
 []


LaTeX Warning: Citation `omgi1994' on page 57 undefined on input line 163.

[57]
Underfull \vbox (badness 1117) has occurred while \output is active []

 [58])
(hardware_for_general_intelligence.bbl
Underfull \hbox (badness 3179) in paragraph at lines 52--57
[]\OT1/lmr/m/n/10 A. Tur-ing.  Lec-ture to the Lon-don Math-e-
 []


Underfull \hbox (badness 1874) in paragraph at lines 52--57
\OT1/lmr/m/n/10 mat-i-cal So-ci-ety on 20 Febru-ary 1947.  1947.
 []


Underfull \hbox (badness 10000) in paragraph at lines 52--57
\OT1/lmr/m/n/10 https://www.vordenker.de/downloads/turing-
 []


Underfull \hbox (badness 4181) in paragraph at lines 80--84
[]\OT1/lmr/m/n/10 W.S. Mc-Cul-loch and W.H. Pitts.  A log-i-
 []


Underfull \hbox (badness 1158) in paragraph at lines 80--84
\OT1/lmr/m/n/10 cal cal-cu-lus of the ideas im-ma-nent in ner-vous
 []


Underfull \hbox (badness 1742) in paragraph at lines 80--84
\OT1/lmr/m/n/10 ac-tiv-ity.  \OT1/lmr/m/it/10 Bul-letin of Math-e-mat-i-cal Bio
-physics\OT1/lmr/m/n/10 ,
 []


Underfull \hbox (badness 3158) in paragraph at lines 80--84
\OT1/lmr/m/n/10 5:115, 1943.  http://www.cse.chalmers.se/ co-
 []

[59] [60]
Underfull \hbox (badness 1057) in paragraph at lines 412--415
[]\OT1/lmr/m/n/10 H. Markram, W. Ger-st-ner, and P.J. Sjostrom.
 []

[61]
Underfull \hbox (badness 7256) in paragraph at lines 496--499
[]\OT1/lmr/m/n/10 P.J. Sjostrom, E.A. Rancz, A. Roth, and
 []


Underfull \hbox (badness 1087) in paragraph at lines 522--525
\OT1/lmr/m/n/10 large-scale in-te-gra-tion.  \OT1/lmr/m/it/10 Na-ture Re-views 
Neu-ro-
 []


Underfull \hbox (badness 10000) in paragraph at lines 527--532
[]\OT1/lmr/m/n/10 M. Ra-bi-novich, A. Volkovskii, P. Lecanda,
 []


Underfull \hbox (badness 1565) in paragraph at lines 527--532
\OT1/lmr/m/n/10 Dy-nam-i-cal en-cod-ing by net-works of com-pet-ing
 []


Underfull \hbox (badness 1117) in paragraph at lines 534--537
\OT1/lmr/m/n/10 quence gen-er-a-tion in ran-dom neu-ral en-sem-bles.
 []

[62]
Underfull \hbox (badness 1533) in paragraph at lines 682--685
[]\OT1/lmr/m/n/10 C. Mead.  \OT1/lmr/m/it/10 Ana-log VLSI and Neu-ral Sys-tems\
OT1/lmr/m/n/10 .
 []


Underfull \hbox (badness 3108) in paragraph at lines 695--700
\OT1/lmr/m/n/10 S. Moazeni, M. Wade, C. Sun, L. Al-loatti,
 []


Underfull \hbox (badness 1342) in paragraph at lines 695--700
\OT1/lmr/m/n/10 gava.  Mono-lithic silicon-photonic plat-forms in
 []


Underfull \hbox (badness 1616) in paragraph at lines 750--755
\OT1/lmr/m/it/10 Trans. Neu-ral Net-works and Learn-ing Sys-tems\OT1/lmr/m/n/10
 ,
 []

[63]
Underfull \hbox (badness 1742) in paragraph at lines 908--914
\OT1/lmr/m/n/10 Sto-janovic.  Open foundry plat-form for high-
 []


Underfull \hbox (badness 4479) in paragraph at lines 928--931
[]\OT1/lmr/m/n/10 M. Reck, A. Zeilinger, H.J. Bern-stein, and
 []

[64]
Underfull \hbox (badness 4366) in paragraph at lines 933--936
[]\OT1/lmr/m/n/10 G. Strang.  \OT1/lmr/m/it/10 In-tro-duc-tion to Lin-ear Al-ge
-bra\OT1/lmr/m/n/10 .
 []


Underfull \hbox (badness 1924) in paragraph at lines 949--953
[]\OT1/lmr/m/n/10 Y. Shen, N.C. Har-ris, S. Skirlo, M. Prabhu,
 []


Underfull \hbox (badness 10000) in paragraph at lines 983--988
[]\OT1/lmr/m/n/10 F. Coarer, M. Scia-manna, A. Ka-tumba,
 []


Underfull \hbox (badness 1360) in paragraph at lines 983--988
\OT1/lmr/m/n/10 M. Freiberger, J. Dambre, P. Bi-en-st-man, and
 []


Underfull \hbox (badness 1521) in paragraph at lines 983--988
\OT1/lmr/m/n/10 D. Rontani.  All-Optical Reser-voir Com-put-ing
 []


Underfull \hbox (badness 1776) in paragraph at lines 983--988
\OT1/lmr/m/n/10 on a Pho-tonic Chip Us-ing Silicon-Based Ring
 []


Underfull \hbox (badness 1629) in paragraph at lines 990--994
\OT1/lmr/m/n/10 De-lay dy-nam-ics of neu-ro-mor-phic op-to-elec-tronic
 []


Underfull \hbox (badness 10000) in paragraph at lines 1001--1003
[]\OT1/lmr/m/n/10 https://spectrum.ieee.org/tech-history/heroic-
 []


Underfull \hbox (badness 10000) in paragraph at lines 1001--1003
\OT1/lmr/m/n/10 failures/dudley-bucks-forgotten-cryotron-computer.
 []


Underfull \hbox (badness 8132) in paragraph at lines 1035--1039
[]\OT1/lmr/m/n/10 K.K. Likharev and V.K. Se-menov.  Rsfq
 []


Underfull \hbox (badness 3000) in paragraph at lines 1072--1076
[]\OT1/lmr/m/n/10 Y. Mizu-gaki, K. Naka-jima, Y. Sawada, and
 []

[65]
Underfull \hbox (badness 1286) in paragraph at lines 1117--1121
[]\OT1/lmr/m/n/10 Y. Ya-manashi, K. Umeda, and N. Yoshikawa.
 []


Underfull \hbox (badness 1194) in paragraph at lines 1128--1131
[]\OT1/lmr/m/n/10 K. Segall, S. Guo, P. Crotty, D. Schult, and
 []


Underfull \hbox (badness 3838) in paragraph at lines 1179--1184
[]\OT1/lmr/m/n/10 M.L. Schnei-der, C.A. Don-nelly, S.E. Russek,
 []

[66]) [67

] (hardware_for_general_intelligence.aux)

LaTeX Warning: There were undefined references.

 ) 
Here is how much of TeX's memory you used:
 5117 strings out of 492973
 77548 string characters out of 3135932
 141506 words of memory out of 3000000
 8833 multiletter control sequences out of 15000+200000
 72278 words of font info for 56 fonts, out of 3000000 for 9000
 1141 hyphenation exceptions out of 8191
 41i,8n,39p,3139b,296s stack positions out of 5000i,500n,10000p,200000b,50000s
{C:/Program Files/MiKTeX 2.9/fonts/enc/dvips/lm/lm-mathit.enc}{C:/Program Fil
es/MiKTeX 2.9/fonts/enc/dvips/lm/lm-mathsy.enc}{C:/Program Files/MiKTeX 2.9/fon
ts/enc/dvips/lm/lm-rm.enc}{C:/Program Files/MiKTeX 2.9/fonts/enc/dvips/lm/lm-ma
thex.enc}{C:/Program Files/MiKTeX 2.9/fonts/enc/dvips/lm/lm-ts1.enc}<C:/Program
 Files/MiKTeX 2.9/fonts/type1/public/amsfonts/cm/cmr10.pfb><C:/Program Files/Mi
KTeX 2.9/fonts/type1/public/amsfonts/cm/cmss10.pfb><C:/Program Files/MiKTeX 2.9
/fonts/type1/public/amsfonts/cm/cmti10.pfb><C:/Program Files/MiKTeX 2.9/fonts/t
ype1/public/lm/lmbx10.pfb><C:/Program Files/MiKTeX 2.9/fonts/type1/public/lm/lm
bx12.pfb><C:/Program Files/MiKTeX 2.9/fonts/type1/public/lm/lmbx9.pfb><C:/Progr
am Files/MiKTeX 2.9/fonts/type1/public/lm/lmex10.pfb><C:/Program Files/MiKTeX 2
.9/fonts/type1/public/lm/lmmi10.pfb><C:/Program Files/MiKTeX 2.9/fonts/type1/pu
blic/lm/lmmi6.pfb><C:/Program Files/MiKTeX 2.9/fonts/type1/public/lm/lmmi7.pfb>
<C:/Program Files/MiKTeX 2.9/fonts/type1/public/lm/lmmi8.pfb><C:/Program Files/
MiKTeX 2.9/fonts/type1/public/lm/lmr10.pfb><C:/Program Files/MiKTeX 2.9/fonts/t
ype1/public/lm/lmr12.pfb><C:/Program Files/MiKTeX 2.9/fonts/type1/public/lm/lmr
17.pfb><C:/Program Files/MiKTeX 2.9/fonts/type1/public/lm/lmr5.pfb><C:/Program 
Files/MiKTeX 2.9/fonts/type1/public/lm/lmr6.pfb><C:/Program Files/MiKTeX 2.9/fo
nts/type1/public/lm/lmr7.pfb><C:/Program Files/MiKTeX 2.9/fonts/type1/public/lm
/lmr8.pfb><C:/Program Files/MiKTeX 2.9/fonts/type1/public/lm/lmr9.pfb><C:/Progr
am Files/MiKTeX 2.9/fonts/type1/public/lm/lmri10.pfb><C:/Program Files/MiKTeX 2
.9/fonts/type1/public/lm/lmri9.pfb><C:/Program Files/MiKTeX 2.9/fonts/type1/pub
lic/lm/lmsy10.pfb><C:/Program Files/MiKTeX 2.9/fonts/type1/public/lm/lmsy6.pfb>
<C:/Program Files/MiKTeX 2.9/fonts/type1/public/lm/lmsy7.pfb><C:/Program Files/
MiKTeX 2.9/fonts/type1/public/lm/lmsy8.pfb><C:/Program Files/MiKTeX 2.9/fonts/t
ype1/public/amsfonts/symbols/msam10.pfb>
Output written on hardware_for_general_intelligence.pdf (67 pages, 1315326 byte
s).
PDF statistics:
 434 PDF objects out of 1000 (max. 8388607)
 0 named destinations out of 1000 (max. 500000)
 11 words of extra memory for PDF output out of 10000 (max. 10000000)

