This is pdfTeX, Version 3.1415926-2.4-1.40.13 (MiKTeX 2.9 64-bit) (preloaded format=pdflatex 2013.3.13)  27 JUN 2019 12:46
entering extended mode
**fluxonic_processing_of_photonic_synapse_events-ad.tex

(C:\Users\jms4\Documents\GitHub\light_in_neural_systems\jstqe__fluxonic_process
ing\fluxonic_processing_of_photonic_synapse_events-ad.tex
LaTeX2e <2011/06/27>
Babel <v3.8m> and hyphenation patterns for english, afrikaans, ancientgreek, ar
abic, armenian, assamese, basque, bengali, bokmal, bulgarian, catalan, coptic, 
croatian, czech, danish, dutch, esperanto, estonian, farsi, finnish, french, ga
lician, german, german-x-2012-05-30, greek, gujarati, hindi, hungarian, iceland
ic, indonesian, interlingua, irish, italian, kannada, kurmanji, latin, latvian,
 lithuanian, malayalam, marathi, mongolian, mongolianlmc, monogreek, ngerman, n
german-x-2012-05-30, nynorsk, oriya, panjabi, pinyin, polish, portuguese, roman
ian, russian, sanskrit, serbian, slovak, slovenian, spanish, swedish, swissgerm
an, tamil, telugu, turkish, turkmen, ukenglish, ukrainian, uppersorbian, usengl
ishmax, welsh, loaded.
("C:\Program Files\MiKTeX 2.9\tex\latex\base\article.cls"
Document Class: article 2007/10/19 v1.4h Standard LaTeX document class
("C:\Program Files\MiKTeX 2.9\tex\latex\base\size10.clo"
File: size10.clo 2007/10/19 v1.4h Standard LaTeX file (size option)
)
\c@part=\count79
\c@section=\count80
\c@subsection=\count81
\c@subsubsection=\count82
\c@paragraph=\count83
\c@subparagraph=\count84
\c@figure=\count85
\c@table=\count86
\abovecaptionskip=\skip41
\belowcaptionskip=\skip42
\bibindent=\dimen102
)
("C:\Program Files\MiKTeX 2.9\tex\latex\geometry\geometry.sty"
Package: geometry 2010/09/12 v5.6 Page Geometry

("C:\Program Files\MiKTeX 2.9\tex\latex\graphics\keyval.sty"
Package: keyval 1999/03/16 v1.13 key=value parser (DPC)
\KV@toks@=\toks14
)
("C:\Program Files\MiKTeX 2.9\tex\generic\oberdiek\ifpdf.sty"
Package: ifpdf 2011/01/30 v2.3 Provides the ifpdf switch (HO)
Package ifpdf Info: pdfTeX in PDF mode is detected.
)
("C:\Program Files\MiKTeX 2.9\tex\generic\oberdiek\ifvtex.sty"
Package: ifvtex 2010/03/01 v1.5 Detect VTeX and its facilities (HO)
Package ifvtex Info: VTeX not detected.
)
("C:\Program Files\MiKTeX 2.9\tex\generic\ifxetex\ifxetex.sty"
Package: ifxetex 2010/09/12 v0.6 Provides ifxetex conditional
)
\Gm@cnth=\count87
\Gm@cntv=\count88
\c@Gm@tempcnt=\count89
\Gm@bindingoffset=\dimen103
\Gm@wd@mp=\dimen104
\Gm@odd@mp=\dimen105
\Gm@even@mp=\dimen106
\Gm@layoutwidth=\dimen107
\Gm@layoutheight=\dimen108
\Gm@layouthoffset=\dimen109
\Gm@layoutvoffset=\dimen110
\Gm@dimlist=\toks15

("C:\Program Files\MiKTeX 2.9\tex\latex\geometry\geometry.cfg"))
("C:\Program Files\MiKTeX 2.9\tex\latex\graphics\color.sty"
Package: color 2005/11/14 v1.0j Standard LaTeX Color (DPC)

("C:\Program Files\MiKTeX 2.9\tex\latex\00miktex\color.cfg"
File: color.cfg 2007/01/18 v1.5 color configuration of teTeX/TeXLive
)
Package color Info: Driver file: pdftex.def on input line 130.

("C:\Program Files\MiKTeX 2.9\tex\latex\pdftex-def\pdftex.def"
File: pdftex.def 2011/05/27 v0.06d Graphics/color for pdfTeX

("C:\Program Files\MiKTeX 2.9\tex\generic\oberdiek\infwarerr.sty"
Package: infwarerr 2010/04/08 v1.3 Providing info/warning/error messages (HO)
)
("C:\Program Files\MiKTeX 2.9\tex\generic\oberdiek\ltxcmds.sty"
Package: ltxcmds 2011/11/09 v1.22 LaTeX kernel commands for general use (HO)
)
\Gread@gobject=\count90
))
(C:\Users\jms4\AppData\Roaming\MiKTeX\2.9\tex\latex\cite\cite.sty
LaTeX Info: Redefining \cite on input line 302.
LaTeX Info: Redefining \nocite on input line 373.
Package: cite 2010/09/10  v 5.3
)
(C:\Users\jms4\AppData\Roaming\MiKTeX\2.9\tex\latex\caption\caption.sty
Package: caption 2016/02/21 v3.3-144 Customizing captions (AR)

(C:\Users\jms4\AppData\Roaming\MiKTeX\2.9\tex\latex\caption\caption3.sty
Package: caption3 2016/05/22 v1.7-166 caption3 kernel (AR)
Package caption3 Info: TeX engine: e-TeX on input line 67.
\captionmargin=\dimen111
\captionmargin@=\dimen112
\captionwidth=\dimen113
\caption@tempdima=\dimen114
\caption@indent=\dimen115
\caption@parindent=\dimen116
\caption@hangindent=\dimen117
)
\c@ContinuedFloat=\count91
)
("C:\Program Files\MiKTeX 2.9\tex\latex\graphics\graphicx.sty"
Package: graphicx 1999/02/16 v1.0f Enhanced LaTeX Graphics (DPC,SPQR)

("C:\Program Files\MiKTeX 2.9\tex\latex\graphics\graphics.sty"
Package: graphics 2009/02/05 v1.0o Standard LaTeX Graphics (DPC,SPQR)

("C:\Program Files\MiKTeX 2.9\tex\latex\graphics\trig.sty"
Package: trig 1999/03/16 v1.09 sin cos tan (DPC)
)
("C:\Program Files\MiKTeX 2.9\tex\latex\00miktex\graphics.cfg"
File: graphics.cfg 2007/01/18 v1.5 graphics configuration of teTeX/TeXLive
)
Package graphics Info: Driver file: pdftex.def on input line 91.
)
\Gin@req@height=\dimen118
\Gin@req@width=\dimen119
)
("C:\Program Files\MiKTeX 2.9\tex\latex\amsmath\amsmath.sty"
Package: amsmath 2013/01/14 v2.14 AMS math features
\@mathmargin=\skip43

For additional information on amsmath, use the `?' option.
("C:\Program Files\MiKTeX 2.9\tex\latex\amsmath\amstext.sty"
Package: amstext 2000/06/29 v2.01

("C:\Program Files\MiKTeX 2.9\tex\latex\amsmath\amsgen.sty"
File: amsgen.sty 1999/11/30 v2.0
\@emptytoks=\toks16
\ex@=\dimen120
))
("C:\Program Files\MiKTeX 2.9\tex\latex\amsmath\amsbsy.sty"
Package: amsbsy 1999/11/29 v1.2d
\pmbraise@=\dimen121
)
("C:\Program Files\MiKTeX 2.9\tex\latex\amsmath\amsopn.sty"
Package: amsopn 1999/12/14 v2.01 operator names
)
\inf@bad=\count92
LaTeX Info: Redefining \frac on input line 210.
\uproot@=\count93
\leftroot@=\count94
LaTeX Info: Redefining \overline on input line 306.
\classnum@=\count95
\DOTSCASE@=\count96
LaTeX Info: Redefining \ldots on input line 378.
LaTeX Info: Redefining \dots on input line 381.
LaTeX Info: Redefining \cdots on input line 466.
\Mathstrutbox@=\box26
\strutbox@=\box27
\big@size=\dimen122
LaTeX Font Info:    Redeclaring font encoding OML on input line 566.
LaTeX Font Info:    Redeclaring font encoding OMS on input line 567.
\macc@depth=\count97
\c@MaxMatrixCols=\count98
\dotsspace@=\muskip10
\c@parentequation=\count99
\dspbrk@lvl=\count100
\tag@help=\toks17
\row@=\count101
\column@=\count102
\maxfields@=\count103
\andhelp@=\toks18
\eqnshift@=\dimen123
\alignsep@=\dimen124
\tagshift@=\dimen125
\tagwidth@=\dimen126
\totwidth@=\dimen127
\lineht@=\dimen128
\@envbody=\toks19
\multlinegap=\skip44
\multlinetaggap=\skip45
\mathdisplay@stack=\toks20
LaTeX Info: Redefining \[ on input line 2665.
LaTeX Info: Redefining \] on input line 2666.
)
("C:\Program Files\MiKTeX 2.9\tex\latex\amsfonts\amssymb.sty"
Package: amssymb 2013/01/14 v3.01 AMS font symbols

("C:\Program Files\MiKTeX 2.9\tex\latex\amsfonts\amsfonts.sty"
Package: amsfonts 2013/01/14 v3.01 Basic AMSFonts support
\symAMSa=\mathgroup4
\symAMSb=\mathgroup5
LaTeX Font Info:    Overwriting math alphabet `\mathfrak' in version `bold'
(Font)                  U/euf/m/n --> U/euf/b/n on input line 106.
))
("C:\Program Files\MiKTeX 2.9\tex\latex\base\textcomp.sty"
Package: textcomp 2005/09/27 v1.99g Standard LaTeX package
Package textcomp Info: Sub-encoding information:
(textcomp)               5 = only ISO-Adobe without \textcurrency
(textcomp)               4 = 5 + \texteuro
(textcomp)               3 = 4 + \textohm
(textcomp)               2 = 3 + \textestimated + \textcurrency
(textcomp)               1 = TS1 - \textcircled - \t
(textcomp)               0 = TS1 (full)
(textcomp)             Font families with sub-encoding setting implement
(textcomp)             only a restricted character set as indicated.
(textcomp)             Family '?' is the default used for unknown fonts.
(textcomp)             See the documentation for details.
Package textcomp Info: Setting ? sub-encoding to TS1/1 on input line 71.

("C:\Program Files\MiKTeX 2.9\tex\latex\base\ts1enc.def"
File: ts1enc.def 2001/06/05 v3.0e (jk/car/fm) Standard LaTeX file
)
LaTeX Info: Redefining \oldstylenums on input line 266.
Package textcomp Info: Setting cmr sub-encoding to TS1/0 on input line 281.
Package textcomp Info: Setting cmss sub-encoding to TS1/0 on input line 282.
Package textcomp Info: Setting cmtt sub-encoding to TS1/0 on input line 283.
Package textcomp Info: Setting cmvtt sub-encoding to TS1/0 on input line 284.
Package textcomp Info: Setting cmbr sub-encoding to TS1/0 on input line 285.
Package textcomp Info: Setting cmtl sub-encoding to TS1/0 on input line 286.
Package textcomp Info: Setting ccr sub-encoding to TS1/0 on input line 287.
Package textcomp Info: Setting ptm sub-encoding to TS1/4 on input line 288.
Package textcomp Info: Setting pcr sub-encoding to TS1/4 on input line 289.
Package textcomp Info: Setting phv sub-encoding to TS1/4 on input line 290.
Package textcomp Info: Setting ppl sub-encoding to TS1/3 on input line 291.
Package textcomp Info: Setting pag sub-encoding to TS1/4 on input line 292.
Package textcomp Info: Setting pbk sub-encoding to TS1/4 on input line 293.
Package textcomp Info: Setting pnc sub-encoding to TS1/4 on input line 294.
Package textcomp Info: Setting pzc sub-encoding to TS1/4 on input line 295.
Package textcomp Info: Setting bch sub-encoding to TS1/4 on input line 296.
Package textcomp Info: Setting put sub-encoding to TS1/5 on input line 297.
Package textcomp Info: Setting uag sub-encoding to TS1/5 on input line 298.
Package textcomp Info: Setting ugq sub-encoding to TS1/5 on input line 299.
Package textcomp Info: Setting ul8 sub-encoding to TS1/4 on input line 300.
Package textcomp Info: Setting ul9 sub-encoding to TS1/4 on input line 301.
Package textcomp Info: Setting augie sub-encoding to TS1/5 on input line 302.
Package textcomp Info: Setting dayrom sub-encoding to TS1/3 on input line 303.
Package textcomp Info: Setting dayroms sub-encoding to TS1/3 on input line 304.

Package textcomp Info: Setting pxr sub-encoding to TS1/0 on input line 305.
Package textcomp Info: Setting pxss sub-encoding to TS1/0 on input line 306.
Package textcomp Info: Setting pxtt sub-encoding to TS1/0 on input line 307.
Package textcomp Info: Setting txr sub-encoding to TS1/0 on input line 308.
Package textcomp Info: Setting txss sub-encoding to TS1/0 on input line 309.
Package textcomp Info: Setting txtt sub-encoding to TS1/0 on input line 310.
Package textcomp Info: Setting lmr sub-encoding to TS1/0 on input line 311.
Package textcomp Info: Setting lmdh sub-encoding to TS1/0 on input line 312.
Package textcomp Info: Setting lmss sub-encoding to TS1/0 on input line 313.
Package textcomp Info: Setting lmssq sub-encoding to TS1/0 on input line 314.
Package textcomp Info: Setting lmvtt sub-encoding to TS1/0 on input line 315.
Package textcomp Info: Setting qhv sub-encoding to TS1/0 on input line 316.
Package textcomp Info: Setting qag sub-encoding to TS1/0 on input line 317.
Package textcomp Info: Setting qbk sub-encoding to TS1/0 on input line 318.
Package textcomp Info: Setting qcr sub-encoding to TS1/0 on input line 319.
Package textcomp Info: Setting qcs sub-encoding to TS1/0 on input line 320.
Package textcomp Info: Setting qpl sub-encoding to TS1/0 on input line 321.
Package textcomp Info: Setting qtm sub-encoding to TS1/0 on input line 322.
Package textcomp Info: Setting qzc sub-encoding to TS1/0 on input line 323.
Package textcomp Info: Setting qhvc sub-encoding to TS1/0 on input line 324.
Package textcomp Info: Setting futs sub-encoding to TS1/4 on input line 325.
Package textcomp Info: Setting futx sub-encoding to TS1/4 on input line 326.
Package textcomp Info: Setting futj sub-encoding to TS1/4 on input line 327.
Package textcomp Info: Setting hlh sub-encoding to TS1/3 on input line 328.
Package textcomp Info: Setting hls sub-encoding to TS1/3 on input line 329.
Package textcomp Info: Setting hlst sub-encoding to TS1/3 on input line 330.
Package textcomp Info: Setting hlct sub-encoding to TS1/5 on input line 331.
Package textcomp Info: Setting hlx sub-encoding to TS1/5 on input line 332.
Package textcomp Info: Setting hlce sub-encoding to TS1/5 on input line 333.
Package textcomp Info: Setting hlcn sub-encoding to TS1/5 on input line 334.
Package textcomp Info: Setting hlcw sub-encoding to TS1/5 on input line 335.
Package textcomp Info: Setting hlcf sub-encoding to TS1/5 on input line 336.
Package textcomp Info: Setting pplx sub-encoding to TS1/3 on input line 337.
Package textcomp Info: Setting pplj sub-encoding to TS1/3 on input line 338.
Package textcomp Info: Setting ptmx sub-encoding to TS1/4 on input line 339.
Package textcomp Info: Setting ptmj sub-encoding to TS1/4 on input line 340.
)
("C:\Program Files\MiKTeX 2.9\tex\latex\lm\lmodern.sty"
Package: lmodern 2009/10/30 v1.6 Latin Modern Fonts
LaTeX Font Info:    Overwriting symbol font `operators' in version `normal'
(Font)                  OT1/cmr/m/n --> OT1/lmr/m/n on input line 22.
LaTeX Font Info:    Overwriting symbol font `letters' in version `normal'
(Font)                  OML/cmm/m/it --> OML/lmm/m/it on input line 23.
LaTeX Font Info:    Overwriting symbol font `symbols' in version `normal'
(Font)                  OMS/cmsy/m/n --> OMS/lmsy/m/n on input line 24.
LaTeX Font Info:    Overwriting symbol font `largesymbols' in version `normal'
(Font)                  OMX/cmex/m/n --> OMX/lmex/m/n on input line 25.
LaTeX Font Info:    Overwriting symbol font `operators' in version `bold'
(Font)                  OT1/cmr/bx/n --> OT1/lmr/bx/n on input line 26.
LaTeX Font Info:    Overwriting symbol font `letters' in version `bold'
(Font)                  OML/cmm/b/it --> OML/lmm/b/it on input line 27.
LaTeX Font Info:    Overwriting symbol font `symbols' in version `bold'
(Font)                  OMS/cmsy/b/n --> OMS/lmsy/b/n on input line 28.
LaTeX Font Info:    Overwriting symbol font `largesymbols' in version `bold'
(Font)                  OMX/cmex/m/n --> OMX/lmex/m/n on input line 29.
LaTeX Font Info:    Overwriting math alphabet `\mathbf' in version `normal'
(Font)                  OT1/cmr/bx/n --> OT1/lmr/bx/n on input line 31.
LaTeX Font Info:    Overwriting math alphabet `\mathsf' in version `normal'
(Font)                  OT1/cmss/m/n --> OT1/lmss/m/n on input line 32.
LaTeX Font Info:    Overwriting math alphabet `\mathit' in version `normal'
(Font)                  OT1/cmr/m/it --> OT1/lmr/m/it on input line 33.
LaTeX Font Info:    Overwriting math alphabet `\mathtt' in version `normal'
(Font)                  OT1/cmtt/m/n --> OT1/lmtt/m/n on input line 34.
LaTeX Font Info:    Overwriting math alphabet `\mathbf' in version `bold'
(Font)                  OT1/cmr/bx/n --> OT1/lmr/bx/n on input line 35.
LaTeX Font Info:    Overwriting math alphabet `\mathsf' in version `bold'
(Font)                  OT1/cmss/bx/n --> OT1/lmss/bx/n on input line 36.
LaTeX Font Info:    Overwriting math alphabet `\mathit' in version `bold'
(Font)                  OT1/cmr/bx/it --> OT1/lmr/bx/it on input line 37.
LaTeX Font Info:    Overwriting math alphabet `\mathtt' in version `bold'
(Font)                  OT1/cmtt/m/n --> OT1/lmtt/m/n on input line 38.
)
(C:\Users\jms4\AppData\Roaming\MiKTeX\2.9\tex\latex\preprint\authblk.sty
Package: authblk 2001/02/27 1.3 (PWD)
\affilsep=\skip46
\@affilsep=\skip47
\c@Maxaffil=\count104
\c@authors=\count105
\c@affil=\count106
)
(C:\Users\jms4\AppData\Roaming\MiKTeX\2.9\tex\latex\wrapfig\wrapfig.sty
\wrapoverhang=\dimen129
\WF@size=\dimen130
\c@WF@wrappedlines=\count107
\WF@box=\box28
\WF@everypar=\toks21
Package: wrapfig 2003/01/31  v 3.6
)
(C:\Users\jms4\Documents\GitHub\light_in_neural_systems\jstqe__fluxonic_process
ing\fluxonic_processing_of_photonic_synapse_events-ad.aux)
LaTeX Font Info:    Checking defaults for OML/cmm/m/it on input line 23.
LaTeX Font Info:    ... okay on input line 23.
LaTeX Font Info:    Checking defaults for T1/cmr/m/n on input line 23.
LaTeX Font Info:    ... okay on input line 23.
LaTeX Font Info:    Checking defaults for OT1/cmr/m/n on input line 23.
LaTeX Font Info:    ... okay on input line 23.
LaTeX Font Info:    Checking defaults for OMS/cmsy/m/n on input line 23.
LaTeX Font Info:    ... okay on input line 23.
LaTeX Font Info:    Checking defaults for OMX/cmex/m/n on input line 23.
LaTeX Font Info:    ... okay on input line 23.
LaTeX Font Info:    Checking defaults for U/cmr/m/n on input line 23.
LaTeX Font Info:    ... okay on input line 23.
LaTeX Font Info:    Checking defaults for TS1/cmr/m/n on input line 23.
LaTeX Font Info:    Try loading font information for TS1+cmr on input line 23.

("C:\Program Files\MiKTeX 2.9\tex\latex\base\ts1cmr.fd"
File: ts1cmr.fd 1999/05/25 v2.5h Standard LaTeX font definitions
)
LaTeX Font Info:    ... okay on input line 23.
LaTeX Font Info:    Try loading font information for OT1+lmr on input line 23.

("C:\Program Files\MiKTeX 2.9\tex\latex\lm\ot1lmr.fd"
File: ot1lmr.fd 2009/10/30 v1.6 Font defs for Latin Modern
)
*geometry* driver: auto-detecting
*geometry* detected driver: pdftex
*geometry* verbose mode - [ preamble ] result:
* driver: pdftex
* paper: <default>
* layout: <same size as paper>
* layoutoffset:(h,v)=(0.0pt,0.0pt)
* modes: 
* h-part:(L,W,R)=(51.0727pt, 512.1496pt, 51.07271pt)
* v-part:(T,H,B)=(44.84152pt, 682.86613pt, 67.26233pt)
* \paperwidth=614.295pt
* \paperheight=794.96999pt
* \textwidth=512.1496pt
* \textheight=682.86613pt
* \oddsidemargin=-21.1973pt
* \evensidemargin=-21.1973pt
* \topmargin=-64.42847pt
* \headheight=12.0pt
* \headsep=25.0pt
* \topskip=10.0pt
* \footskip=30.0pt
* \marginparwidth=4.0pt
* \marginparsep=10.0pt
* \columnsep=10.0pt
* \skip\footins=9.0pt plus 4.0pt minus 2.0pt
* \hoffset=0.0pt
* \voffset=0.0pt
* \mag=1000
* \@twocolumntrue
* \@twosidefalse
* \@mparswitchfalse
* \@reversemarginfalse
* (1in=72.27pt=25.4mm, 1cm=28.453pt)

(C:\Users\jms4\AppData\Roaming\MiKTeX\2.9\tex\context\base\supp-pdf.mkii
[Loading MPS to PDF converter (version 2006.09.02).]
\scratchcounter=\count108
\scratchdimen=\dimen131
\scratchbox=\box29
\nofMPsegments=\count109
\nofMParguments=\count110
\everyMPshowfont=\toks22
\MPscratchCnt=\count111
\MPscratchDim=\dimen132
\MPnumerator=\count112
\makeMPintoPDFobject=\count113
\everyMPtoPDFconversion=\toks23
)
Package caption Info: Begin \AtBeginDocument code.
Package caption Info: wrapfig package is loaded.
Package caption Info: End \AtBeginDocument code.
LaTeX Font Info:    Try loading font information for OML+lmm on input line 49.
 ("C:\Program Files\MiKTeX 2.9\tex\latex\lm\omllmm.fd"
File: omllmm.fd 2009/10/30 v1.6 Font defs for Latin Modern
)
LaTeX Font Info:    Try loading font information for OMS+lmsy on input line 49.


("C:\Program Files\MiKTeX 2.9\tex\latex\lm\omslmsy.fd"
File: omslmsy.fd 2009/10/30 v1.6 Font defs for Latin Modern
)
LaTeX Font Info:    Try loading font information for OMX+lmex on input line 49.


("C:\Program Files\MiKTeX 2.9\tex\latex\lm\omxlmex.fd"
File: omxlmex.fd 2009/10/30 v1.6 Font defs for Latin Modern
)
LaTeX Font Info:    External font `lmex10' loaded for size
(Font)              <10> on input line 49.
LaTeX Font Info:    External font `lmex10' loaded for size
(Font)              <7> on input line 49.
LaTeX Font Info:    External font `lmex10' loaded for size
(Font)              <5> on input line 49.
LaTeX Font Info:    Try loading font information for U+msa on input line 49.

("C:\Program Files\MiKTeX 2.9\tex\latex\amsfonts\umsa.fd"
File: umsa.fd 2013/01/14 v3.01 AMS symbols A
)
LaTeX Font Info:    Try loading font information for U+msb on input line 49.

("C:\Program Files\MiKTeX 2.9\tex\latex\amsfonts\umsb.fd"
File: umsb.fd 2013/01/14 v3.01 AMS symbols B
)
Underfull \vbox (badness 1142) has occurred while \output is active []



pdfTeX warning: pdflatex (file C:/Users/jms4/Documents/GitHub/light_in_neural_s
ystems/jstqe__fluxonic_processing/_01__schematic.pdf): PDF inclusion: found PDF
 version <1.7>, but at most version <1.5> allowed
<_01__schematic.pdf, id=1, 244.69318pt x 175.9905pt>
File: _01__schematic.pdf Graphic file (type pdf)
 <use _01__schematic.pdf>
Package pdftex.def Info: _01__schematic.pdf used on input line 54.
(pdftex.def)             Requested size: 244.69386pt x 175.99272pt.
LaTeX Font Info:    Try loading font information for OT1+lmss on input line 55.


("C:\Program Files\MiKTeX 2.9\tex\latex\lm\ot1lmss.fd"
File: ot1lmss.fd 2009/10/30 v1.6 Font defs for Latin Modern
)
Underfull \vbox (badness 1127) has occurred while \output is active []

 [1{C:/Users/jms4/AppData/Local/MiKTeX/2.9/pdftex/config/pdftex.map}


]
Underfull \vbox (badness 4752) has occurred while \output is active []

 [2 <C:/Users/jms4/Documents/GitHub/light_in_neural_systems/jstqe__fluxonic_pro
cessing/_01__schematic.pdf>]

pdfTeX warning: pdflatex (file C:/Users/jms4/Documents/GitHub/light_in_neural_s
ystems/jstqe__fluxonic_processing/_02__circuits.pdf): PDF inclusion: found PDF 
version <1.7>, but at most version <1.5> allowed
<_02__circuits.pdf, id=54, 244.69318pt x 399.3359pt>
File: _02__circuits.pdf Graphic file (type pdf)
 <use _02__circuits.pdf>
Package pdftex.def Info: _02__circuits.pdf used on input line 68.
(pdftex.def)             Requested size: 244.69386pt x 399.341pt.


LaTeX Warning: Float too large for page by 2.47487pt on input line 70.


Underfull \hbox (badness 8075) in paragraph at lines 73--73
[][]\OT1/lmr/bx/n/14.4 Photon-to-fluxon trans-duc-tion
 []

LaTeX Font Info:    Try loading font information for TS1+lmr on input line 74.
("C:\Program Files\MiKTeX 2.9\tex\latex\lm\ts1lmr.fd"
File: ts1lmr.fd 2009/10/30 v1.6 Font defs for Latin Modern
) [3 <C:/Users/jms4/Documents/GitHub/light_in_neural_systems/jstqe__fluxonic_pr
ocessing/_02__circuits.pdf>]

pdfTeX warning: pdflatex (file C:/Users/jms4/Documents/GitHub/light_in_neural_s
ystems/jstqe__fluxonic_processing/_03__sffg_basic.pdf): PDF inclusion: found PD
F version <1.7>, but at most version <1.5> allowed
<_03__sffg_basic.pdf, id=119, 244.69417pt x 283.05649pt>
File: _03__sffg_basic.pdf Graphic file (type pdf)

<use _03__sffg_basic.pdf>
Package pdftex.def Info: _03__sffg_basic.pdf used on input line 77.
(pdftex.def)             Requested size: 244.69386pt x 283.0601pt.

Underfull \vbox (badness 6078) has occurred while \output is active []

 [4 <C:/Users/jms4/Documents/GitHub/light_in_neural_systems/jstqe__fluxonic_pro
cessing/_03__sffg_basic.pdf>]

pdfTeX warning: pdflatex (file C:/Users/jms4/Documents/GitHub/light_in_neural_s
ystems/jstqe__fluxonic_processing/_04__sffg_betaL_tauSi.pdf): PDF inclusion: fo
und PDF version <1.7>, but at most version <1.5> allowed
<_04__sffg_betaL_tauSi.pdf, id=167, 244.69417pt x 200.75pt>
File: _04__sffg_betaL_tauSi.pdf Graphic file (type pdf)

<use _04__sffg_betaL_tauSi.pdf>
Package pdftex.def Info: _04__sffg_betaL_tauSi.pdf used on input line 89.
(pdftex.def)             Requested size: 244.69386pt x 200.75255pt.


pdfTeX warning: pdflatex (file C:/Users/jms4/Documents/GitHub/light_in_neural_s
ystems/jstqe__fluxonic_processing/_05__sffg_rate_conversion.pdf): PDF inclusion
: found PDF version <1.7>, but at most version <1.5> allowed
<_05__sffg_rate_conversion.pdf, id=168, 244.69417pt x 299.74785pt>
File: _05__sffg_rate_conversion.pdf Graphic file (type pdf)

<use _05__sffg_rate_conversion.pdf>
Package pdftex.def Info: _05__sffg_rate_conversion.pdf used on input line 98.
(pdftex.def)             Requested size: 244.69386pt x 299.75166pt.
 [5 <C:/Users/jms4/Documents/GitHub/light_in_neural_systems/jstqe__fluxonic_pro
cessing/_04__sffg_betaL_tauSi.pdf>]
Underfull \vbox (badness 2343) has occurred while \output is active []

 [6 <C:/Users/jms4/Documents/GitHub/light_in_neural_systems/jstqe__fluxonic_pro
cessing/_05__sffg_rate_conversion.pdf>]

pdfTeX warning: pdflatex (file C:/Users/jms4/Documents/GitHub/light_in_neural_s
ystems/jstqe__fluxonic_processing/_06__si_di_facilitating.pdf): PDF inclusion: 
found PDF version <1.7>, but at most version <1.5> allowed
<_06__si_di_facilitating.pdf, id=266, 244.69318pt x 321.70187pt>
File: _06__si_di_facilitating.pdf Graphic file (type pdf)

<use _06__si_di_facilitating.pdf>
Package pdftex.def Info: _06__si_di_facilitating.pdf used on input line 117.
(pdftex.def)             Requested size: 244.69386pt x 321.70598pt.

Underfull \vbox (badness 2837) has occurred while \output is active []

 [7 <C:/Users/jms4/Documents/GitHub/light_in_neural_systems/jstqe__fluxonic_pro
cessing/_06__si_di_facilitating.pdf>]

pdfTeX warning: pdflatex (file C:/Users/jms4/Documents/GitHub/light_in_neural_s
ystems/jstqe__fluxonic_processing/_07__si_dcsfq_depressing.pdf): PDF inclusion:
 found PDF version <1.7>, but at most version <1.5> allowed
<_07__si_dcsfq_depressing.pdf, id=339, 244.69318pt x 404.49017pt>
File: _07__si_dcsfq_depressing.pdf Graphic file (type pdf)

<use _07__si_dcsfq_depressing.pdf>
Package pdftex.def Info: _07__si_dcsfq_depressing.pdf used on input line 123.
(pdftex.def)             Requested size: 244.69386pt x 404.49533pt.

Underfull \vbox (badness 10000) has occurred while \output is active []

 [8 <C:/Users/jms4/Documents/GitHub/light_in_neural_systems/jstqe__fluxonic_pro
cessing/_07__si_dcsfq_depressing.pdf>]

pdfTeX warning: pdflatex (file C:/Users/jms4/Documents/GitHub/light_in_neural_s
ystems/jstqe__fluxonic_processing/_08__poly_si_di.pdf): PDF inclusion: found PD
F version <1.7>, but at most version <1.5> allowed
<_08__poly_si_di.pdf, id=393, 244.69318pt x 432.282pt>
File: _08__poly_si_di.pdf Graphic file (type pdf)

<use _08__poly_si_di.pdf>
Package pdftex.def Info: _08__poly_si_di.pdf used on input line 134.
(pdftex.def)             Requested size: 244.69386pt x 432.28752pt.

Underfull \vbox (badness 3547) has occurred while \output is active []

 [9 <C:/Users/jms4/Documents/GitHub/light_in_neural_systems/jstqe__fluxonic_pro
cessing/_08__poly_si_di.pdf>]

pdfTeX warning: pdflatex (file C:/Users/jms4/Documents/GitHub/light_in_neural_s
ystems/jstqe__fluxonic_processing/_09__si_di_inhibition.pdf): PDF inclusion: fo
und PDF version <1.7>, but at most version <1.5> allowed
<_09__si_di_inhibition.pdf, id=444, 244.69318pt x 183.01674pt>
File: _09__si_di_inhibition.pdf Graphic file (type pdf)

<use _09__si_di_inhibition.pdf>
Package pdftex.def Info: _09__si_di_inhibition.pdf used on input line 150.
(pdftex.def)             Requested size: 244.69386pt x 183.01907pt.
 [10 <C:/Users/jms4/Documents/GitHub/light_in_neural_systems/jstqe__fluxonic_pr
ocessing/_09__si_di_inhibition.pdf>]

pdfTeX warning: pdflatex (file C:/Users/jms4/Documents/GitHub/light_in_neural_s
ystems/jstqe__fluxonic_processing/_10__si_di_rapid_query.pdf): PDF inclusion: f
ound PDF version <1.7>, but at most version <1.5> allowed
<_10__si_di_rapid_query.pdf, id=490, 244.69318pt x 350.81062pt>
File: _10__si_di_rapid_query.pdf Graphic file (type pdf)

<use _10__si_di_rapid_query.pdf>
Package pdftex.def Info: _10__si_di_rapid_query.pdf used on input line 158.
(pdftex.def)             Requested size: 244.69386pt x 350.8151pt.

Underfull \vbox (badness 3323) has occurred while \output is active []

 [11 <C:/Users/jms4/Documents/GitHub/light_in_neural_systems/jstqe__fluxonic_pr
ocessing/_10__si_di_rapid_query.pdf>]

pdfTeX warning: pdflatex (file C:/Users/jms4/Documents/GitHub/light_in_neural_s
ystems/jstqe__fluxonic_processing/_11__power_law_time_decay.pdf): PDF inclusion
: found PDF version <1.7>, but at most version <1.5> allowed
<_11__power_law_time_decay.pdf, id=530, 244.69318pt x 421.575pt>
File: _11__power_law_time_decay.pdf Graphic file (type pdf)

<use _11__power_law_time_decay.pdf>
Package pdftex.def Info: _11__power_law_time_decay.pdf used on input line 173.
(pdftex.def)             Requested size: 244.69386pt x 421.58038pt.

Underfull \vbox (badness 1838) has occurred while \output is active []

 [12 <C:/Users/jms4/Documents/GitHub/light_in_neural_systems/jstqe__fluxonic_pr
ocessing/_11__power_law_time_decay.pdf>]
Underfull \vbox (badness 10000) has occurred while \output is active []

 [13]
(C:\Users\jms4\Documents\GitHub\light_in_neural_systems\jstqe__fluxonic_process
ing\fluxonic_processing_of_photonic_synapse_events-ad.bbl [14]
Underfull \hbox (badness 1112) in paragraph at lines 130--135
[]\OT1/lmr/m/n/10 K. Segall, M. LeGro, S. Ka-plan, O. Svi-tel-skiy,
 []

[15]
Underfull \hbox (badness 2617) in paragraph at lines 218--222
\OT1/lmr/m/n/10 heb-bian learn-ing through spike-timing-dependent
 []


Underfull \hbox (badness 1874) in paragraph at lines 224--227
[]\OT1/lmr/m/n/10 H. Markram, W. Ger-st-ner, and P.J. Sjostrom.
 []


Underfull \hbox (badness 10000) in paragraph at lines 244--248
[]\OT1/lmr/m/n/10 K.K. Likharev and V.K. Se-menov.  Rsfq
 []


Underfull \hbox (badness 1917) in paragraph at lines 244--248
\OT1/lmr/m/n/10 logic/memory fam-ily: a new josephson-junction
 []

)

pdfTeX warning: pdflatex (file C:/Users/jms4/Documents/GitHub/light_in_neural_s
ystems/jstqe__fluxonic_processing/_12_shainline.pdf): PDF inclusion: found PDF 
version <1.7>, but at most version <1.5> allowed
<_12_shainline.pdf, id=588, 72.27pt x 90.3375pt>
File: _12_shainline.pdf Graphic file (type pdf)
 <use _12_shainline.pdf>
Package pdftex.def Info: _12_shainline.pdf used on input line 206.
(pdftex.def)             Requested size: 72.2709pt x 90.33864pt.

Overfull \hbox (1.13902pt too wide) in paragraph at lines 206--207
[][] 
 []

[16 <C:/Users/jms4/Documents/GitHub/light_in_neural_systems/jstqe__fluxonic_pro
cessing/_12_shainline.pdf>]
(C:\Users\jms4\Documents\GitHub\light_in_neural_systems\jstqe__fluxonic_process
ing\fluxonic_processing_of_photonic_synapse_events-ad.aux)

LaTeX Warning: Label(s) may have changed. Rerun to get cross-references right.

 ) 
Here is how much of TeX's memory you used:
 4572 strings out of 493921
 68853 string characters out of 3147285
 130528 words of memory out of 3000000
 7779 multiletter control sequences out of 15000+200000
 54768 words of font info for 43 fonts, out of 3000000 for 9000
 841 hyphenation exceptions out of 8191
 36i,7n,39p,3003b,362s stack positions out of 5000i,500n,10000p,200000b,50000s
{C:/Program Files/MiKTeX 2.9/fonts/enc/dvips/lm/lm-rm.enc}{C:/Program Files/M
iKTeX 2.9/fonts/enc/dvips/lm/lm-mathsy.enc}{C:/Program Files/MiKTeX 2.9/fonts/e
nc/dvips/lm/lm-mathex.enc}{C:/Program Files/MiKTeX 2.9/fonts/enc/dvips/lm/lm-ts
1.enc}{C:/Program Files/MiKTeX 2.9/fonts/enc/dvips/lm/lm-mathit.enc}<C:/Program
 Files/MiKTeX 2.9/fonts/type1/public/amsfonts/cm/cmr12.pfb><C:/Program Files/Mi
KTeX 2.9/fonts/type1/public/amsfonts/cm/cmss10.pfb><C:/Program Files/MiKTeX 2.9
/fonts/type1/public/amsfonts/cm/cmti10.pfb><C:/Program Files/MiKTeX 2.9/fonts/t
ype1/public/amsfonts/cm/cmti12.pfb><C:/Program Files/MiKTeX 2.9/fonts/type1/pub
lic/lm/lmbx10.pfb><C:/Program Files/MiKTeX 2.9/fonts/type1/public/lm/lmbx12.pfb
><C:/Program Files/MiKTeX 2.9/fonts/type1/public/lm/lmbx9.pfb><C:/Program Files
/MiKTeX 2.9/fonts/type1/public/lm/lmex10.pfb><C:/Program Files/MiKTeX 2.9/fonts
/type1/public/lm/lmmi10.pfb><C:/Program Files/MiKTeX 2.9/fonts/type1/public/lm/
lmmi7.pfb><C:/Program Files/MiKTeX 2.9/fonts/type1/public/lm/lmr10.pfb><C:/Prog
ram Files/MiKTeX 2.9/fonts/type1/public/lm/lmr12.pfb><C:/Program Files/MiKTeX 2
.9/fonts/type1/public/lm/lmr17.pfb><C:/Program Files/MiKTeX 2.9/fonts/type1/pub
lic/lm/lmr5.pfb><C:/Program Files/MiKTeX 2.9/fonts/type1/public/lm/lmr7.pfb><C:
/Program Files/MiKTeX 2.9/fonts/type1/public/lm/lmr9.pfb><C:/Program Files/MiKT
eX 2.9/fonts/type1/public/lm/lmri10.pfb><C:/Program Files/MiKTeX 2.9/fonts/type
1/public/lm/lmri9.pfb><C:/Program Files/MiKTeX 2.9/fonts/type1/public/lm/lmss10
.pfb><C:/Program Files/MiKTeX 2.9/fonts/type1/public/lm/lmss8.pfb><C:/Program F
iles/MiKTeX 2.9/fonts/type1/public/lm/lmsy10.pfb><C:/Program Files/MiKTeX 2.9/f
onts/type1/public/lm/lmsy5.pfb><C:/Program Files/MiKTeX 2.9/fonts/type1/public/
lm/lmsy7.pfb>
Output written on fluxonic_processing_of_photonic_synapse_events-ad.pdf (16 pag
es, 5265606 bytes).
PDF statistics:
 692 PDF objects out of 1000 (max. 8388607)
 0 named destinations out of 1000 (max. 500000)
 67 words of extra memory for PDF output out of 10000 (max. 10000000)

